[ 2016-12-26T12:01:12+08:00 ] ::1 /NewWorld/FEBE-mysql/BackEnd/index.php/Home/Index/getNews
INFO: [ app_init ] --START--
INFO: Run Behavior\BuildLiteBehavior [ RunTime:0.000024s ]
INFO: [ app_init ] --END-- [ RunTime:0.041565s ]
INFO: [ app_begin ] --START--
INFO: Run Behavior\ReadHtmlCacheBehavior [ RunTime:0.010061s ]
INFO: [ app_begin ] --END-- [ RunTime:0.010153s ]
SQL: SHOW COLUMNS FROM `app_news` [ RunTime:0.0045s ]
SQL: SELECT * FROM `app_news` LIMIT 7   [ RunTime:0.0007s ]

[ 2016-12-26T12:01:12+08:00 ] ::1 /NewWorld/FEBE-mysql/BackEnd/index.php/Home/Music/getList?data=2
INFO: [ app_init ] --START--
INFO: Run Behavior\BuildLiteBehavior [ RunTime:0.000023s ]
INFO: [ app_init ] --END-- [ RunTime:0.042103s ]
INFO: [ app_begin ] --START--
INFO: Run Behavior\ReadHtmlCacheBehavior [ RunTime:0.010102s ]
INFO: [ app_begin ] --END-- [ RunTime:0.010206s ]
NOTIC: [8] Undefined variable: GET F:\xamp\htdocs\NewWorld\FEBE-mysql\BackEnd\Application\Home\Controller\MusicController.class.php 第 22 行.
SQL: SHOW COLUMNS FROM `app_music` [ RunTime:0.0214s ]
SQL: SELECT music.music_id,music.name FROM `app_music` `music`,`app_musicrclass` `mrc`,`app_class` `class` WHERE ( music.music_id=mrc.music_id and mrc.class_id=class.class_id and class.class_id=1 ) ORDER BY listeners LIMIT 10   [ RunTime:0.0042s ]

[ 2016-12-26T12:01:12+08:00 ] ::1 /NewWorld/FEBE-mysql/BackEnd/index.php/Home/Music/getList?data=0
INFO: [ app_init ] --START--
INFO: Run Behavior\BuildLiteBehavior [ RunTime:0.000017s ]
INFO: [ app_init ] --END-- [ RunTime:0.043158s ]
INFO: [ app_begin ] --START--
INFO: Run Behavior\ReadHtmlCacheBehavior [ RunTime:0.007610s ]
INFO: [ app_begin ] --END-- [ RunTime:0.007707s ]
NOTIC: [8] Undefined variable: GET F:\xamp\htdocs\NewWorld\FEBE-mysql\BackEnd\Application\Home\Controller\MusicController.class.php 第 22 行.
SQL: SHOW COLUMNS FROM `app_music` [ RunTime:0.0236s ]
SQL: SELECT music.music_id,music.name FROM `app_music` `music`,`app_musicrclass` `mrc`,`app_class` `class` WHERE ( music.music_id=mrc.music_id and mrc.class_id=class.class_id and class.class_id=1 ) ORDER BY listeners LIMIT 10   [ RunTime:0.0043s ]

[ 2016-12-26T12:01:12+08:00 ] ::1 /NewWorld/FEBE-mysql/BackEnd/index.php/Home/Music/getList?data=1
INFO: [ app_init ] --START--
INFO: Run Behavior\BuildLiteBehavior [ RunTime:0.000023s ]
INFO: [ app_init ] --END-- [ RunTime:0.042652s ]
INFO: [ app_begin ] --START--
INFO: Run Behavior\ReadHtmlCacheBehavior [ RunTime:0.012583s ]
INFO: [ app_begin ] --END-- [ RunTime:0.012659s ]
NOTIC: [8] Undefined variable: GET F:\xamp\htdocs\NewWorld\FEBE-mysql\BackEnd\Application\Home\Controller\MusicController.class.php 第 22 行.
SQL: SHOW COLUMNS FROM `app_music` [ RunTime:0.0330s ]
SQL: SELECT music.music_id,music.name FROM `app_music` `music`,`app_musicrclass` `mrc`,`app_class` `class` WHERE ( music.music_id=mrc.music_id and mrc.class_id=class.class_id and class.class_id=1 ) ORDER BY listeners LIMIT 10   [ RunTime:0.0042s ]

[ 2016-12-26T12:01:15+08:00 ] ::1 /NewWorld/FEBE-mysql/BackEnd/index.php/Home/Music/getList?array=11,2,4,24
INFO: [ app_init ] --START--
INFO: Run Behavior\BuildLiteBehavior [ RunTime:0.000015s ]
INFO: [ app_init ] --END-- [ RunTime:0.000630s ]
INFO: [ app_begin ] --START--
INFO: Run Behavior\ReadHtmlCacheBehavior [ RunTime:0.000933s ]
INFO: [ app_begin ] --END-- [ RunTime:0.000994s ]
SQL: SHOW COLUMNS FROM `app_music` [ RunTime:0.0033s ]
SQL: SELECT * FROM `app_music` `music`,`app_singerrmusic` `mrs`,`app_singer` `singer` WHERE ( music.music_id=mrs.music_id and mrs.singer_id=singer.singer_id and music.music_id IN (11,2,4,24) )  [ RunTime:0.0011s ]

[ 2016-12-26T12:01:15+08:00 ] ::1 /NewWorld/FEBE-mysql/BackEnd/index.php/Home/Music/getItem?id=11
INFO: [ app_init ] --START--
INFO: Run Behavior\BuildLiteBehavior [ RunTime:0.000018s ]
INFO: [ app_init ] --END-- [ RunTime:0.000741s ]
INFO: [ app_begin ] --START--
INFO: Run Behavior\ReadHtmlCacheBehavior [ RunTime:0.001104s ]
INFO: [ app_begin ] --END-- [ RunTime:0.001180s ]
SQL: SHOW COLUMNS FROM `app_music` [ RunTime:0.0033s ]
SQL: SELECT music.music_id,music.name,`singer_name`,music.src FROM `app_music` `music`,`app_singerrmusic` `mrs`,`app_singer` `singer` WHERE ( music.music_id=mrs.music_id and mrs.singer_id=singer.singer_id and music.music_id=11 )  [ RunTime:0.0005s ]

[ 2016-12-26T12:05:38+08:00 ] ::1 /NewWorld/FEBE-mysql/BackEnd/index.php/Home/Music/getItem?id=24
INFO: [ app_init ] --START--
INFO: Run Behavior\BuildLiteBehavior [ RunTime:0.000013s ]
INFO: [ app_init ] --END-- [ RunTime:0.000584s ]
INFO: [ app_begin ] --START--
INFO: Run Behavior\ReadHtmlCacheBehavior [ RunTime:0.001142s ]
INFO: [ app_begin ] --END-- [ RunTime:0.001195s ]
SQL: SHOW COLUMNS FROM `app_music` [ RunTime:0.0264s ]
SQL: SELECT music.music_id,music.name,`singer_name`,music.src FROM `app_music` `music`,`app_singerrmusic` `mrs`,`app_singer` `singer` WHERE ( music.music_id=mrs.music_id and mrs.singer_id=singer.singer_id and music.music_id=24 )  [ RunTime:0.0007s ]

[ 2016-12-26T12:09:13+08:00 ] ::1 /NewWorld/FEBE-mysql/BackEnd/index.php/Home/Music/getItem?id=2
INFO: [ app_init ] --START--
INFO: Run Behavior\BuildLiteBehavior [ RunTime:0.000015s ]
INFO: [ app_init ] --END-- [ RunTime:0.000602s ]
INFO: [ app_begin ] --START--
INFO: Run Behavior\ReadHtmlCacheBehavior [ RunTime:0.001147s ]
INFO: [ app_begin ] --END-- [ RunTime:0.001211s ]
SQL: SHOW COLUMNS FROM `app_music` [ RunTime:0.0035s ]
SQL: SELECT music.music_id,music.name,`singer_name`,music.src FROM `app_music` `music`,`app_singerrmusic` `mrs`,`app_singer` `singer` WHERE ( music.music_id=mrs.music_id and mrs.singer_id=singer.singer_id and music.music_id=2 )  [ RunTime:0.0007s ]

[ 2016-12-26T12:10:56+08:00 ] ::1 /NewWorld/FEBE-mysql/BackEnd/index.php/Home/Music/getItem?id=4
INFO: [ app_init ] --START--
INFO: Run Behavior\BuildLiteBehavior [ RunTime:0.000015s ]
INFO: [ app_init ] --END-- [ RunTime:0.000563s ]
INFO: [ app_begin ] --START--
INFO: Run Behavior\ReadHtmlCacheBehavior [ RunTime:0.000965s ]
INFO: [ app_begin ] --END-- [ RunTime:0.001011s ]
SQL: SHOW COLUMNS FROM `app_music` [ RunTime:0.0034s ]
SQL: SELECT music.music_id,music.name,`singer_name`,music.src FROM `app_music` `music`,`app_singerrmusic` `mrs`,`app_singer` `singer` WHERE ( music.music_id=mrs.music_id and mrs.singer_id=singer.singer_id and music.music_id=4 )  [ RunTime:0.0007s ]

[ 2016-12-26T12:14:31+08:00 ] ::1 /NewWorld/FEBE-mysql/BackEnd/index.php/Home/Music/getItem?id=11
INFO: [ app_init ] --START--
INFO: Run Behavior\BuildLiteBehavior [ RunTime:0.000014s ]
INFO: [ app_init ] --END-- [ RunTime:0.000622s ]
INFO: [ app_begin ] --START--
INFO: Run Behavior\ReadHtmlCacheBehavior [ RunTime:0.001135s ]
INFO: [ app_begin ] --END-- [ RunTime:0.001211s ]
SQL: SHOW COLUMNS FROM `app_music` [ RunTime:0.0038s ]
SQL: SELECT music.music_id,music.name,`singer_name`,music.src FROM `app_music` `music`,`app_singerrmusic` `mrs`,`app_singer` `singer` WHERE ( music.music_id=mrs.music_id and mrs.singer_id=singer.singer_id and music.music_id=11 )  [ RunTime:0.0006s ]

[ 2016-12-26T12:18:54+08:00 ] ::1 /NewWorld/FEBE-mysql/BackEnd/index.php/Home/Music/getItem?id=24
INFO: [ app_init ] --START--
INFO: Run Behavior\BuildLiteBehavior [ RunTime:0.000015s ]
INFO: [ app_init ] --END-- [ RunTime:0.000631s ]
INFO: [ app_begin ] --START--
INFO: Run Behavior\ReadHtmlCacheBehavior [ RunTime:0.001029s ]
INFO: [ app_begin ] --END-- [ RunTime:0.001085s ]
SQL: SHOW COLUMNS FROM `app_music` [ RunTime:0.0074s ]
SQL: SELECT music.music_id,music.name,`singer_name`,music.src FROM `app_music` `music`,`app_singerrmusic` `mrs`,`app_singer` `singer` WHERE ( music.music_id=mrs.music_id and mrs.singer_id=singer.singer_id and music.music_id=24 )  [ RunTime:0.0007s ]

[ 2016-12-26T12:22:29+08:00 ] ::1 /NewWorld/FEBE-mysql/BackEnd/index.php/Home/Music/getItem?id=2
INFO: [ app_init ] --START--
INFO: Run Behavior\BuildLiteBehavior [ RunTime:0.000015s ]
INFO: [ app_init ] --END-- [ RunTime:0.000593s ]
INFO: [ app_begin ] --START--
INFO: Run Behavior\ReadHtmlCacheBehavior [ RunTime:0.001096s ]
INFO: [ app_begin ] --END-- [ RunTime:0.001167s ]
SQL: SHOW COLUMNS FROM `app_music` [ RunTime:0.0036s ]
SQL: SELECT music.music_id,music.name,`singer_name`,music.src FROM `app_music` `music`,`app_singerrmusic` `mrs`,`app_singer` `singer` WHERE ( music.music_id=mrs.music_id and mrs.singer_id=singer.singer_id and music.music_id=2 )  [ RunTime:0.0007s ]

[ 2016-12-26T12:23:54+08:00 ] ::1 /NewWorld/FEBE-mysql/BackEnd/index.php/Home/User/reg
INFO: [ app_init ] --START--
INFO: Run Behavior\BuildLiteBehavior [ RunTime:0.000013s ]
INFO: [ app_init ] --END-- [ RunTime:0.000539s ]
INFO: [ app_begin ] --START--
INFO: Run Behavior\ReadHtmlCacheBehavior [ RunTime:0.000888s ]
INFO: [ app_begin ] --END-- [ RunTime:0.000968s ]
SQL: SHOW COLUMNS FROM `app_user` [ RunTime:0.0045s ]
SQL: SHOW COLUMNS FROM `app_info` [ RunTime:0.0036s ]
SQL: SELECT * FROM `app_user` WHERE `email` = '123'  [ RunTime:0.0219s ]

[ 2016-12-26T12:24:00+08:00 ] ::1 /NewWorld/FEBE-mysql/BackEnd/index.php/Home/User/checkLogin
INFO: [ app_init ] --START--
INFO: Run Behavior\BuildLiteBehavior [ RunTime:0.000014s ]
INFO: [ app_init ] --END-- [ RunTime:0.000588s ]
INFO: [ app_begin ] --START--
INFO: Run Behavior\ReadHtmlCacheBehavior [ RunTime:0.000826s ]
INFO: [ app_begin ] --END-- [ RunTime:0.000875s ]
SQL: SHOW COLUMNS FROM `app_user` [ RunTime:0.0036s ]
SQL: SELECT * FROM `app_user` WHERE `email` = '123' AND `pwd` = '202cb962ac59075b964b07152d234b70'  [ RunTime:0.0005s ]

[ 2016-12-26T12:24:01+08:00 ] ::1 /NewWorld/FEBE-mysql/BackEnd/index.php/Home/User/getInfo?id=51
INFO: [ app_init ] --START--
INFO: Run Behavior\BuildLiteBehavior [ RunTime:0.000023s ]
INFO: [ app_init ] --END-- [ RunTime:0.000892s ]
INFO: [ app_begin ] --START--
INFO: Run Behavior\ReadHtmlCacheBehavior [ RunTime:0.001123s ]
INFO: [ app_begin ] --END-- [ RunTime:0.001197s ]
SQL: SHOW COLUMNS FROM `app_info` [ RunTime:0.0048s ]
SQL: SELECT * FROM `app_info` WHERE `user_id` = 51  [ RunTime:0.0008s ]

[ 2016-12-26T12:24:01+08:00 ] ::1 /NewWorld/FEBE-mysql/BackEnd/index.php/Home/Index/getNews
INFO: [ app_init ] --START--
INFO: Run Behavior\BuildLiteBehavior [ RunTime:0.000017s ]
INFO: [ app_init ] --END-- [ RunTime:0.000843s ]
INFO: [ app_begin ] --START--
INFO: Run Behavior\ReadHtmlCacheBehavior [ RunTime:0.001027s ]
INFO: [ app_begin ] --END-- [ RunTime:0.001094s ]
SQL: SHOW COLUMNS FROM `app_news` [ RunTime:0.0062s ]
SQL: SELECT * FROM `app_news` LIMIT 7   [ RunTime:0.0005s ]

[ 2016-12-26T12:24:01+08:00 ] ::1 /NewWorld/FEBE-mysql/BackEnd/index.php/Home/Music/getList?data=0
INFO: [ app_init ] --START--
INFO: Run Behavior\BuildLiteBehavior [ RunTime:0.000022s ]
INFO: [ app_init ] --END-- [ RunTime:0.002444s ]
INFO: [ app_begin ] --START--
INFO: Run Behavior\ReadHtmlCacheBehavior [ RunTime:0.001835s ]
INFO: [ app_begin ] --END-- [ RunTime:0.002105s ]
NOTIC: [8] Undefined variable: GET F:\xamp\htdocs\NewWorld\FEBE-mysql\BackEnd\Application\Home\Controller\MusicController.class.php 第 22 行.
SQL: SHOW COLUMNS FROM `app_music` [ RunTime:0.0037s ]
SQL: SELECT music.music_id,music.name FROM `app_music` `music`,`app_musicrclass` `mrc`,`app_class` `class` WHERE ( music.music_id=mrc.music_id and mrc.class_id=class.class_id and class.class_id=1 ) ORDER BY listeners LIMIT 10   [ RunTime:0.0039s ]

[ 2016-12-26T12:24:01+08:00 ] ::1 /NewWorld/FEBE-mysql/BackEnd/index.php/Home/Music/getList?data=2
INFO: [ app_init ] --START--
INFO: Run Behavior\BuildLiteBehavior [ RunTime:0.000023s ]
INFO: [ app_init ] --END-- [ RunTime:0.000921s ]
INFO: [ app_begin ] --START--
INFO: Run Behavior\ReadHtmlCacheBehavior [ RunTime:0.002027s ]
INFO: [ app_begin ] --END-- [ RunTime:0.002149s ]
NOTIC: [8] Undefined variable: GET F:\xamp\htdocs\NewWorld\FEBE-mysql\BackEnd\Application\Home\Controller\MusicController.class.php 第 22 行.
SQL: SHOW COLUMNS FROM `app_music` [ RunTime:0.0032s ]
SQL: SELECT music.music_id,music.name FROM `app_music` `music`,`app_musicrclass` `mrc`,`app_class` `class` WHERE ( music.music_id=mrc.music_id and mrc.class_id=class.class_id and class.class_id=1 ) ORDER BY listeners LIMIT 10   [ RunTime:0.0032s ]

[ 2016-12-26T12:24:01+08:00 ] ::1 /NewWorld/FEBE-mysql/BackEnd/index.php/Home/Music/getList?data=1
INFO: [ app_init ] --START--
INFO: Run Behavior\BuildLiteBehavior [ RunTime:0.000020s ]
INFO: [ app_init ] --END-- [ RunTime:0.000757s ]
INFO: [ app_begin ] --START--
INFO: Run Behavior\ReadHtmlCacheBehavior [ RunTime:0.001174s ]
INFO: [ app_begin ] --END-- [ RunTime:0.001259s ]
NOTIC: [8] Undefined variable: GET F:\xamp\htdocs\NewWorld\FEBE-mysql\BackEnd\Application\Home\Controller\MusicController.class.php 第 22 行.
SQL: SHOW COLUMNS FROM `app_music` [ RunTime:0.0031s ]
SQL: SELECT music.music_id,music.name FROM `app_music` `music`,`app_musicrclass` `mrc`,`app_class` `class` WHERE ( music.music_id=mrc.music_id and mrc.class_id=class.class_id and class.class_id=1 ) ORDER BY listeners LIMIT 10   [ RunTime:0.0034s ]

[ 2016-12-26T12:24:08+08:00 ] ::1 /NewWorld/FEBE-mysql/BackEnd/index.php/Home/Music/getItem?id=11
INFO: [ app_init ] --START--
INFO: Run Behavior\BuildLiteBehavior [ RunTime:0.000014s ]
INFO: [ app_init ] --END-- [ RunTime:0.000532s ]
INFO: [ app_begin ] --START--
INFO: Run Behavior\ReadHtmlCacheBehavior [ RunTime:0.000872s ]
INFO: [ app_begin ] --END-- [ RunTime:0.000921s ]
SQL: SHOW COLUMNS FROM `app_music` [ RunTime:0.0035s ]
SQL: SELECT music.music_id,music.name,`singer_name`,music.src FROM `app_music` `music`,`app_singerrmusic` `mrs`,`app_singer` `singer` WHERE ( music.music_id=mrs.music_id and mrs.singer_id=singer.singer_id and music.music_id=11 )  [ RunTime:0.0005s ]

[ 2016-12-26T12:24:08+08:00 ] ::1 /NewWorld/FEBE-mysql/BackEnd/index.php/Home/Music/getItem?id=11
INFO: [ app_init ] --START--
INFO: Run Behavior\BuildLiteBehavior [ RunTime:0.000013s ]
INFO: [ app_init ] --END-- [ RunTime:0.000556s ]
INFO: [ app_begin ] --START--
INFO: Run Behavior\ReadHtmlCacheBehavior [ RunTime:0.000853s ]
INFO: [ app_begin ] --END-- [ RunTime:0.000899s ]
SQL: SHOW COLUMNS FROM `app_music` [ RunTime:0.0032s ]
SQL: SELECT music.music_id,music.name,`singer_name`,music.src FROM `app_music` `music`,`app_singerrmusic` `mrs`,`app_singer` `singer` WHERE ( music.music_id=mrs.music_id and mrs.singer_id=singer.singer_id and music.music_id=11 )  [ RunTime:0.0006s ]

[ 2016-12-26T12:24:29+08:00 ] ::1 /NewWorld/FEBE-mysql/BackEnd/index.php/Home/Music/getItem?id=11
INFO: [ app_init ] --START--
INFO: Run Behavior\BuildLiteBehavior [ RunTime:0.000017s ]
INFO: [ app_init ] --END-- [ RunTime:0.000677s ]
INFO: [ app_begin ] --START--
INFO: Run Behavior\ReadHtmlCacheBehavior [ RunTime:0.001122s ]
INFO: [ app_begin ] --END-- [ RunTime:0.001188s ]
SQL: SHOW COLUMNS FROM `app_music` [ RunTime:0.0039s ]
SQL: SELECT music.music_id,music.name,`singer_name`,music.src FROM `app_music` `music`,`app_singerrmusic` `mrs`,`app_singer` `singer` WHERE ( music.music_id=mrs.music_id and mrs.singer_id=singer.singer_id and music.music_id=11 )  [ RunTime:0.0006s ]

[ 2016-12-26T12:24:29+08:00 ] ::1 /NewWorld/FEBE-mysql/BackEnd/index.php/Home/Music/getLyric?mid=11
INFO: [ app_init ] --START--
INFO: Run Behavior\BuildLiteBehavior [ RunTime:0.000021s ]
INFO: [ app_init ] --END-- [ RunTime:0.000837s ]
INFO: [ app_begin ] --START--
INFO: Run Behavior\ReadHtmlCacheBehavior [ RunTime:0.001592s ]
INFO: [ app_begin ] --END-- [ RunTime:0.001685s ]
SQL: SHOW COLUMNS FROM `app_music` [ RunTime:0.0033s ]
SQL: SELECT * FROM `app_music` WHERE `music_id` = 11  [ RunTime:0.0005s ]

[ 2016-12-26T12:24:29+08:00 ] ::1 /NewWorld/FEBE-mysql/BackEnd/index.php/Home/Music/getComment?mid=11
INFO: [ app_init ] --START--
INFO: Run Behavior\BuildLiteBehavior [ RunTime:0.000056s ]
INFO: [ app_init ] --END-- [ RunTime:0.001060s ]
INFO: [ app_begin ] --START--
INFO: Run Behavior\ReadHtmlCacheBehavior [ RunTime:0.001610s ]
INFO: [ app_begin ] --END-- [ RunTime:0.001735s ]
SQL: SHOW COLUMNS FROM `app_music` [ RunTime:0.0036s ]
SQL: SELECT info.name,`image`,`content`,`time`,info.user_id FROM `app_music` `music`,`app_comment` `comment`,`app_info` `info` WHERE ( music.music_id=comment.music_id and comment.user_id=info.user_id and music.music_id=11 ) ORDER BY time  [ RunTime:0.0006s ]

[ 2016-12-26T12:24:40+08:00 ] ::1 /NewWorld/FEBE-mysql/BackEnd/index.php/Home/User/setComment?uid=51&mid=11&com=wawawaw
INFO: [ app_init ] --START--
INFO: Run Behavior\BuildLiteBehavior [ RunTime:0.000014s ]
INFO: [ app_init ] --END-- [ RunTime:0.000541s ]
INFO: [ app_begin ] --START--
INFO: Run Behavior\ReadHtmlCacheBehavior [ RunTime:0.000833s ]
INFO: [ app_begin ] --END-- [ RunTime:0.000879s ]
INFO: [ app_end ] --START--
INFO: Run Behavior\ShowPageTraceBehavior [ RunTime:0.012584s ]
INFO: [ app_end ] --END-- [ RunTime:0.012650s ]

[ 2016-12-26T12:28:31+08:00 ] ::1 /NewWorld/FEBE-mysql/BackEnd/index.php/Home/Music/getItem?id=11
INFO: [ app_init ] --START--
INFO: Run Behavior\BuildLiteBehavior [ RunTime:0.000014s ]
INFO: [ app_init ] --END-- [ RunTime:0.000536s ]
INFO: [ app_begin ] --START--
INFO: Run Behavior\ReadHtmlCacheBehavior [ RunTime:0.000834s ]
INFO: [ app_begin ] --END-- [ RunTime:0.000880s ]
SQL: SHOW COLUMNS FROM `app_music` [ RunTime:0.0035s ]
SQL: SELECT music.music_id,music.name,`singer_name`,music.src FROM `app_music` `music`,`app_singerrmusic` `mrs`,`app_singer` `singer` WHERE ( music.music_id=mrs.music_id and mrs.singer_id=singer.singer_id and music.music_id=11 )  [ RunTime:0.0006s ]

[ 2016-12-26T12:32:54+08:00 ] ::1 /NewWorld/FEBE-mysql/BackEnd/index.php/Home/Music/getItem?id=11
INFO: [ app_init ] --START--
INFO: Run Behavior\BuildLiteBehavior [ RunTime:0.000013s ]
INFO: [ app_init ] --END-- [ RunTime:0.000575s ]
INFO: [ app_begin ] --START--
INFO: Run Behavior\ReadHtmlCacheBehavior [ RunTime:0.000872s ]
INFO: [ app_begin ] --END-- [ RunTime:0.000920s ]
SQL: SHOW COLUMNS FROM `app_music` [ RunTime:0.0039s ]
SQL: SELECT music.music_id,music.name,`singer_name`,music.src FROM `app_music` `music`,`app_singerrmusic` `mrs`,`app_singer` `singer` WHERE ( music.music_id=mrs.music_id and mrs.singer_id=singer.singer_id and music.music_id=11 )  [ RunTime:0.0005s ]

[ 2016-12-26T12:37:17+08:00 ] ::1 /NewWorld/FEBE-mysql/BackEnd/index.php/Home/Music/getItem?id=11
INFO: [ app_init ] --START--
INFO: Run Behavior\BuildLiteBehavior [ RunTime:0.000016s ]
INFO: [ app_init ] --END-- [ RunTime:0.000598s ]
INFO: [ app_begin ] --START--
INFO: Run Behavior\ReadHtmlCacheBehavior [ RunTime:0.000833s ]
INFO: [ app_begin ] --END-- [ RunTime:0.000879s ]
SQL: SHOW COLUMNS FROM `app_music` [ RunTime:0.0039s ]
SQL: SELECT music.music_id,music.name,`singer_name`,music.src FROM `app_music` `music`,`app_singerrmusic` `mrs`,`app_singer` `singer` WHERE ( music.music_id=mrs.music_id and mrs.singer_id=singer.singer_id and music.music_id=11 )  [ RunTime:0.0006s ]

