[ 2016-11-01T09:11:02+08:00 ] ::1 /NewWorld/FEBE/BackEnd/
INFO: [ app_init ] --START--
INFO: Run Behavior\BuildLiteBehavior [ RunTime:0.000016s ]
INFO: [ app_init ] --END-- [ RunTime:0.000744s ]
INFO: [ app_begin ] --START--
INFO: Run Behavior\ReadHtmlCacheBehavior [ RunTime:0.000769s ]
INFO: [ app_begin ] --END-- [ RunTime:0.000822s ]
SQL: SHOW COLUMNS FROM `app_music` [ RunTime:0.0130s ]
SQL: SELECT * FROM `app_music` WHERE `music_id` = 2  [ RunTime:0.0006s ]

[ 2016-11-01T09:11:07+08:00 ] ::1 /NewWorld/FEBE/BackEnd/index.php/Home/User/login
INFO: [ app_init ] --START--
INFO: Run Behavior\BuildLiteBehavior [ RunTime:0.000024s ]
INFO: [ app_init ] --END-- [ RunTime:0.000771s ]
INFO: [ app_begin ] --START--
INFO: Run Behavior\ReadHtmlCacheBehavior [ RunTime:0.000728s ]
INFO: [ app_begin ] --END-- [ RunTime:0.000799s ]
ERR: 非法操作:login

[ 2016-11-01T09:11:21+08:00 ] ::1 /NewWorld/FEBE/BackEnd/index.php/Home/Music/getItem
INFO: [ app_init ] --START--
INFO: Run Behavior\BuildLiteBehavior [ RunTime:0.000013s ]
INFO: [ app_init ] --END-- [ RunTime:0.000543s ]
INFO: [ app_begin ] --START--
INFO: Run Behavior\ReadHtmlCacheBehavior [ RunTime:0.000763s ]
INFO: [ app_begin ] --END-- [ RunTime:0.000815s ]
INFO: [ app_end ] --START--
INFO: Run Behavior\ShowPageTraceBehavior [ RunTime:0.000717s ]
INFO: [ app_end ] --END-- [ RunTime:0.000768s ]

[ 2016-11-01T09:11:24+08:00 ] ::1 /NewWorld/FEBE/BackEnd/index.php/Home/Music/getItem
INFO: [ app_init ] --START--
INFO: Run Behavior\BuildLiteBehavior [ RunTime:0.000015s ]
INFO: [ app_init ] --END-- [ RunTime:0.000496s ]
INFO: [ app_begin ] --START--
INFO: Run Behavior\ReadHtmlCacheBehavior [ RunTime:0.000594s ]
INFO: [ app_begin ] --END-- [ RunTime:0.000645s ]
INFO: [ app_end ] --START--
INFO: Run Behavior\ShowPageTraceBehavior [ RunTime:0.000661s ]
INFO: [ app_end ] --END-- [ RunTime:0.000720s ]

[ 2016-11-01T09:11:38+08:00 ] ::1 /NewWorld/FEBE/BackEnd/index.php/Home/Music/getItem?id=2
INFO: [ app_init ] --START--
INFO: Run Behavior\BuildLiteBehavior [ RunTime:0.000013s ]
INFO: [ app_init ] --END-- [ RunTime:0.000494s ]
INFO: [ app_begin ] --START--
INFO: Run Behavior\ReadHtmlCacheBehavior [ RunTime:0.000588s ]
INFO: [ app_begin ] --END-- [ RunTime:0.000639s ]
SQL: SHOW COLUMNS FROM `app_music` [ RunTime:0.0378s ]
SQL: SELECT music.music_id,music.name FROM `app_music` `music`,`app_musicrclass` `mrc`,`app_class` `class` WHERE ( music.music_id=2 )  [ RunTime:0.1693s ]

[ 2016-11-01T09:12:09+08:00 ] ::1 /NewWorld/FEBE/BackEnd/index.php/Home/Music/getItem?id=2
INFO: [ app_init ] --START--
INFO: Run Behavior\BuildLiteBehavior [ RunTime:0.000019s ]
INFO: [ app_init ] --END-- [ RunTime:0.000698s ]
INFO: [ app_begin ] --START--
INFO: Run Behavior\ReadHtmlCacheBehavior [ RunTime:0.000708s ]
INFO: [ app_begin ] --END-- [ RunTime:0.000775s ]

[ 2016-11-01T09:12:10+08:00 ] ::1 /NewWorld/FEBE/BackEnd/index.php/Home/Music/getItem?id=2
INFO: [ app_init ] --START--
INFO: Run Behavior\BuildLiteBehavior [ RunTime:0.000013s ]
INFO: [ app_init ] --END-- [ RunTime:0.000473s ]
INFO: [ app_begin ] --START--
INFO: Run Behavior\ReadHtmlCacheBehavior [ RunTime:0.000618s ]
INFO: [ app_begin ] --END-- [ RunTime:0.000670s ]

[ 2016-11-01T09:12:10+08:00 ] ::1 /NewWorld/FEBE/BackEnd/index.php/Home/Music/getItem?id=2
INFO: [ app_init ] --START--
INFO: Run Behavior\BuildLiteBehavior [ RunTime:0.000029s ]
INFO: [ app_init ] --END-- [ RunTime:0.001074s ]
INFO: [ app_begin ] --START--
INFO: Run Behavior\ReadHtmlCacheBehavior [ RunTime:0.001369s ]
INFO: [ app_begin ] --END-- [ RunTime:0.001505s ]

[ 2016-11-01T09:12:10+08:00 ] ::1 /NewWorld/FEBE/BackEnd/index.php/Home/Music/getItem?id=2
INFO: [ app_init ] --START--
INFO: Run Behavior\BuildLiteBehavior [ RunTime:0.000015s ]
INFO: [ app_init ] --END-- [ RunTime:0.000507s ]
INFO: [ app_begin ] --START--
INFO: Run Behavior\ReadHtmlCacheBehavior [ RunTime:0.000680s ]
INFO: [ app_begin ] --END-- [ RunTime:0.000743s ]

[ 2016-11-01T09:12:31+08:00 ] ::1 /NewWorld/FEBE/BackEnd/index.php/Home/Music/getItem?id=2
INFO: [ app_init ] --START--
INFO: Run Behavior\BuildLiteBehavior [ RunTime:0.000014s ]
INFO: [ app_init ] --END-- [ RunTime:0.000536s ]
INFO: [ app_begin ] --START--
INFO: Run Behavior\ReadHtmlCacheBehavior [ RunTime:0.000966s ]
INFO: [ app_begin ] --END-- [ RunTime:0.001048s ]
SQL: SHOW COLUMNS FROM `app_music` [ RunTime:0.0035s ]
SQL: SELECT music.music_id,music.name FROM `app_music` `music`,`app_musicrclass` `mrc`,`app_class` `class` WHERE ( music.music_id=2 )  [ RunTime:0.0007s ]

[ 2016-11-01T09:12:43+08:00 ] ::1 /NewWorld/FEBE/BackEnd/index.php/Home/Music/getItem?id=2
INFO: [ app_init ] --START--
INFO: Run Behavior\BuildLiteBehavior [ RunTime:0.000015s ]
INFO: [ app_init ] --END-- [ RunTime:0.000497s ]
INFO: [ app_begin ] --START--
INFO: Run Behavior\ReadHtmlCacheBehavior [ RunTime:0.000569s ]
INFO: [ app_begin ] --END-- [ RunTime:0.000619s ]
SQL: SHOW COLUMNS FROM `app_music` [ RunTime:0.0035s ]
SQL: SELECT music.music_id,music.name FROM `app_music` `music`,`app_musicrclass` `mrc`,`app_class` `class` WHERE ( music.music_id=mrc.music_id and mrc.class_id=class.class_id and music.music_id=2 )  [ RunTime:0.0005s ]

[ 2016-11-01T09:13:50+08:00 ] ::1 /NewWorld/FEBE/BackEnd/index.php/Home/Music/getItem?id=2
INFO: [ app_init ] --START--
INFO: Run Behavior\BuildLiteBehavior [ RunTime:0.000014s ]
INFO: [ app_init ] --END-- [ RunTime:0.000561s ]
INFO: [ app_begin ] --START--
INFO: Run Behavior\ReadHtmlCacheBehavior [ RunTime:0.000632s ]
INFO: [ app_begin ] --END-- [ RunTime:0.000684s ]
NOTIC: [8] Undefined variable: class_id F:\xampp\htdocs\NewWorld\FEBE\BackEnd\Application\Home\Model\MusicModel.class.php 第 24 行.
SQL: SHOW COLUMNS FROM `app_music` [ RunTime:0.0038s ]
ERR: 1064:You have an error in your SQL syntax; check the manual that corresponds to your MariaDB server version for the right syntax to use near ')' at line 1
 [ SQL语句 ] : SELECT music.music_id,music.name FROM `app_music` `music`,`app_musicrclass` `mrc`,`app_class` `class` WHERE ( music.music_id=mrc.music_id and mrc.class_id=class.class_id and class.class_id= ) 
ERR: 1064:You have an error in your SQL syntax; check the manual that corresponds to your MariaDB server version for the right syntax to use near ')' at line 1
 [ SQL语句 ] : SELECT music.music_id,music.name FROM `app_music` `music`,`app_musicrclass` `mrc`,`app_class` `class` WHERE ( music.music_id=mrc.music_id and mrc.class_id=class.class_id and class.class_id= ) 

[ 2016-11-01T09:13:51+08:00 ] ::1 /NewWorld/FEBE/BackEnd/index.php/Home/Music/getItem?id=2
INFO: [ app_init ] --START--
INFO: Run Behavior\BuildLiteBehavior [ RunTime:0.000019s ]
INFO: [ app_init ] --END-- [ RunTime:0.000638s ]
INFO: [ app_begin ] --START--
INFO: Run Behavior\ReadHtmlCacheBehavior [ RunTime:0.000885s ]
INFO: [ app_begin ] --END-- [ RunTime:0.000987s ]
NOTIC: [8] Undefined variable: class_id F:\xampp\htdocs\NewWorld\FEBE\BackEnd\Application\Home\Model\MusicModel.class.php 第 24 行.
SQL: SHOW COLUMNS FROM `app_music` [ RunTime:0.0036s ]
ERR: 1064:You have an error in your SQL syntax; check the manual that corresponds to your MariaDB server version for the right syntax to use near ')' at line 1
 [ SQL语句 ] : SELECT music.music_id,music.name FROM `app_music` `music`,`app_musicrclass` `mrc`,`app_class` `class` WHERE ( music.music_id=mrc.music_id and mrc.class_id=class.class_id and class.class_id= ) 
ERR: 1064:You have an error in your SQL syntax; check the manual that corresponds to your MariaDB server version for the right syntax to use near ')' at line 1
 [ SQL语句 ] : SELECT music.music_id,music.name FROM `app_music` `music`,`app_musicrclass` `mrc`,`app_class` `class` WHERE ( music.music_id=mrc.music_id and mrc.class_id=class.class_id and class.class_id= ) 

[ 2016-11-01T09:13:59+08:00 ] ::1 /NewWorld/FEBE/BackEnd/index.php/Home/Music/getItem?id=2
INFO: [ app_init ] --START--
INFO: Run Behavior\BuildLiteBehavior [ RunTime:0.000015s ]
INFO: [ app_init ] --END-- [ RunTime:0.000540s ]
INFO: [ app_begin ] --START--
INFO: Run Behavior\ReadHtmlCacheBehavior [ RunTime:0.000743s ]
INFO: [ app_begin ] --END-- [ RunTime:0.000795s ]
SQL: SHOW COLUMNS FROM `app_music` [ RunTime:0.0033s ]
SQL: SELECT music.music_id,music.name FROM `app_music` `music`,`app_musicrclass` `mrc`,`app_class` `class` WHERE ( music.music_id=mrc.music_id and mrc.class_id=class.class_id and class.class_id=2 )  [ RunTime:0.0008s ]

[ 2016-11-01T09:55:48+08:00 ] ::1 /NewWorld/FEBE/BackEnd/index.php/Home/Music/getItem?id=2
INFO: [ app_init ] --START--
INFO: Run Behavior\BuildLiteBehavior [ RunTime:0.000013s ]
INFO: [ app_init ] --END-- [ RunTime:0.000614s ]
INFO: [ app_begin ] --START--
INFO: Run Behavior\ReadHtmlCacheBehavior [ RunTime:0.001581s ]
INFO: [ app_begin ] --END-- [ RunTime:0.001678s ]
SQL: SHOW COLUMNS FROM `app_music` [ RunTime:0.0044s ]
SQL: SELECT music.music_id,music.name FROM `app_music` `music`,`app_singerrmusic` `srm`,`app_singer` `singer` WHERE ( music.music_id=2 )  [ RunTime:0.0006s ]

[ 2016-11-01T09:56:28+08:00 ] ::1 /NewWorld/FEBE/BackEnd/index.php/Home/Music/getItem?id=2
INFO: [ app_init ] --START--
INFO: Run Behavior\BuildLiteBehavior [ RunTime:0.000015s ]
INFO: [ app_init ] --END-- [ RunTime:0.000750s ]
INFO: [ app_begin ] --START--
INFO: Run Behavior\ReadHtmlCacheBehavior [ RunTime:0.001840s ]
INFO: [ app_begin ] --END-- [ RunTime:0.001914s ]

[ 2016-11-01T09:56:29+08:00 ] ::1 /NewWorld/FEBE/BackEnd/index.php/Home/Music/getItem?id=2
INFO: [ app_init ] --START--
INFO: Run Behavior\BuildLiteBehavior [ RunTime:0.000015s ]
INFO: [ app_init ] --END-- [ RunTime:0.000689s ]
INFO: [ app_begin ] --START--
INFO: Run Behavior\ReadHtmlCacheBehavior [ RunTime:0.001446s ]
INFO: [ app_begin ] --END-- [ RunTime:0.001503s ]

[ 2016-11-01T09:56:44+08:00 ] ::1 /NewWorld/FEBE/BackEnd/index.php/Home/Music/getItem?id=2
INFO: [ app_init ] --START--
INFO: Run Behavior\BuildLiteBehavior [ RunTime:0.000017s ]
INFO: [ app_init ] --END-- [ RunTime:0.000798s ]
INFO: [ app_begin ] --START--
INFO: Run Behavior\ReadHtmlCacheBehavior [ RunTime:0.001028s ]
INFO: [ app_begin ] --END-- [ RunTime:0.001083s ]
SQL: SHOW COLUMNS FROM `app_music` [ RunTime:0.0038s ]
SQL: SELECT music.music_id,music.name FROM `app_music` `music`,`app_singerrmusic` `srm`,`app_singer` `singer` WHERE ( music.music_id=srm.music_id and srm.singer_id=singer.singer_id and music.music_id=2 )  [ RunTime:0.0241s ]

[ 2016-11-01T09:57:08+08:00 ] ::1 /NewWorld/FEBE/BackEnd/index.php/Home/Music/getItem?id=2
INFO: [ app_init ] --START--
INFO: Run Behavior\BuildLiteBehavior [ RunTime:0.000018s ]
INFO: [ app_init ] --END-- [ RunTime:0.000897s ]
INFO: [ app_begin ] --START--
INFO: Run Behavior\ReadHtmlCacheBehavior [ RunTime:0.001470s ]
INFO: [ app_begin ] --END-- [ RunTime:0.001545s ]
SQL: SHOW COLUMNS FROM `app_music` [ RunTime:0.0050s ]
SQL: SELECT music.music_id,music.name FROM `app_music` `music`,`app_singerrmusic` `srm`,`app_singer` `singer` WHERE ( music.music_id=srm.music_id and srm.singer_id=singer.singer_id and music.music_id=2 )  [ RunTime:0.0006s ]

[ 2016-11-01T15:16:29+08:00 ] ::1 /NewWorld/FEBE/BackEnd/index.php/Home/Music/getItem?id=2
INFO: [ app_init ] --START--
INFO: Run Behavior\BuildLiteBehavior [ RunTime:0.000016s ]
INFO: [ app_init ] --END-- [ RunTime:0.000914s ]
INFO: [ app_begin ] --START--
INFO: Run Behavior\ReadHtmlCacheBehavior [ RunTime:0.001729s ]
INFO: [ app_begin ] --END-- [ RunTime:0.001814s ]
SQL: SHOW COLUMNS FROM `app_music` [ RunTime:0.0052s ]
SQL: SELECT music.music_id,music.name FROM `app_music` `music`,`app_singerrmusic` `srm`,`app_singer` `singer` WHERE ( music.music_id=srm.music_id and srm.singer_id=singer.singer_id and music.music_id=2 )  [ RunTime:0.0010s ]

[ 2016-11-01T15:57:29+08:00 ] ::1 /NewWorld/FEBE/BackEnd/index.php/Home/Index/getNews
INFO: [ app_init ] --START--
INFO: Run Behavior\BuildLiteBehavior [ RunTime:0.000019s ]
INFO: [ app_init ] --END-- [ RunTime:0.001111s ]
INFO: [ app_begin ] --START--
INFO: Run Behavior\ReadHtmlCacheBehavior [ RunTime:0.001414s ]
INFO: [ app_begin ] --END-- [ RunTime:0.001489s ]
SQL: SHOW COLUMNS FROM `app_news` [ RunTime:0.0462s ]
SQL: SELECT * FROM `app_news` LIMIT 7   [ RunTime:0.0653s ]

[ 2016-11-01T15:57:29+08:00 ] ::1 /NewWorld/FEBE/BackEnd/index.php/Home/Music/getList?data=0
INFO: [ app_init ] --START--
INFO: Run Behavior\BuildLiteBehavior [ RunTime:0.000019s ]
INFO: [ app_init ] --END-- [ RunTime:0.000808s ]
INFO: [ app_begin ] --START--
INFO: Run Behavior\ReadHtmlCacheBehavior [ RunTime:0.001282s ]
INFO: [ app_begin ] --END-- [ RunTime:0.001362s ]
NOTIC: [8] Undefined variable: GET F:\xampp\htdocs\NewWorld\FEBE\BackEnd\Application\Home\Controller\MusicController.class.php 第 17 行.
SQL: SHOW COLUMNS FROM `app_music` [ RunTime:0.0492s ]
ERR: 1054:Unknown column 'mrc.music_id' in 'where clause'
 [ SQL语句 ] : SELECT music.music_id,music.name FROM `app_music` `music`,`app_singerrmusic` `srm`,`app_singer` `singer` WHERE ( music.music_id=mrc.music_id and mrc.class_id=class.class_id and class.class_id=1 ) ORDER BY listeners LIMIT 10  
ERR: 1054:Unknown column 'mrc.music_id' in 'where clause'
 [ SQL语句 ] : SELECT music.music_id,music.name FROM `app_music` `music`,`app_singerrmusic` `srm`,`app_singer` `singer` WHERE ( music.music_id=mrc.music_id and mrc.class_id=class.class_id and class.class_id=1 ) ORDER BY listeners LIMIT 10  

[ 2016-11-01T15:57:29+08:00 ] ::1 /NewWorld/FEBE/BackEnd/index.php/Home/Music/getList?data=2
INFO: [ app_init ] --START--
INFO: Run Behavior\BuildLiteBehavior [ RunTime:0.000021s ]
INFO: [ app_init ] --END-- [ RunTime:0.001737s ]
INFO: [ app_begin ] --START--
INFO: Run Behavior\ReadHtmlCacheBehavior [ RunTime:0.002305s ]
INFO: [ app_begin ] --END-- [ RunTime:0.002411s ]
NOTIC: [8] Undefined variable: GET F:\xampp\htdocs\NewWorld\FEBE\BackEnd\Application\Home\Controller\MusicController.class.php 第 17 行.
SQL: SHOW COLUMNS FROM `app_music` [ RunTime:0.0501s ]
ERR: 1054:Unknown column 'mrc.music_id' in 'where clause'
 [ SQL语句 ] : SELECT music.music_id,music.name FROM `app_music` `music`,`app_singerrmusic` `srm`,`app_singer` `singer` WHERE ( music.music_id=mrc.music_id and mrc.class_id=class.class_id and class.class_id=1 ) ORDER BY listeners LIMIT 10  
ERR: 1054:Unknown column 'mrc.music_id' in 'where clause'
 [ SQL语句 ] : SELECT music.music_id,music.name FROM `app_music` `music`,`app_singerrmusic` `srm`,`app_singer` `singer` WHERE ( music.music_id=mrc.music_id and mrc.class_id=class.class_id and class.class_id=1 ) ORDER BY listeners LIMIT 10  

[ 2016-11-01T15:57:29+08:00 ] ::1 /NewWorld/FEBE/BackEnd/index.php/Home/Music/getList?data=1
INFO: [ app_init ] --START--
INFO: Run Behavior\BuildLiteBehavior [ RunTime:0.000018s ]
INFO: [ app_init ] --END-- [ RunTime:0.001070s ]
INFO: [ app_begin ] --START--
INFO: Run Behavior\ReadHtmlCacheBehavior [ RunTime:0.001890s ]
INFO: [ app_begin ] --END-- [ RunTime:0.002002s ]
NOTIC: [8] Undefined variable: GET F:\xampp\htdocs\NewWorld\FEBE\BackEnd\Application\Home\Controller\MusicController.class.php 第 17 行.
SQL: SHOW COLUMNS FROM `app_music` [ RunTime:0.0400s ]
ERR: 1054:Unknown column 'mrc.music_id' in 'where clause'
 [ SQL语句 ] : SELECT music.music_id,music.name FROM `app_music` `music`,`app_singerrmusic` `srm`,`app_singer` `singer` WHERE ( music.music_id=mrc.music_id and mrc.class_id=class.class_id and class.class_id=1 ) ORDER BY listeners LIMIT 10  
ERR: 1054:Unknown column 'mrc.music_id' in 'where clause'
 [ SQL语句 ] : SELECT music.music_id,music.name FROM `app_music` `music`,`app_singerrmusic` `srm`,`app_singer` `singer` WHERE ( music.music_id=mrc.music_id and mrc.class_id=class.class_id and class.class_id=1 ) ORDER BY listeners LIMIT 10  

[ 2016-11-01T15:57:34+08:00 ] ::1 /NewWorld/FEBE/BackEnd/index.php/Home/Music/getList?data=0
INFO: [ app_init ] --START--
INFO: Run Behavior\BuildLiteBehavior [ RunTime:0.000017s ]
INFO: [ app_init ] --END-- [ RunTime:0.000752s ]
INFO: [ app_begin ] --START--
INFO: Run Behavior\ReadHtmlCacheBehavior [ RunTime:0.001238s ]
INFO: [ app_begin ] --END-- [ RunTime:0.001303s ]
NOTIC: [8] Undefined variable: GET F:\xampp\htdocs\NewWorld\FEBE\BackEnd\Application\Home\Controller\MusicController.class.php 第 17 行.
SQL: SHOW COLUMNS FROM `app_music` [ RunTime:0.0045s ]
ERR: 1054:Unknown column 'mrc.music_id' in 'where clause'
 [ SQL语句 ] : SELECT music.music_id,music.name FROM `app_music` `music`,`app_singerrmusic` `srm`,`app_singer` `singer` WHERE ( music.music_id=mrc.music_id and mrc.class_id=class.class_id and class.class_id=1 ) ORDER BY listeners LIMIT 10  
ERR: 1054:Unknown column 'mrc.music_id' in 'where clause'
 [ SQL语句 ] : SELECT music.music_id,music.name FROM `app_music` `music`,`app_singerrmusic` `srm`,`app_singer` `singer` WHERE ( music.music_id=mrc.music_id and mrc.class_id=class.class_id and class.class_id=1 ) ORDER BY listeners LIMIT 10  

[ 2016-11-01T15:57:34+08:00 ] ::1 /NewWorld/FEBE/BackEnd/index.php/Home/Music/getList?data=1
INFO: [ app_init ] --START--
INFO: Run Behavior\BuildLiteBehavior [ RunTime:0.000020s ]
INFO: [ app_init ] --END-- [ RunTime:0.000786s ]
INFO: [ app_begin ] --START--
INFO: Run Behavior\ReadHtmlCacheBehavior [ RunTime:0.001484s ]
INFO: [ app_begin ] --END-- [ RunTime:0.001553s ]
NOTIC: [8] Undefined variable: GET F:\xampp\htdocs\NewWorld\FEBE\BackEnd\Application\Home\Controller\MusicController.class.php 第 17 行.
SQL: SHOW COLUMNS FROM `app_music` [ RunTime:0.0048s ]
ERR: 1054:Unknown column 'mrc.music_id' in 'where clause'
 [ SQL语句 ] : SELECT music.music_id,music.name FROM `app_music` `music`,`app_singerrmusic` `srm`,`app_singer` `singer` WHERE ( music.music_id=mrc.music_id and mrc.class_id=class.class_id and class.class_id=1 ) ORDER BY listeners LIMIT 10  
ERR: 1054:Unknown column 'mrc.music_id' in 'where clause'
 [ SQL语句 ] : SELECT music.music_id,music.name FROM `app_music` `music`,`app_singerrmusic` `srm`,`app_singer` `singer` WHERE ( music.music_id=mrc.music_id and mrc.class_id=class.class_id and class.class_id=1 ) ORDER BY listeners LIMIT 10  

[ 2016-11-01T15:57:34+08:00 ] ::1 /NewWorld/FEBE/BackEnd/index.php/Home/Index/getNews
INFO: [ app_init ] --START--
INFO: Run Behavior\BuildLiteBehavior [ RunTime:0.000017s ]
INFO: [ app_init ] --END-- [ RunTime:0.000748s ]
INFO: [ app_begin ] --START--
INFO: Run Behavior\ReadHtmlCacheBehavior [ RunTime:0.001267s ]
INFO: [ app_begin ] --END-- [ RunTime:0.001350s ]
SQL: SHOW COLUMNS FROM `app_news` [ RunTime:0.0051s ]
SQL: SELECT * FROM `app_news` LIMIT 7   [ RunTime:0.0007s ]

[ 2016-11-01T15:57:34+08:00 ] ::1 /NewWorld/FEBE/BackEnd/index.php/Home/Music/getList?data=2
INFO: [ app_init ] --START--
INFO: Run Behavior\BuildLiteBehavior [ RunTime:0.000034s ]
INFO: [ app_init ] --END-- [ RunTime:0.003670s ]
INFO: [ app_begin ] --START--
INFO: Run Behavior\ReadHtmlCacheBehavior [ RunTime:0.002663s ]
INFO: [ app_begin ] --END-- [ RunTime:0.002769s ]
NOTIC: [8] Undefined variable: GET F:\xampp\htdocs\NewWorld\FEBE\BackEnd\Application\Home\Controller\MusicController.class.php 第 17 行.
SQL: SHOW COLUMNS FROM `app_music` [ RunTime:0.0163s ]
ERR: 1054:Unknown column 'mrc.music_id' in 'where clause'
 [ SQL语句 ] : SELECT music.music_id,music.name FROM `app_music` `music`,`app_singerrmusic` `srm`,`app_singer` `singer` WHERE ( music.music_id=mrc.music_id and mrc.class_id=class.class_id and class.class_id=1 ) ORDER BY listeners LIMIT 10  
ERR: 1054:Unknown column 'mrc.music_id' in 'where clause'
 [ SQL语句 ] : SELECT music.music_id,music.name FROM `app_music` `music`,`app_singerrmusic` `srm`,`app_singer` `singer` WHERE ( music.music_id=mrc.music_id and mrc.class_id=class.class_id and class.class_id=1 ) ORDER BY listeners LIMIT 10  

[ 2016-11-01T16:14:29+08:00 ] ::1 /NewWorld/FEBE/BackEnd/index.php/Home/Music/getList
INFO: [ app_init ] --START--
INFO: Run Behavior\BuildLiteBehavior [ RunTime:0.000018s ]
INFO: [ app_init ] --END-- [ RunTime:0.000875s ]
INFO: [ app_begin ] --START--
INFO: Run Behavior\ReadHtmlCacheBehavior [ RunTime:0.001072s ]
INFO: [ app_begin ] --END-- [ RunTime:0.001132s ]
INFO: [ app_end ] --START--
INFO: Run Behavior\ShowPageTraceBehavior [ RunTime:0.024267s ]
INFO: [ app_end ] --END-- [ RunTime:0.024338s ]

[ 2016-11-01T16:33:10+08:00 ] ::1 /NewWorld/FEBE/BackEnd/index.php/Home/Music/getList
INFO: [ app_init ] --START--
INFO: Run Behavior\BuildLiteBehavior [ RunTime:0.000015s ]
INFO: [ app_init ] --END-- [ RunTime:0.000733s ]
INFO: [ app_begin ] --START--
INFO: Run Behavior\ReadHtmlCacheBehavior [ RunTime:0.001046s ]
INFO: [ app_begin ] --END-- [ RunTime:0.001118s ]
INFO: [ app_end ] --START--
INFO: Run Behavior\ShowPageTraceBehavior [ RunTime:0.000955s ]
INFO: [ app_end ] --END-- [ RunTime:0.001013s ]

[ 2016-11-01T16:33:11+08:00 ] ::1 /NewWorld/FEBE/BackEnd/index.php/Home/Music/getList
INFO: [ app_init ] --START--
INFO: Run Behavior\BuildLiteBehavior [ RunTime:0.000013s ]
INFO: [ app_init ] --END-- [ RunTime:0.000583s ]
INFO: [ app_begin ] --START--
INFO: Run Behavior\ReadHtmlCacheBehavior [ RunTime:0.000847s ]
INFO: [ app_begin ] --END-- [ RunTime:0.000902s ]
INFO: [ app_end ] --START--
INFO: Run Behavior\ShowPageTraceBehavior [ RunTime:0.001197s ]
INFO: [ app_end ] --END-- [ RunTime:0.001269s ]

[ 2016-11-01T16:33:22+08:00 ] ::1 /NewWorld/FEBE/BackEnd/index.php/Home/Music/getList?data=0
INFO: [ app_init ] --START--
INFO: Run Behavior\BuildLiteBehavior [ RunTime:0.000015s ]
INFO: [ app_init ] --END-- [ RunTime:0.000549s ]
INFO: [ app_begin ] --START--
INFO: Run Behavior\ReadHtmlCacheBehavior [ RunTime:0.001174s ]
INFO: [ app_begin ] --END-- [ RunTime:0.001240s ]
NOTIC: [8] Undefined variable: GET F:\xampp\htdocs\NewWorld\FEBE\BackEnd\Application\Home\Controller\MusicController.class.php 第 17 行.
SQL: SHOW COLUMNS FROM `app_music` [ RunTime:0.0394s ]
ERR: 1054:Unknown column 'mrc.music_id' in 'where clause'
 [ SQL语句 ] : SELECT music.music_id,music.name FROM `app_music` `music`,`app_singerrmusic` `srm`,`app_singer` `singer` WHERE ( music.music_id=mrc.music_id and mrc.class_id=class.class_id and class.class_id=1 ) ORDER BY listeners LIMIT 10  
ERR: 1054:Unknown column 'mrc.music_id' in 'where clause'
 [ SQL语句 ] : SELECT music.music_id,music.name FROM `app_music` `music`,`app_singerrmusic` `srm`,`app_singer` `singer` WHERE ( music.music_id=mrc.music_id and mrc.class_id=class.class_id and class.class_id=1 ) ORDER BY listeners LIMIT 10  

[ 2016-11-01T16:34:05+08:00 ] ::1 /NewWorld/FEBE/BackEnd/index.php/Home/Music/getItem?id=2
INFO: [ app_init ] --START--
INFO: Run Behavior\BuildLiteBehavior [ RunTime:0.000023s ]
INFO: [ app_init ] --END-- [ RunTime:0.000841s ]
INFO: [ app_begin ] --START--
INFO: Run Behavior\ReadHtmlCacheBehavior [ RunTime:0.001155s ]
INFO: [ app_begin ] --END-- [ RunTime:0.001242s ]
SQL: SHOW COLUMNS FROM `app_music` [ RunTime:0.0118s ]
SQL: SELECT music.music_id,music.name FROM `app_music` `music`,`app_singerrmusic` `srm`,`app_singer` `singer` WHERE ( music.music_id=srm.music_id and srm.singer_id=singer.singer_id and music.music_id=2 )  [ RunTime:0.0011s ]

[ 2016-11-01T16:34:40+08:00 ] ::1 /NewWorld/FEBE/BackEnd/index.php/Home/Music/getItem?id=2
INFO: [ app_init ] --START--
INFO: Run Behavior\BuildLiteBehavior [ RunTime:0.000014s ]
INFO: [ app_init ] --END-- [ RunTime:0.000579s ]
INFO: [ app_begin ] --START--
INFO: Run Behavior\ReadHtmlCacheBehavior [ RunTime:0.001611s ]
INFO: [ app_begin ] --END-- [ RunTime:0.001686s ]
SQL: SHOW COLUMNS FROM `app_music` [ RunTime:0.0053s ]
SQL: SELECT music.music_id,music.name FROM `app_music` `music`,`app_singerrmusic` `srm`,`app_singer` `singer` WHERE ( music.music_id=srm.music_id and srm.singer_id=singer.singer_id and music.music_id=2 )  [ RunTime:0.0006s ]

[ 2016-11-01T16:34:40+08:00 ] ::1 /NewWorld/FEBE/BackEnd/index.php/Home/Music/getItem?id=2
INFO: [ app_init ] --START--
INFO: Run Behavior\BuildLiteBehavior [ RunTime:0.000018s ]
INFO: [ app_init ] --END-- [ RunTime:0.000620s ]
INFO: [ app_begin ] --START--
INFO: Run Behavior\ReadHtmlCacheBehavior [ RunTime:0.000856s ]
INFO: [ app_begin ] --END-- [ RunTime:0.000915s ]
SQL: SHOW COLUMNS FROM `app_music` [ RunTime:0.0036s ]
SQL: SELECT music.music_id,music.name FROM `app_music` `music`,`app_singerrmusic` `srm`,`app_singer` `singer` WHERE ( music.music_id=srm.music_id and srm.singer_id=singer.singer_id and music.music_id=2 )  [ RunTime:0.0004s ]

[ 2016-11-01T16:34:51+08:00 ] ::1 /NewWorld/FEBE/BackEnd/index.php/Home/Music/getList?data=0
INFO: [ app_init ] --START--
INFO: Run Behavior\BuildLiteBehavior [ RunTime:0.000016s ]
INFO: [ app_init ] --END-- [ RunTime:0.000800s ]
INFO: [ app_begin ] --START--
INFO: Run Behavior\ReadHtmlCacheBehavior [ RunTime:0.001015s ]
INFO: [ app_begin ] --END-- [ RunTime:0.001074s ]
NOTIC: [8] Undefined variable: GET F:\xampp\htdocs\NewWorld\FEBE\BackEnd\Application\Home\Controller\MusicController.class.php 第 17 行.
SQL: SHOW COLUMNS FROM `app_music` [ RunTime:0.0043s ]
ERR: 1054:Unknown column 'mrc.music_id' in 'where clause'
 [ SQL语句 ] : SELECT music.music_id,music.name FROM `app_music` `music`,`app_singerrmusic` `srm`,`app_singer` `singer` WHERE ( music.music_id=mrc.music_id and mrc.class_id=class.class_id and class.class_id=1 ) ORDER BY listeners LIMIT 10  
ERR: 1054:Unknown column 'mrc.music_id' in 'where clause'
 [ SQL语句 ] : SELECT music.music_id,music.name FROM `app_music` `music`,`app_singerrmusic` `srm`,`app_singer` `singer` WHERE ( music.music_id=mrc.music_id and mrc.class_id=class.class_id and class.class_id=1 ) ORDER BY listeners LIMIT 10  

[ 2016-11-01T16:35:37+08:00 ] ::1 /NewWorld/FEBE/BackEnd/index.php/Home/Music/getList?data=0
INFO: [ app_init ] --START--
INFO: Run Behavior\BuildLiteBehavior [ RunTime:0.000027s ]
INFO: [ app_init ] --END-- [ RunTime:0.000968s ]
INFO: [ app_begin ] --START--
INFO: Run Behavior\ReadHtmlCacheBehavior [ RunTime:0.001323s ]
INFO: [ app_begin ] --END-- [ RunTime:0.001399s ]
NOTIC: [8] Undefined variable: GET F:\xampp\htdocs\NewWorld\FEBE\BackEnd\Application\Home\Controller\MusicController.class.php 第 17 行.
SQL: SHOW COLUMNS FROM `app_music` [ RunTime:0.0034s ]
ERR: 1054:Unknown column 'mrc.music_id' in 'where clause'
 [ SQL语句 ] : SELECT music.music_id,music.name FROM `app_music` `music`,`app_singerrmusic` `srm`,`app_singer` `singer` WHERE ( music.music_id=mrc.music_id and mrc.class_id=class.class_id and class.class_id=1 ) ORDER BY listeners LIMIT 10  
ERR: 1054:Unknown column 'mrc.music_id' in 'where clause'
 [ SQL语句 ] : SELECT music.music_id,music.name FROM `app_music` `music`,`app_singerrmusic` `srm`,`app_singer` `singer` WHERE ( music.music_id=mrc.music_id and mrc.class_id=class.class_id and class.class_id=1 ) ORDER BY listeners LIMIT 10  

[ 2016-11-01T16:36:23+08:00 ] ::1 /NewWorld/FEBE/BackEnd/index.php/Home/Music/getList?data=0
INFO: [ app_init ] --START--
INFO: Run Behavior\BuildLiteBehavior [ RunTime:0.000025s ]
INFO: [ app_init ] --END-- [ RunTime:0.000839s ]
INFO: [ app_begin ] --START--
INFO: Run Behavior\ReadHtmlCacheBehavior [ RunTime:0.001118s ]
INFO: [ app_begin ] --END-- [ RunTime:0.001196s ]
NOTIC: [8] Undefined variable: GET F:\xampp\htdocs\NewWorld\FEBE\BackEnd\Application\Home\Controller\MusicController.class.php 第 17 行.
SQL: SHOW COLUMNS FROM `app_music` [ RunTime:0.0036s ]
SQL: SELECT music.music_id,music.name FROM `app_music` `music`,`app_musicrclass` `mrc`,`app_class` `class` WHERE ( music.music_id=mrc.music_id and mrc.class_id=class.class_id and class.class_id=1 ) ORDER BY listeners LIMIT 10   [ RunTime:0.0051s ]

[ 2016-11-01T16:36:26+08:00 ] ::1 /NewWorld/FEBE/BackEnd/index.php/Home/Music/getList?data=1
INFO: [ app_init ] --START--
INFO: Run Behavior\BuildLiteBehavior [ RunTime:0.000017s ]
INFO: [ app_init ] --END-- [ RunTime:0.000715s ]
INFO: [ app_begin ] --START--
INFO: Run Behavior\ReadHtmlCacheBehavior [ RunTime:0.001382s ]
INFO: [ app_begin ] --END-- [ RunTime:0.001467s ]
NOTIC: [8] Undefined variable: GET F:\xampp\htdocs\NewWorld\FEBE\BackEnd\Application\Home\Controller\MusicController.class.php 第 17 行.
SQL: SHOW COLUMNS FROM `app_music` [ RunTime:0.0056s ]
SQL: SELECT music.music_id,music.name FROM `app_music` `music`,`app_musicrclass` `mrc`,`app_class` `class` WHERE ( music.music_id=mrc.music_id and mrc.class_id=class.class_id and class.class_id=1 ) ORDER BY listeners LIMIT 10   [ RunTime:0.0068s ]

[ 2016-11-01T16:36:26+08:00 ] ::1 /NewWorld/FEBE/BackEnd/index.php/Home/Index/getNews
INFO: [ app_init ] --START--
INFO: Run Behavior\BuildLiteBehavior [ RunTime:0.000018s ]
INFO: [ app_init ] --END-- [ RunTime:0.000700s ]
INFO: [ app_begin ] --START--
INFO: Run Behavior\ReadHtmlCacheBehavior [ RunTime:0.001779s ]
INFO: [ app_begin ] --END-- [ RunTime:0.001852s ]
SQL: SHOW COLUMNS FROM `app_news` [ RunTime:0.0050s ]
SQL: SELECT * FROM `app_news` LIMIT 7   [ RunTime:0.0005s ]

[ 2016-11-01T16:36:26+08:00 ] ::1 /NewWorld/FEBE/BackEnd/index.php/Home/Music/getList?data=2
INFO: [ app_init ] --START--
INFO: Run Behavior\BuildLiteBehavior [ RunTime:0.000016s ]
INFO: [ app_init ] --END-- [ RunTime:0.000819s ]
INFO: [ app_begin ] --START--
INFO: Run Behavior\ReadHtmlCacheBehavior [ RunTime:0.001211s ]
INFO: [ app_begin ] --END-- [ RunTime:0.001304s ]
NOTIC: [8] Undefined variable: GET F:\xampp\htdocs\NewWorld\FEBE\BackEnd\Application\Home\Controller\MusicController.class.php 第 17 行.
SQL: SHOW COLUMNS FROM `app_music` [ RunTime:0.0221s ]
SQL: SELECT music.music_id,music.name FROM `app_music` `music`,`app_musicrclass` `mrc`,`app_class` `class` WHERE ( music.music_id=mrc.music_id and mrc.class_id=class.class_id and class.class_id=1 ) ORDER BY listeners LIMIT 10   [ RunTime:0.0066s ]

[ 2016-11-01T16:36:26+08:00 ] ::1 /NewWorld/FEBE/BackEnd/index.php/Home/Music/getList?data=0
INFO: [ app_init ] --START--
INFO: Run Behavior\BuildLiteBehavior [ RunTime:0.000020s ]
INFO: [ app_init ] --END-- [ RunTime:0.000840s ]
INFO: [ app_begin ] --START--
INFO: Run Behavior\ReadHtmlCacheBehavior [ RunTime:0.001388s ]
INFO: [ app_begin ] --END-- [ RunTime:0.001469s ]
NOTIC: [8] Undefined variable: GET F:\xampp\htdocs\NewWorld\FEBE\BackEnd\Application\Home\Controller\MusicController.class.php 第 17 行.
SQL: SHOW COLUMNS FROM `app_music` [ RunTime:0.0039s ]
SQL: SELECT music.music_id,music.name FROM `app_music` `music`,`app_musicrclass` `mrc`,`app_class` `class` WHERE ( music.music_id=mrc.music_id and mrc.class_id=class.class_id and class.class_id=1 ) ORDER BY listeners LIMIT 10   [ RunTime:0.0055s ]

[ 2016-11-01T16:56:46+08:00 ] ::1 /NewWorld/FEBE/BackEnd/index.php/Home/User/reg
INFO: [ app_init ] --START--
INFO: Run Behavior\BuildLiteBehavior [ RunTime:0.000018s ]
INFO: [ app_init ] --END-- [ RunTime:0.000809s ]
INFO: [ app_begin ] --START--
INFO: Run Behavior\ReadHtmlCacheBehavior [ RunTime:0.001090s ]
INFO: [ app_begin ] --END-- [ RunTime:0.001156s ]
SQL: SHOW COLUMNS FROM `app_user` [ RunTime:0.0250s ]
SQL: SHOW COLUMNS FROM `app_user` [ RunTime:0.1140s ]
SQL: INSERT INTO `app_user` (`email`,`pwd`) VALUES ('456@qq.com','456') [ RunTime:0.0428s ]
INFO: [ app_end ] --START--
INFO: Run Behavior\ShowPageTraceBehavior [ RunTime:0.002684s ]
INFO: [ app_end ] --END-- [ RunTime:0.002839s ]

[ 2016-11-01T16:57:22+08:00 ] ::1 /NewWorld/FEBE/BackEnd/index.php/Home/User/reg
INFO: [ app_init ] --START--
INFO: Run Behavior\BuildLiteBehavior [ RunTime:0.000015s ]
INFO: [ app_init ] --END-- [ RunTime:0.000577s ]
INFO: [ app_begin ] --START--
INFO: Run Behavior\ReadHtmlCacheBehavior [ RunTime:0.001052s ]
INFO: [ app_begin ] --END-- [ RunTime:0.001122s ]
SQL: SHOW COLUMNS FROM `app_user` [ RunTime:0.0051s ]
SQL: SHOW COLUMNS FROM `app_user` [ RunTime:0.0052s ]
SQL: INSERT INTO `app_user` () VALUES () [ RunTime:0.0007s ]
INFO: [ app_end ] --START--
INFO: Run Behavior\ShowPageTraceBehavior [ RunTime:0.001997s ]
INFO: [ app_end ] --END-- [ RunTime:0.002080s ]

[ 2016-11-01T17:00:27+08:00 ] ::1 /NewWorld/FEBE/BackEnd/index.php/Home/User/reg
INFO: [ app_init ] --START--
INFO: Run Behavior\BuildLiteBehavior [ RunTime:0.000016s ]
INFO: [ app_init ] --END-- [ RunTime:0.000593s ]
INFO: [ app_begin ] --START--
INFO: Run Behavior\ReadHtmlCacheBehavior [ RunTime:0.001216s ]
INFO: [ app_begin ] --END-- [ RunTime:0.001277s ]
SQL: SHOW COLUMNS FROM `app_user` [ RunTime:0.0035s ]
SQL: SHOW COLUMNS FROM `app_user` [ RunTime:0.0033s ]

[ 2016-11-01T17:00:36+08:00 ] ::1 /NewWorld/FEBE/BackEnd/index.php/Home/User/reg
INFO: [ app_init ] --START--
INFO: Run Behavior\BuildLiteBehavior [ RunTime:0.000027s ]
INFO: [ app_init ] --END-- [ RunTime:0.001240s ]
INFO: [ app_begin ] --START--
INFO: Run Behavior\ReadHtmlCacheBehavior [ RunTime:0.001325s ]
INFO: [ app_begin ] --END-- [ RunTime:0.001433s ]
SQL: SHOW COLUMNS FROM `app_user` [ RunTime:0.0034s ]
SQL: SHOW COLUMNS FROM `app_user` [ RunTime:0.0034s ]

[ 2016-11-01T17:00:46+08:00 ] ::1 /NewWorld/FEBE/BackEnd/index.php/Home/User/reg
INFO: [ app_init ] --START--
INFO: Run Behavior\BuildLiteBehavior [ RunTime:0.000015s ]
INFO: [ app_init ] --END-- [ RunTime:0.000547s ]
INFO: [ app_begin ] --START--
INFO: Run Behavior\ReadHtmlCacheBehavior [ RunTime:0.001726s ]
INFO: [ app_begin ] --END-- [ RunTime:0.001815s ]
SQL: SHOW COLUMNS FROM `app_user` [ RunTime:0.0033s ]
SQL: SHOW COLUMNS FROM `app_user` [ RunTime:0.0036s ]

[ 2016-11-01T17:00:52+08:00 ] ::1 /NewWorld/FEBE/BackEnd/index.php/Home/User/reg
INFO: [ app_init ] --START--
INFO: Run Behavior\BuildLiteBehavior [ RunTime:0.000014s ]
INFO: [ app_init ] --END-- [ RunTime:0.000687s ]
INFO: [ app_begin ] --START--
INFO: Run Behavior\ReadHtmlCacheBehavior [ RunTime:0.001032s ]
INFO: [ app_begin ] --END-- [ RunTime:0.001085s ]
SQL: SHOW COLUMNS FROM `app_user` [ RunTime:0.0038s ]
SQL: SHOW COLUMNS FROM `app_user` [ RunTime:0.0043s ]
NOTIC: [2] date() expects at least 1 parameter, 0 given F:\xampp\htdocs\NewWorld\FEBE\BackEnd\Application\Home\Model\UserModel.class.php 第 17 行.
SQL: INSERT INTO `app_user` () VALUES () [ RunTime:0.0005s ]
ERR: 1062:Duplicate entry '32' for key 'PRIMARY'
 [ SQL语句 ] : INSERT INTO `app_user` (`id`) VALUES ('32')
ERR: 1062:Duplicate entry '32' for key 'PRIMARY'
 [ SQL语句 ] : INSERT INTO `app_user` (`id`) VALUES ('32')

[ 2016-11-01T17:01:11+08:00 ] ::1 /NewWorld/FEBE/BackEnd/index.php/Home/User/reg
INFO: [ app_init ] --START--
INFO: Run Behavior\BuildLiteBehavior [ RunTime:0.000019s ]
INFO: [ app_init ] --END-- [ RunTime:0.000919s ]
INFO: [ app_begin ] --START--
INFO: Run Behavior\ReadHtmlCacheBehavior [ RunTime:0.001113s ]
INFO: [ app_begin ] --END-- [ RunTime:0.001188s ]
SQL: SHOW COLUMNS FROM `app_user` [ RunTime:0.0035s ]
SQL: SHOW COLUMNS FROM `app_user` [ RunTime:0.0036s ]
NOTIC: [2] date() expects at least 1 parameter, 0 given F:\xampp\htdocs\NewWorld\FEBE\BackEnd\Application\Home\Model\UserModel.class.php 第 17 行.
SQL: INSERT INTO `app_user` () VALUES () [ RunTime:0.0004s ]
SQL: INSERT INTO `app_user` () VALUES () [ RunTime:0.0002s ]
INFO: [ app_end ] --START--
INFO: Run Behavior\ShowPageTraceBehavior [ RunTime:0.001084s ]
INFO: [ app_end ] --END-- [ RunTime:0.001142s ]

[ 2016-11-01T17:31:23+08:00 ] ::1 /NewWorld/FEBE/BackEnd/index.php/Home/User/reg
INFO: [ app_init ] --START--
INFO: Run Behavior\BuildLiteBehavior [ RunTime:0.000015s ]
INFO: [ app_init ] --END-- [ RunTime:0.000633s ]
INFO: [ app_begin ] --START--
INFO: Run Behavior\ReadHtmlCacheBehavior [ RunTime:0.001357s ]
INFO: [ app_begin ] --END-- [ RunTime:0.001487s ]
SQL: SHOW COLUMNS FROM `app_user` [ RunTime:0.0057s ]
SQL: SHOW COLUMNS FROM `app_user` [ RunTime:0.0055s ]
SQL: INSERT INTO `app_user` () VALUES () [ RunTime:0.0008s ]
SQL: INSERT INTO `app_user` () VALUES () [ RunTime:0.0003s ]
INFO: [ app_end ] --START--
INFO: Run Behavior\ShowPageTraceBehavior [ RunTime:0.001659s ]
INFO: [ app_end ] --END-- [ RunTime:0.001732s ]

[ 2016-11-01T17:31:24+08:00 ] ::1 /NewWorld/FEBE/BackEnd/index.php/Home/User/reg
INFO: [ app_init ] --START--
INFO: Run Behavior\BuildLiteBehavior [ RunTime:0.000014s ]
INFO: [ app_init ] --END-- [ RunTime:0.000540s ]
INFO: [ app_begin ] --START--
INFO: Run Behavior\ReadHtmlCacheBehavior [ RunTime:0.000962s ]
INFO: [ app_begin ] --END-- [ RunTime:0.001017s ]
SQL: SHOW COLUMNS FROM `app_user` [ RunTime:0.0035s ]
SQL: SHOW COLUMNS FROM `app_user` [ RunTime:0.0043s ]
SQL: INSERT INTO `app_user` () VALUES () [ RunTime:0.0003s ]
SQL: INSERT INTO `app_user` () VALUES () [ RunTime:0.0003s ]
INFO: [ app_end ] --START--
INFO: Run Behavior\ShowPageTraceBehavior [ RunTime:0.001499s ]
INFO: [ app_end ] --END-- [ RunTime:0.001575s ]

[ 2016-11-01T17:36:52+08:00 ] ::1 /NewWorld/FEBE/BackEnd/index.php/Home/User/reg
INFO: [ app_init ] --START--
INFO: Run Behavior\BuildLiteBehavior [ RunTime:0.000014s ]
INFO: [ app_init ] --END-- [ RunTime:0.000543s ]
INFO: [ app_begin ] --START--
INFO: Run Behavior\ReadHtmlCacheBehavior [ RunTime:0.001098s ]
INFO: [ app_begin ] --END-- [ RunTime:0.001175s ]
INFO: [ app_end ] --START--
INFO: Run Behavior\ShowPageTraceBehavior [ RunTime:0.001483s ]
INFO: [ app_end ] --END-- [ RunTime:0.001592s ]

[ 2016-11-01T17:37:09+08:00 ] ::1 /NewWorld/FEBE/BackEnd/index.php/Home/User/reg
INFO: [ app_init ] --START--
INFO: Run Behavior\BuildLiteBehavior [ RunTime:0.000015s ]
INFO: [ app_init ] --END-- [ RunTime:0.000641s ]
INFO: [ app_begin ] --START--
INFO: Run Behavior\ReadHtmlCacheBehavior [ RunTime:0.001010s ]
INFO: [ app_begin ] --END-- [ RunTime:0.001064s ]

[ 2016-11-01T17:37:16+08:00 ] ::1 /NewWorld/FEBE/BackEnd/index.php/Home/User/reg
INFO: [ app_init ] --START--
INFO: Run Behavior\BuildLiteBehavior [ RunTime:0.000015s ]
INFO: [ app_init ] --END-- [ RunTime:0.000613s ]
INFO: [ app_begin ] --START--
INFO: Run Behavior\ReadHtmlCacheBehavior [ RunTime:0.000923s ]
INFO: [ app_begin ] --END-- [ RunTime:0.000987s ]
INFO: [ app_end ] --START--
INFO: Run Behavior\ShowPageTraceBehavior [ RunTime:0.000937s ]
INFO: [ app_end ] --END-- [ RunTime:0.001022s ]

[ 2016-11-01T17:37:20+08:00 ] ::1 /NewWorld/FEBE/BackEnd/index.php/Home/User/reg
INFO: [ app_init ] --START--
INFO: Run Behavior\BuildLiteBehavior [ RunTime:0.000019s ]
INFO: [ app_init ] --END-- [ RunTime:0.000961s ]
INFO: [ app_begin ] --START--
INFO: Run Behavior\ReadHtmlCacheBehavior [ RunTime:0.001018s ]
INFO: [ app_begin ] --END-- [ RunTime:0.001087s ]
INFO: [ app_end ] --START--
INFO: Run Behavior\ShowPageTraceBehavior [ RunTime:0.000869s ]
INFO: [ app_end ] --END-- [ RunTime:0.000928s ]

[ 2016-11-01T17:46:37+08:00 ] ::1 /NewWorld/FEBE/BackEnd/index.php/Home/User/reg
INFO: [ app_init ] --START--
INFO: Run Behavior\BuildLiteBehavior [ RunTime:0.000023s ]
INFO: [ app_init ] --END-- [ RunTime:0.001002s ]
INFO: [ app_begin ] --START--
INFO: Run Behavior\ReadHtmlCacheBehavior [ RunTime:0.001061s ]
INFO: [ app_begin ] --END-- [ RunTime:0.001137s ]
SQL: SHOW COLUMNS FROM `app_user` [ RunTime:0.0065s ]
SQL: SHOW COLUMNS FROM `app_user` [ RunTime:0.0062s ]
SQL: INSERT INTO `app_user` () VALUES () [ RunTime:0.0006s ]
SQL: INSERT INTO `app_user` () VALUES () [ RunTime:0.0003s ]
INFO: [ app_end ] --START--
INFO: Run Behavior\ShowPageTraceBehavior [ RunTime:0.001254s ]
INFO: [ app_end ] --END-- [ RunTime:0.001322s ]

[ 2016-11-01T17:47:21+08:00 ] ::1 /NewWorld/FEBE/BackEnd/index.php/Home/User/reg
INFO: [ app_init ] --START--
INFO: Run Behavior\BuildLiteBehavior [ RunTime:0.000051s ]
INFO: [ app_init ] --END-- [ RunTime:0.001223s ]
INFO: [ app_begin ] --START--
INFO: Run Behavior\ReadHtmlCacheBehavior [ RunTime:0.001049s ]
INFO: [ app_begin ] --END-- [ RunTime:0.001124s ]
INFO: [ app_end ] --START--
INFO: Run Behavior\ShowPageTraceBehavior [ RunTime:0.001328s ]
INFO: [ app_end ] --END-- [ RunTime:0.001404s ]

[ 2016-11-01T17:47:41+08:00 ] ::1 /NewWorld/FEBE/BackEnd/index.php/Home/User/reg
INFO: [ app_init ] --START--
INFO: Run Behavior\BuildLiteBehavior [ RunTime:0.000015s ]
INFO: [ app_init ] --END-- [ RunTime:0.000536s ]
INFO: [ app_begin ] --START--
INFO: Run Behavior\ReadHtmlCacheBehavior [ RunTime:0.000842s ]
INFO: [ app_begin ] --END-- [ RunTime:0.000900s ]

[ 2016-11-01T17:47:52+08:00 ] ::1 /NewWorld/FEBE/BackEnd/index.php/Home/User/reg
INFO: [ app_init ] --START--
INFO: Run Behavior\BuildLiteBehavior [ RunTime:0.000018s ]
INFO: [ app_init ] --END-- [ RunTime:0.000833s ]
INFO: [ app_begin ] --START--
INFO: Run Behavior\ReadHtmlCacheBehavior [ RunTime:0.001673s ]
INFO: [ app_begin ] --END-- [ RunTime:0.001899s ]

[ 2016-11-01T17:47:53+08:00 ] ::1 /NewWorld/FEBE/BackEnd/index.php/Home/User/reg
INFO: [ app_init ] --START--
INFO: Run Behavior\BuildLiteBehavior [ RunTime:0.000018s ]
INFO: [ app_init ] --END-- [ RunTime:0.000793s ]
INFO: [ app_begin ] --START--
INFO: Run Behavior\ReadHtmlCacheBehavior [ RunTime:0.000988s ]
INFO: [ app_begin ] --END-- [ RunTime:0.001047s ]

[ 2016-11-01T17:47:53+08:00 ] ::1 /NewWorld/FEBE/BackEnd/index.php/Home/User/reg
INFO: [ app_init ] --START--
INFO: Run Behavior\BuildLiteBehavior [ RunTime:0.000013s ]
INFO: [ app_init ] --END-- [ RunTime:0.000578s ]
INFO: [ app_begin ] --START--
INFO: Run Behavior\ReadHtmlCacheBehavior [ RunTime:0.001021s ]
INFO: [ app_begin ] --END-- [ RunTime:0.001092s ]

[ 2016-11-01T17:47:53+08:00 ] ::1 /NewWorld/FEBE/BackEnd/index.php/Home/User/reg
INFO: [ app_init ] --START--
INFO: Run Behavior\BuildLiteBehavior [ RunTime:0.000016s ]
INFO: [ app_init ] --END-- [ RunTime:0.000643s ]
INFO: [ app_begin ] --START--
INFO: Run Behavior\ReadHtmlCacheBehavior [ RunTime:0.001243s ]
INFO: [ app_begin ] --END-- [ RunTime:0.001335s ]

[ 2016-11-01T17:48:24+08:00 ] ::1 /NewWorld/FEBE/BackEnd/index.php/Home/User/reg
INFO: [ app_init ] --START--
INFO: Run Behavior\BuildLiteBehavior [ RunTime:0.000027s ]
INFO: [ app_init ] --END-- [ RunTime:0.001253s ]
INFO: [ app_begin ] --START--
INFO: Run Behavior\ReadHtmlCacheBehavior [ RunTime:0.000911s ]
INFO: [ app_begin ] --END-- [ RunTime:0.000976s ]
INFO: [ app_end ] --START--
INFO: Run Behavior\ShowPageTraceBehavior [ RunTime:0.000862s ]
INFO: [ app_end ] --END-- [ RunTime:0.000923s ]

[ 2016-11-01T17:48:26+08:00 ] ::1 /NewWorld/FEBE/BackEnd/index.php/Home/User/reg
INFO: [ app_init ] --START--
INFO: Run Behavior\BuildLiteBehavior [ RunTime:0.000014s ]
INFO: [ app_init ] --END-- [ RunTime:0.000549s ]
INFO: [ app_begin ] --START--
INFO: Run Behavior\ReadHtmlCacheBehavior [ RunTime:0.000766s ]
INFO: [ app_begin ] --END-- [ RunTime:0.000822s ]
INFO: [ app_end ] --START--
INFO: Run Behavior\ShowPageTraceBehavior [ RunTime:0.001062s ]
INFO: [ app_end ] --END-- [ RunTime:0.001144s ]

[ 2016-11-01T17:48:37+08:00 ] ::1 /NewWorld/FEBE/BackEnd/index.php/Home/User/reg
INFO: [ app_init ] --START--
INFO: Run Behavior\BuildLiteBehavior [ RunTime:0.000014s ]
INFO: [ app_init ] --END-- [ RunTime:0.000596s ]
INFO: [ app_begin ] --START--
INFO: Run Behavior\ReadHtmlCacheBehavior [ RunTime:0.002041s ]
INFO: [ app_begin ] --END-- [ RunTime:0.002124s ]
INFO: [ app_end ] --START--
INFO: Run Behavior\ShowPageTraceBehavior [ RunTime:0.001184s ]
INFO: [ app_end ] --END-- [ RunTime:0.001259s ]

[ 2016-11-01T17:48:55+08:00 ] ::1 /NewWorld/FEBE/BackEnd/index.php/Home/User/reg
INFO: [ app_init ] --START--
INFO: Run Behavior\BuildLiteBehavior [ RunTime:0.000015s ]
INFO: [ app_init ] --END-- [ RunTime:0.000573s ]
INFO: [ app_begin ] --START--
INFO: Run Behavior\ReadHtmlCacheBehavior [ RunTime:0.000849s ]
INFO: [ app_begin ] --END-- [ RunTime:0.000916s ]
SQL: SHOW COLUMNS FROM `app_user` [ RunTime:0.0040s ]
SQL: SHOW COLUMNS FROM `app_user` [ RunTime:0.0033s ]
SQL: INSERT INTO `app_user` () VALUES () [ RunTime:0.0003s ]
SQL: INSERT INTO `app_user` () VALUES () [ RunTime:0.0002s ]
INFO: [ app_end ] --START--
INFO: Run Behavior\ShowPageTraceBehavior [ RunTime:0.001300s ]
INFO: [ app_end ] --END-- [ RunTime:0.001387s ]

[ 2016-11-01T17:49:26+08:00 ] ::1 /NewWorld/FEBE/BackEnd/index.php/Home/User/reg
INFO: [ app_init ] --START--
INFO: Run Behavior\BuildLiteBehavior [ RunTime:0.000019s ]
INFO: [ app_init ] --END-- [ RunTime:0.000790s ]
INFO: [ app_begin ] --START--
INFO: Run Behavior\ReadHtmlCacheBehavior [ RunTime:0.000983s ]
INFO: [ app_begin ] --END-- [ RunTime:0.001057s ]
SQL: SHOW COLUMNS FROM `app_user` [ RunTime:0.0039s ]
SQL: SHOW COLUMNS FROM `app_user` [ RunTime:0.0047s ]
SQL: INSERT INTO `app_user` (`email`,`pwd`,`regDate`,`root`) VALUES ('456@qq.com','456','2016-11-01','0') [ RunTime:0.0004s ]
SQL: INSERT INTO `app_user` () VALUES () [ RunTime:0.0002s ]
INFO: [ app_end ] --START--
INFO: Run Behavior\ShowPageTraceBehavior [ RunTime:0.001634s ]
INFO: [ app_end ] --END-- [ RunTime:0.001708s ]

[ 2016-11-01T17:50:40+08:00 ] ::1 /NewWorld/FEBE/BackEnd/index.php/Home/User/reg
INFO: [ app_init ] --START--
INFO: Run Behavior\BuildLiteBehavior [ RunTime:0.000019s ]
INFO: [ app_init ] --END-- [ RunTime:0.000869s ]
INFO: [ app_begin ] --START--
INFO: Run Behavior\ReadHtmlCacheBehavior [ RunTime:0.001321s ]
INFO: [ app_begin ] --END-- [ RunTime:0.001384s ]
SQL: SHOW COLUMNS FROM `app_user` [ RunTime:0.0038s ]
SQL: SHOW COLUMNS FROM `app_user` [ RunTime:0.0042s ]
SQL: INSERT INTO `app_user` (`email`,`pwd`,`regDate`,`root`) VALUES ('456@qq.com','456','2016-11-01','0') [ RunTime:0.0004s ]
SQL: INSERT INTO `app_user` () VALUES () [ RunTime:0.0002s ]
INFO: [ app_end ] --START--
INFO: Run Behavior\ShowPageTraceBehavior [ RunTime:0.001422s ]
INFO: [ app_end ] --END-- [ RunTime:0.001480s ]

[ 2016-11-01T17:51:23+08:00 ] ::1 /NewWorld/FEBE/BackEnd/index.php/Home/User/reg
INFO: [ app_init ] --START--
INFO: Run Behavior\BuildLiteBehavior [ RunTime:0.000028s ]
INFO: [ app_init ] --END-- [ RunTime:0.000921s ]
INFO: [ app_begin ] --START--
INFO: Run Behavior\ReadHtmlCacheBehavior [ RunTime:0.001034s ]
INFO: [ app_begin ] --END-- [ RunTime:0.001124s ]
SQL: SHOW COLUMNS FROM `app_user` [ RunTime:0.0047s ]
SQL: SHOW COLUMNS FROM `app_user` [ RunTime:0.0040s ]
SQL: SHOW COLUMNS FROM `app_info` [ RunTime:0.0058s ]
SQL: INSERT INTO `app_user` (`email`,`pwd`,`regDate`,`root`) VALUES ('456@qq.com','456','2016-11-01','0') [ RunTime:0.0004s ]
SQL: INSERT INTO `app_info` (`name`,`user_id`) VALUES ('123','47') [ RunTime:0.0003s ]
INFO: [ app_end ] --START--
INFO: Run Behavior\ShowPageTraceBehavior [ RunTime:0.000995s ]
INFO: [ app_end ] --END-- [ RunTime:0.001043s ]

[ 2016-11-01T17:53:26+08:00 ] ::1 /NewWorld/FEBE/BackEnd/index.php/Home/User/reg
INFO: [ app_init ] --START--
INFO: Run Behavior\BuildLiteBehavior [ RunTime:0.000016s ]
INFO: [ app_init ] --END-- [ RunTime:0.000593s ]
INFO: [ app_begin ] --START--
INFO: Run Behavior\ReadHtmlCacheBehavior [ RunTime:0.000925s ]
INFO: [ app_begin ] --END-- [ RunTime:0.001003s ]
SQL: SHOW COLUMNS FROM `app_user` [ RunTime:0.0058s ]
SQL: SHOW COLUMNS FROM `app_user` [ RunTime:0.0035s ]
SQL: SHOW COLUMNS FROM `app_info` [ RunTime:0.0037s ]
SQL: INSERT INTO `app_user` (`email`,`pwd`,`regDate`,`root`) VALUES ('456@qq.com','456','2016-11-01','0') [ RunTime:0.0003s ]
SQL: INSERT INTO `app_info` (`name`,`user_id`,`image`) VALUES ('123','48','../public/image/poster/profile.jpg') [ RunTime:0.0003s ]
INFO: [ app_end ] --START--
INFO: Run Behavior\ShowPageTraceBehavior [ RunTime:0.001289s ]
INFO: [ app_end ] --END-- [ RunTime:0.001356s ]

[ 2016-11-01T20:20:18+08:00 ] ::1 /NewWorld/FEBE/BackEnd/index.php/Home/User/colClassMusic
INFO: [ app_init ] --START--
INFO: Run Behavior\BuildLiteBehavior [ RunTime:0.000019s ]
INFO: [ app_init ] --END-- [ RunTime:0.005952s ]
INFO: [ app_begin ] --START--
INFO: Run Behavior\ReadHtmlCacheBehavior [ RunTime:0.001321s ]
INFO: [ app_begin ] --END-- [ RunTime:0.001396s ]
INFO: [ app_end ] --START--
INFO: Run Behavior\ShowPageTraceBehavior [ RunTime:0.008112s ]
INFO: [ app_end ] --END-- [ RunTime:0.008221s ]

[ 2016-11-01T20:20:28+08:00 ] ::1 /NewWorld/FEBE/BackEnd/index.php/Home/User/colClassMusic?uid=1&type=2
INFO: [ app_init ] --START--
INFO: Run Behavior\BuildLiteBehavior [ RunTime:0.000016s ]
INFO: [ app_init ] --END-- [ RunTime:0.000604s ]
INFO: [ app_begin ] --START--
INFO: Run Behavior\ReadHtmlCacheBehavior [ RunTime:0.001089s ]
INFO: [ app_begin ] --END-- [ RunTime:0.001162s ]

[ 2016-11-01T20:21:22+08:00 ] ::1 /NewWorld/FEBE/BackEnd/index.php/Home/User/colClassMusic?uid=1&type=2
INFO: [ app_init ] --START--
INFO: Run Behavior\BuildLiteBehavior [ RunTime:0.000018s ]
INFO: [ app_init ] --END-- [ RunTime:0.000616s ]
INFO: [ app_begin ] --START--
INFO: Run Behavior\ReadHtmlCacheBehavior [ RunTime:0.000921s ]
INFO: [ app_begin ] --END-- [ RunTime:0.000986s ]

[ 2016-11-01T20:22:46+08:00 ] ::1 /NewWorld/FEBE/BackEnd/index.php/Home/User/colClassMusic?uid=1&type=2
INFO: [ app_init ] --START--
INFO: Run Behavior\BuildLiteBehavior [ RunTime:0.000014s ]
INFO: [ app_init ] --END-- [ RunTime:0.000604s ]
INFO: [ app_begin ] --START--
INFO: Run Behavior\ReadHtmlCacheBehavior [ RunTime:0.001334s ]
INFO: [ app_begin ] --END-- [ RunTime:0.001420s ]
SQL: SHOW COLUMNS FROM `app_user` [ RunTime:0.0052s ]

[ 2016-11-01T20:23:21+08:00 ] ::1 /NewWorld/FEBE/BackEnd/index.php/Home/User/colClassMusic?uid=1&type=2
INFO: [ app_init ] --START--
INFO: Run Behavior\BuildLiteBehavior [ RunTime:0.000023s ]
INFO: [ app_init ] --END-- [ RunTime:0.000997s ]
INFO: [ app_begin ] --START--
INFO: Run Behavior\ReadHtmlCacheBehavior [ RunTime:0.001058s ]
INFO: [ app_begin ] --END-- [ RunTime:0.001143s ]
SQL: SHOW COLUMNS FROM `app_user` [ RunTime:0.0042s ]
SQL: SHOW COLUMNS FROM `app_class` [ RunTime:0.0045s ]
SQL: SHOW COLUMNS FROM `app_music` [ RunTime:0.0040s ]
ERR: 1054:Unknown column 'class.class.id' in 'where clause'
 [ SQL语句 ] : SELECT * FROM `app_music` `music`,`app_musicrclass` `mrc`,`app_class` `class` WHERE ( music.music_id=mrc.music_id and class.class.id=mrc.class_id and class_id=2 ) 
ERR: 1054:Unknown column 'class.class.id' in 'where clause'
 [ SQL语句 ] : SELECT * FROM `app_music` `music`,`app_musicrclass` `mrc`,`app_class` `class` WHERE ( music.music_id=mrc.music_id and class.class.id=mrc.class_id and class_id=2 ) 

[ 2016-11-01T20:23:32+08:00 ] ::1 /NewWorld/FEBE/BackEnd/index.php/Home/User/colClassMusic?uid=1&type=2
INFO: [ app_init ] --START--
INFO: Run Behavior\BuildLiteBehavior [ RunTime:0.000015s ]
INFO: [ app_init ] --END-- [ RunTime:0.000565s ]
INFO: [ app_begin ] --START--
INFO: Run Behavior\ReadHtmlCacheBehavior [ RunTime:0.001077s ]
INFO: [ app_begin ] --END-- [ RunTime:0.001192s ]
SQL: SHOW COLUMNS FROM `app_user` [ RunTime:0.0036s ]
SQL: SHOW COLUMNS FROM `app_class` [ RunTime:0.0039s ]
SQL: SHOW COLUMNS FROM `app_music` [ RunTime:0.0038s ]
ERR: 1052:Column 'class_id' in where clause is ambiguous
 [ SQL语句 ] : SELECT * FROM `app_music` `music`,`app_musicrclass` `mrc`,`app_class` `class` WHERE ( music.music_id=mrc.music_id and class.class_id=mrc.class_id and class_id=2 ) 
ERR: 1052:Column 'class_id' in where clause is ambiguous
 [ SQL语句 ] : SELECT * FROM `app_music` `music`,`app_musicrclass` `mrc`,`app_class` `class` WHERE ( music.music_id=mrc.music_id and class.class_id=mrc.class_id and class_id=2 ) 

[ 2016-11-01T20:23:49+08:00 ] ::1 /NewWorld/FEBE/BackEnd/index.php/Home/User/colClassMusic?uid=1&type=2
INFO: [ app_init ] --START--
INFO: Run Behavior\BuildLiteBehavior [ RunTime:0.000015s ]
INFO: [ app_init ] --END-- [ RunTime:0.000567s ]
INFO: [ app_begin ] --START--
INFO: Run Behavior\ReadHtmlCacheBehavior [ RunTime:0.001049s ]
INFO: [ app_begin ] --END-- [ RunTime:0.001112s ]
SQL: SHOW COLUMNS FROM `app_user` [ RunTime:0.0035s ]
SQL: SHOW COLUMNS FROM `app_class` [ RunTime:0.0035s ]
SQL: SHOW COLUMNS FROM `app_music` [ RunTime:0.0036s ]
SQL: SELECT * FROM `app_music` `music`,`app_musicrclass` `mrc`,`app_class` `class` WHERE ( music.music_id=mrc.music_id and class.class_id=mrc.class_id and class.class_id=2 )  [ RunTime:0.0014s ]

[ 2016-11-01T20:27:18+08:00 ] ::1 /NewWorld/FEBE/BackEnd/index.php/Home/User/colClassMusic?uid=1&type=2
INFO: [ app_init ] --START--
INFO: Run Behavior\BuildLiteBehavior [ RunTime:0.000019s ]
INFO: [ app_init ] --END-- [ RunTime:0.000814s ]
INFO: [ app_begin ] --START--
INFO: Run Behavior\ReadHtmlCacheBehavior [ RunTime:0.001430s ]
INFO: [ app_begin ] --END-- [ RunTime:0.001542s ]
SQL: SHOW COLUMNS FROM `app_user` [ RunTime:0.0244s ]
SQL: SHOW COLUMNS FROM `app_class` [ RunTime:0.0045s ]
SQL: SHOW COLUMNS FROM `app_music` [ RunTime:0.0044s ]
SQL: SELECT music.music_id FROM `app_music` `music`,`app_musicrclass` `mrc`,`app_class` `class` WHERE ( music.music_id=mrc.music_id and class.class_id=mrc.class_id and class.class_id=2 )  [ RunTime:0.0006s ]

[ 2016-11-01T20:27:52+08:00 ] ::1 /NewWorld/FEBE/BackEnd/index.php/Home/User/colClassMusic?uid=1&type=2
INFO: [ app_init ] --START--
INFO: Run Behavior\BuildLiteBehavior [ RunTime:0.000020s ]
INFO: [ app_init ] --END-- [ RunTime:0.000664s ]
INFO: [ app_begin ] --START--
INFO: Run Behavior\ReadHtmlCacheBehavior [ RunTime:0.000969s ]
INFO: [ app_begin ] --END-- [ RunTime:0.001046s ]

[ 2016-11-01T20:27:59+08:00 ] ::1 /NewWorld/FEBE/BackEnd/index.php/Home/User/colClassMusic?uid=1&type=2
INFO: [ app_init ] --START--
INFO: Run Behavior\BuildLiteBehavior [ RunTime:0.000017s ]
INFO: [ app_init ] --END-- [ RunTime:0.000745s ]
INFO: [ app_begin ] --START--
INFO: Run Behavior\ReadHtmlCacheBehavior [ RunTime:0.000885s ]
INFO: [ app_begin ] --END-- [ RunTime:0.000942s ]
SQL: SHOW COLUMNS FROM `app_user` [ RunTime:0.0047s ]
SQL: SHOW COLUMNS FROM `app_class` [ RunTime:0.0033s ]
SQL: SHOW COLUMNS FROM `app_music` [ RunTime:0.0042s ]
SQL: SELECT music.music_id FROM `app_music` `music`,`app_musicrclass` `mrc`,`app_class` `class` WHERE ( music.music_id=mrc.music_id and class.class_id=mrc.class_id and class.class_id=2 )  [ RunTime:0.0006s ]
INFO: [ app_end ] --START--
INFO: Run Behavior\ShowPageTraceBehavior [ RunTime:0.001067s ]
INFO: [ app_end ] --END-- [ RunTime:0.001114s ]

[ 2016-11-01T20:30:54+08:00 ] ::1 /NewWorld/FEBE/BackEnd/index.php/Home/User/colClassMusic?uid=1&type=2
INFO: [ app_init ] --START--
INFO: Run Behavior\BuildLiteBehavior [ RunTime:0.000015s ]
INFO: [ app_init ] --END-- [ RunTime:0.000564s ]
INFO: [ app_begin ] --START--
INFO: Run Behavior\ReadHtmlCacheBehavior [ RunTime:0.001216s ]
INFO: [ app_begin ] --END-- [ RunTime:0.001345s ]
SQL: SHOW COLUMNS FROM `app_user` [ RunTime:0.0113s ]
SQL: SHOW COLUMNS FROM `app_class` [ RunTime:0.0044s ]
SQL: SHOW COLUMNS FROM `app_music` [ RunTime:0.0042s ]
SQL: SELECT music.music_id FROM `app_music` `music`,`app_musicrclass` `mrc`,`app_class` `class` WHERE ( music.music_id=mrc.music_id and class.class_id=mrc.class_id and class.class_id=2 )  [ RunTime:0.0010s ]
NOTIC: [8] Array to string conversion F:\xampp\htdocs\NewWorld\FEBE\BackEnd\Application\Home\Model\UserModel.class.php 第 62 行.
NOTIC: [8] Array to string conversion F:\xampp\htdocs\NewWorld\FEBE\BackEnd\Application\Home\Model\UserModel.class.php 第 62 行.
NOTIC: [8] Array to string conversion F:\xampp\htdocs\NewWorld\FEBE\BackEnd\Application\Home\Model\UserModel.class.php 第 62 行.
NOTIC: [8] Array to string conversion F:\xampp\htdocs\NewWorld\FEBE\BackEnd\Application\Home\Model\UserModel.class.php 第 62 行.
INFO: [ app_end ] --START--
INFO: Run Behavior\ShowPageTraceBehavior [ RunTime:0.001499s ]
INFO: [ app_end ] --END-- [ RunTime:0.001565s ]

[ 2016-11-01T20:31:02+08:00 ] ::1 /NewWorld/FEBE/BackEnd/index.php/Home/User/colClassMusic?uid=1&type=2
INFO: [ app_init ] --START--
INFO: Run Behavior\BuildLiteBehavior [ RunTime:0.000015s ]
INFO: [ app_init ] --END-- [ RunTime:0.000554s ]
INFO: [ app_begin ] --START--
INFO: Run Behavior\ReadHtmlCacheBehavior [ RunTime:0.001959s ]
INFO: [ app_begin ] --END-- [ RunTime:0.002086s ]
SQL: SHOW COLUMNS FROM `app_user` [ RunTime:0.0038s ]
SQL: SHOW COLUMNS FROM `app_class` [ RunTime:0.0033s ]
SQL: SHOW COLUMNS FROM `app_music` [ RunTime:0.0035s ]
SQL: SELECT music.music_id FROM `app_music` `music`,`app_musicrclass` `mrc`,`app_class` `class` WHERE ( music.music_id=mrc.music_id and class.class_id=mrc.class_id and class.class_id=2 )  [ RunTime:0.0008s ]
INFO: [ app_end ] --START--
INFO: Run Behavior\ShowPageTraceBehavior [ RunTime:0.001640s ]
INFO: [ app_end ] --END-- [ RunTime:0.001720s ]

[ 2016-11-01T20:31:15+08:00 ] ::1 /NewWorld/FEBE/BackEnd/index.php/Home/User/colClassMusic?uid=1&type=2
INFO: [ app_init ] --START--
INFO: Run Behavior\BuildLiteBehavior [ RunTime:0.000015s ]
INFO: [ app_init ] --END-- [ RunTime:0.000548s ]
INFO: [ app_begin ] --START--
INFO: Run Behavior\ReadHtmlCacheBehavior [ RunTime:0.001091s ]
INFO: [ app_begin ] --END-- [ RunTime:0.001169s ]
SQL: SHOW COLUMNS FROM `app_user` [ RunTime:0.0037s ]
SQL: SHOW COLUMNS FROM `app_class` [ RunTime:0.0036s ]
SQL: SHOW COLUMNS FROM `app_music` [ RunTime:0.0037s ]
SQL: SELECT music.music_id FROM `app_music` `music`,`app_musicrclass` `mrc`,`app_class` `class` WHERE ( music.music_id=mrc.music_id and class.class_id=mrc.class_id and class.class_id=2 )  [ RunTime:0.0007s ]
INFO: [ app_end ] --START--
INFO: Run Behavior\ShowPageTraceBehavior [ RunTime:0.001261s ]
INFO: [ app_end ] --END-- [ RunTime:0.001337s ]

[ 2016-11-01T20:31:25+08:00 ] ::1 /NewWorld/FEBE/BackEnd/index.php/Home/User/colClassMusic?uid=1&type=2
INFO: [ app_init ] --START--
INFO: Run Behavior\BuildLiteBehavior [ RunTime:0.000024s ]
INFO: [ app_init ] --END-- [ RunTime:0.001091s ]
INFO: [ app_begin ] --START--
INFO: Run Behavior\ReadHtmlCacheBehavior [ RunTime:0.001425s ]
INFO: [ app_begin ] --END-- [ RunTime:0.001500s ]
SQL: SHOW COLUMNS FROM `app_user` [ RunTime:0.0264s ]
SQL: SHOW COLUMNS FROM `app_class` [ RunTime:0.0398s ]
SQL: SHOW COLUMNS FROM `app_music` [ RunTime:0.0048s ]
SQL: SELECT music.music_id FROM `app_music` `music`,`app_musicrclass` `mrc`,`app_class` `class` WHERE ( music.music_id=mrc.music_id and class.class_id=mrc.class_id and class.class_id=2 )  [ RunTime:0.0005s ]
NOTIC: [8] Undefined offset: 0 F:\xampp\htdocs\NewWorld\FEBE\BackEnd\Application\Home\Model\UserModel.class.php 第 62 行.
NOTIC: [8] Undefined offset: 1 F:\xampp\htdocs\NewWorld\FEBE\BackEnd\Application\Home\Model\UserModel.class.php 第 62 行.
NOTIC: [8] Undefined offset: 2 F:\xampp\htdocs\NewWorld\FEBE\BackEnd\Application\Home\Model\UserModel.class.php 第 62 行.
NOTIC: [8] Undefined offset: 3 F:\xampp\htdocs\NewWorld\FEBE\BackEnd\Application\Home\Model\UserModel.class.php 第 62 行.
INFO: [ app_end ] --START--
INFO: Run Behavior\ShowPageTraceBehavior [ RunTime:0.001186s ]
INFO: [ app_end ] --END-- [ RunTime:0.001253s ]

[ 2016-11-01T20:31:31+08:00 ] ::1 /NewWorld/FEBE/BackEnd/index.php/Home/User/colClassMusic?uid=1&type=2
INFO: [ app_init ] --START--
INFO: Run Behavior\BuildLiteBehavior [ RunTime:0.000018s ]
INFO: [ app_init ] --END-- [ RunTime:0.000865s ]
INFO: [ app_begin ] --START--
INFO: Run Behavior\ReadHtmlCacheBehavior [ RunTime:0.000939s ]
INFO: [ app_begin ] --END-- [ RunTime:0.000999s ]
SQL: SHOW COLUMNS FROM `app_user` [ RunTime:0.0037s ]
SQL: SHOW COLUMNS FROM `app_class` [ RunTime:0.0038s ]
SQL: SHOW COLUMNS FROM `app_music` [ RunTime:0.0043s ]
SQL: SELECT music.music_id FROM `app_music` `music`,`app_musicrclass` `mrc`,`app_class` `class` WHERE ( music.music_id=mrc.music_id and class.class_id=mrc.class_id and class.class_id=2 )  [ RunTime:0.0006s ]
INFO: [ app_end ] --START--
INFO: Run Behavior\ShowPageTraceBehavior [ RunTime:0.001178s ]
INFO: [ app_end ] --END-- [ RunTime:0.001230s ]

[ 2016-11-01T20:31:53+08:00 ] ::1 /NewWorld/FEBE/BackEnd/index.php/Home/User/colClassMusic?uid=1&type=2
INFO: [ app_init ] --START--
INFO: Run Behavior\BuildLiteBehavior [ RunTime:0.000016s ]
INFO: [ app_init ] --END-- [ RunTime:0.000666s ]
INFO: [ app_begin ] --START--
INFO: Run Behavior\ReadHtmlCacheBehavior [ RunTime:0.000978s ]
INFO: [ app_begin ] --END-- [ RunTime:0.001031s ]
SQL: SHOW COLUMNS FROM `app_user` [ RunTime:0.0034s ]
SQL: SHOW COLUMNS FROM `app_class` [ RunTime:0.0037s ]
SQL: SHOW COLUMNS FROM `app_music` [ RunTime:0.0045s ]
SQL: SELECT music.music_id FROM `app_music` `music`,`app_musicrclass` `mrc`,`app_class` `class` WHERE ( music.music_id=mrc.music_id and class.class_id=mrc.class_id and class.class_id=2 )  [ RunTime:0.0006s ]
NOTIC: [8] Undefined offset: 0 F:\xampp\htdocs\NewWorld\FEBE\BackEnd\Application\Home\Model\UserModel.class.php 第 63 行.
NOTIC: [8] Undefined offset: 1 F:\xampp\htdocs\NewWorld\FEBE\BackEnd\Application\Home\Model\UserModel.class.php 第 63 行.
NOTIC: [8] Undefined offset: 2 F:\xampp\htdocs\NewWorld\FEBE\BackEnd\Application\Home\Model\UserModel.class.php 第 63 行.
NOTIC: [8] Undefined offset: 3 F:\xampp\htdocs\NewWorld\FEBE\BackEnd\Application\Home\Model\UserModel.class.php 第 63 行.
INFO: [ app_end ] --START--
INFO: Run Behavior\ShowPageTraceBehavior [ RunTime:0.001217s ]
INFO: [ app_end ] --END-- [ RunTime:0.001266s ]

[ 2016-11-01T20:32:01+08:00 ] ::1 /NewWorld/FEBE/BackEnd/index.php/Home/User/colClassMusic?uid=1&type=2
INFO: [ app_init ] --START--
INFO: Run Behavior\BuildLiteBehavior [ RunTime:0.000019s ]
INFO: [ app_init ] --END-- [ RunTime:0.000559s ]
INFO: [ app_begin ] --START--
INFO: Run Behavior\ReadHtmlCacheBehavior [ RunTime:0.000874s ]
INFO: [ app_begin ] --END-- [ RunTime:0.000932s ]
SQL: SHOW COLUMNS FROM `app_user` [ RunTime:0.0035s ]
SQL: SHOW COLUMNS FROM `app_class` [ RunTime:0.0036s ]
SQL: SHOW COLUMNS FROM `app_music` [ RunTime:0.0050s ]
SQL: SELECT music.music_id FROM `app_music` `music`,`app_musicrclass` `mrc`,`app_class` `class` WHERE ( music.music_id=mrc.music_id and class.class_id=mrc.class_id and class.class_id=2 )  [ RunTime:0.0005s ]
INFO: [ app_end ] --START--
INFO: Run Behavior\ShowPageTraceBehavior [ RunTime:0.000977s ]
INFO: [ app_end ] --END-- [ RunTime:0.001024s ]

[ 2016-11-01T20:32:19+08:00 ] ::1 /NewWorld/FEBE/BackEnd/index.php/Home/User/colClassMusic?uid=1&type=2
INFO: [ app_init ] --START--
INFO: Run Behavior\BuildLiteBehavior [ RunTime:0.000019s ]
INFO: [ app_init ] --END-- [ RunTime:0.001051s ]
INFO: [ app_begin ] --START--
INFO: Run Behavior\ReadHtmlCacheBehavior [ RunTime:0.001066s ]
INFO: [ app_begin ] --END-- [ RunTime:0.001136s ]
SQL: SHOW COLUMNS FROM `app_user` [ RunTime:0.0039s ]
SQL: SHOW COLUMNS FROM `app_class` [ RunTime:0.0036s ]
SQL: SHOW COLUMNS FROM `app_music` [ RunTime:0.0041s ]
SQL: SELECT music.music_id FROM `app_music` `music`,`app_musicrclass` `mrc`,`app_class` `class` WHERE ( music.music_id=mrc.music_id and class.class_id=mrc.class_id and class.class_id=2 )  [ RunTime:0.0011s ]
INFO: [ app_end ] --START--
INFO: Run Behavior\ShowPageTraceBehavior [ RunTime:0.001846s ]
INFO: [ app_end ] --END-- [ RunTime:0.001976s ]

[ 2016-11-01T20:34:38+08:00 ] ::1 /NewWorld/FEBE/BackEnd/index.php/Home/User/colClassMusic?uid=1&type=2
INFO: [ app_init ] --START--
INFO: Run Behavior\BuildLiteBehavior [ RunTime:0.000019s ]
INFO: [ app_init ] --END-- [ RunTime:0.000817s ]
INFO: [ app_begin ] --START--
INFO: Run Behavior\ReadHtmlCacheBehavior [ RunTime:0.000969s ]
INFO: [ app_begin ] --END-- [ RunTime:0.001030s ]
SQL: SHOW COLUMNS FROM `app_user` [ RunTime:0.0040s ]
SQL: SHOW COLUMNS FROM `app_class` [ RunTime:0.0054s ]
SQL: SHOW COLUMNS FROM `app_music` [ RunTime:0.0043s ]
SQL: SELECT music.music_id FROM `app_music` `music`,`app_musicrclass` `mrc`,`app_class` `class` WHERE ( music.music_id=mrc.music_id and class.class_id=mrc.class_id and class.class_id=2 )  [ RunTime:0.0006s ]

[ 2016-11-01T20:35:34+08:00 ] ::1 /NewWorld/FEBE/BackEnd/index.php/Home/User/colClassMusic?uid=1&type=2
INFO: [ app_init ] --START--
INFO: Run Behavior\BuildLiteBehavior [ RunTime:0.000035s ]
INFO: [ app_init ] --END-- [ RunTime:0.001144s ]
INFO: [ app_begin ] --START--
INFO: Run Behavior\ReadHtmlCacheBehavior [ RunTime:0.001420s ]
INFO: [ app_begin ] --END-- [ RunTime:0.001519s ]
SQL: SHOW COLUMNS FROM `app_user` [ RunTime:0.0050s ]
SQL: SHOW COLUMNS FROM `app_class` [ RunTime:0.0062s ]
SQL: SHOW COLUMNS FROM `app_music` [ RunTime:0.0058s ]
SQL: SELECT music.music_id FROM `app_music` `music`,`app_musicrclass` `mrc`,`app_class` `class` WHERE ( music.music_id=mrc.music_id and class.class_id=mrc.class_id and class.class_id=2 )  [ RunTime:0.0008s ]
INFO: [ app_end ] --START--
INFO: Run Behavior\ShowPageTraceBehavior [ RunTime:0.001677s ]
INFO: [ app_end ] --END-- [ RunTime:0.001758s ]

[ 2016-11-01T20:35:50+08:00 ] ::1 /NewWorld/FEBE/BackEnd/index.php/Home/User/colClassMusic?uid=1&type=2
INFO: [ app_init ] --START--
INFO: Run Behavior\BuildLiteBehavior [ RunTime:0.000018s ]
INFO: [ app_init ] --END-- [ RunTime:0.000606s ]
INFO: [ app_begin ] --START--
INFO: Run Behavior\ReadHtmlCacheBehavior [ RunTime:0.001022s ]
INFO: [ app_begin ] --END-- [ RunTime:0.001110s ]
SQL: SHOW COLUMNS FROM `app_user` [ RunTime:0.0036s ]
SQL: SHOW COLUMNS FROM `app_class` [ RunTime:0.0036s ]
SQL: SHOW COLUMNS FROM `app_music` [ RunTime:0.0057s ]
SQL: SELECT music.music_id FROM `app_music` `music`,`app_musicrclass` `mrc`,`app_class` `class` WHERE ( music.music_id=mrc.music_id and class.class_id=mrc.class_id and class.class_id=2 )  [ RunTime:0.0007s ]
INFO: [ app_end ] --START--
INFO: Run Behavior\ShowPageTraceBehavior [ RunTime:0.001056s ]
INFO: [ app_end ] --END-- [ RunTime:0.001111s ]

[ 2016-11-01T20:39:05+08:00 ] ::1 /NewWorld/FEBE/BackEnd/index.php/Home/User/colClassMusic?uid=1&type=2
INFO: [ app_init ] --START--
INFO: Run Behavior\BuildLiteBehavior [ RunTime:0.000024s ]
INFO: [ app_init ] --END-- [ RunTime:0.001160s ]
INFO: [ app_begin ] --START--
INFO: Run Behavior\ReadHtmlCacheBehavior [ RunTime:0.001273s ]
INFO: [ app_begin ] --END-- [ RunTime:0.001366s ]
SQL: SHOW COLUMNS FROM `app_user` [ RunTime:0.0046s ]
SQL: SHOW COLUMNS FROM `app_music` [ RunTime:0.0036s ]
SQL: SELECT music.music_id FROM `app_music` `music`,`app_musicrclass` `mrc`,`app_class` `class` WHERE ( music.music_id=mrc.music_id and class.class_id=mrc.class_id and class.class_id=2 )  [ RunTime:0.0006s ]
SQL: SHOW COLUMNS FROM `app_collection` [ RunTime:0.0036s ]
SQL: INSERT INTO `app_collection` (`user_id`,`music_id`) VALUES ('1','2') [ RunTime:0.0180s ]
SQL: INSERT INTO `app_collection` (`user_id`,`music_id`) VALUES ('1','4') [ RunTime:0.0005s ]
SQL: INSERT INTO `app_collection` (`user_id`,`music_id`) VALUES ('1','11') [ RunTime:0.0002s ]
SQL: INSERT INTO `app_collection` (`user_id`,`music_id`) VALUES ('1','24') [ RunTime:0.0002s ]
INFO: [ app_end ] --START--
INFO: Run Behavior\ShowPageTraceBehavior [ RunTime:0.001131s ]
INFO: [ app_end ] --END-- [ RunTime:0.001185s ]

