[ 2017-03-15T18:54:03+08:00 ] ::1 /NewWorld/sql-CloudMusic/FEBE-musql-old/BackEnd/
INFO: [ app_init ] --START--
INFO: Run Behavior\BuildLiteBehavior [ RunTime:0.000018s ]
INFO: [ app_init ] --END-- [ RunTime:0.031659s ]
INFO: [ app_begin ] --START--
INFO: Run Behavior\ReadHtmlCacheBehavior [ RunTime:0.001785s ]
INFO: [ app_begin ] --END-- [ RunTime:0.001859s ]
SQL: SHOW COLUMNS FROM `app_music` [ RunTime:0.1804s ]
SQL: SELECT * FROM `app_music` WHERE `music_id` = 2  [ RunTime:0.0702s ]

[ 2017-03-15T18:54:27+08:00 ] ::1 /NewWorld/sql-CloudMusic/FEBE-musql-old/BackEnd/
INFO: [ app_init ] --START--
INFO: Run Behavior\BuildLiteBehavior [ RunTime:0.000021s ]
INFO: [ app_init ] --END-- [ RunTime:0.000847s ]
INFO: [ app_begin ] --START--
INFO: Run Behavior\ReadHtmlCacheBehavior [ RunTime:0.000882s ]
INFO: [ app_begin ] --END-- [ RunTime:0.000938s ]
SQL: SHOW COLUMNS FROM `app_music` [ RunTime:0.0047s ]
SQL: SELECT * FROM `app_music` WHERE `music_id` = 2  [ RunTime:0.0006s ]

[ 2017-03-15T18:54:32+08:00 ] ::1 /NewWorld/sql-CloudMusic/FEBE-musql-old/BackEnd/
INFO: [ app_init ] --START--
INFO: Run Behavior\BuildLiteBehavior [ RunTime:0.000017s ]
INFO: [ app_init ] --END-- [ RunTime:0.000606s ]
INFO: [ app_begin ] --START--
INFO: Run Behavior\ReadHtmlCacheBehavior [ RunTime:0.000864s ]
INFO: [ app_begin ] --END-- [ RunTime:0.000935s ]
SQL: SHOW COLUMNS FROM `app_music` [ RunTime:0.0050s ]
SQL: SELECT * FROM `app_music` WHERE `music_id` = 2  [ RunTime:0.0006s ]

[ 2017-03-15T18:54:38+08:00 ] ::1 /NewWorld/sql-CloudMusic/FEBE-musql-old/BackEnd/
INFO: [ app_init ] --START--
INFO: Run Behavior\BuildLiteBehavior [ RunTime:0.000018s ]
INFO: [ app_init ] --END-- [ RunTime:0.000770s ]
INFO: [ app_begin ] --START--
INFO: Run Behavior\ReadHtmlCacheBehavior [ RunTime:0.000691s ]
INFO: [ app_begin ] --END-- [ RunTime:0.000749s ]
SQL: SHOW COLUMNS FROM `app_music` [ RunTime:0.0049s ]
SQL: SELECT * FROM `app_music` WHERE `music_id` = 2  [ RunTime:0.0005s ]

[ 2017-03-15T18:54:44+08:00 ] ::1 /NewWorld/sql-CloudMusic/FEBE-musql-old/BackEnd/
INFO: [ app_init ] --START--
INFO: Run Behavior\BuildLiteBehavior [ RunTime:0.000015s ]
INFO: [ app_init ] --END-- [ RunTime:0.000536s ]
INFO: [ app_begin ] --START--
INFO: Run Behavior\ReadHtmlCacheBehavior [ RunTime:0.000906s ]
INFO: [ app_begin ] --END-- [ RunTime:0.000976s ]
SQL: SHOW COLUMNS FROM `app_music` [ RunTime:0.0043s ]
SQL: SELECT * FROM `app_music` WHERE `music_id` = 2  [ RunTime:0.0004s ]

[ 2017-03-15T18:55:12+08:00 ] ::1 /NewWorld/sql-CloudMusic/FEBE-musql-old/BackEnd/index.php/Home
INFO: [ app_init ] --START--
INFO: Run Behavior\BuildLiteBehavior [ RunTime:0.000014s ]
INFO: [ app_init ] --END-- [ RunTime:0.000523s ]
INFO: [ app_begin ] --START--
INFO: Run Behavior\ReadHtmlCacheBehavior [ RunTime:0.000849s ]
INFO: [ app_begin ] --END-- [ RunTime:0.000917s ]
SQL: SHOW COLUMNS FROM `app_music` [ RunTime:0.0051s ]
SQL: SELECT * FROM `app_music` WHERE `music_id` = 2  [ RunTime:0.0004s ]

[ 2017-03-15T18:55:39+08:00 ] ::1 /NewWorld/sql-CloudMusic/FEBE-musql-old/BackEnd/index.php/Home/Music/getList
INFO: [ app_init ] --START--
INFO: Run Behavior\BuildLiteBehavior [ RunTime:0.000013s ]
INFO: [ app_init ] --END-- [ RunTime:0.000521s ]
INFO: [ app_begin ] --START--
INFO: Run Behavior\ReadHtmlCacheBehavior [ RunTime:0.000629s ]
INFO: [ app_begin ] --END-- [ RunTime:0.000678s ]
INFO: [ app_end ] --START--
INFO: Run Behavior\ShowPageTraceBehavior [ RunTime:0.012652s ]
INFO: [ app_end ] --END-- [ RunTime:0.012733s ]

[ 2017-03-15T18:55:53+08:00 ] ::1 /NewWorld/sql-CloudMusic/FEBE-musql-old/BackEnd/index.php/Home/Music/getList?data=0
INFO: [ app_init ] --START--
INFO: Run Behavior\BuildLiteBehavior [ RunTime:0.000014s ]
INFO: [ app_init ] --END-- [ RunTime:0.000506s ]
INFO: [ app_begin ] --START--
INFO: Run Behavior\ReadHtmlCacheBehavior [ RunTime:0.000634s ]
INFO: [ app_begin ] --END-- [ RunTime:0.000688s ]
NOTIC: [8] Undefined variable: GET F:\xamp\htdocs\NewWorld\sql-CloudMusic\FEBE-musql-old\BackEnd\Application\Home\Controller\MusicController.class.php 第 22 行.
SQL: SHOW COLUMNS FROM `app_music` [ RunTime:0.0123s ]
SQL: SELECT music.music_id,music.name FROM `app_music` `music`,`app_musicrclass` `mrc`,`app_class` `class` WHERE ( music.music_id=mrc.music_id and mrc.class_id=class.class_id and class.class_id=1 ) ORDER BY listeners LIMIT 10   [ RunTime:0.1097s ]

[ 2017-03-15T18:56:12+08:00 ] ::1 /NewWorld/sql-CloudMusic/FEBE-musql-old/BackEnd/index.php/Home/Music/getList?data=0
INFO: [ app_init ] --START--
INFO: Run Behavior\BuildLiteBehavior [ RunTime:0.000021s ]
INFO: [ app_init ] --END-- [ RunTime:0.000820s ]
INFO: [ app_begin ] --START--
INFO: Run Behavior\ReadHtmlCacheBehavior [ RunTime:0.001311s ]
INFO: [ app_begin ] --END-- [ RunTime:0.001408s ]
NOTIC: [8] Undefined variable: GET F:\xamp\htdocs\NewWorld\sql-CloudMusic\FEBE-musql-old\BackEnd\Application\Home\Controller\MusicController.class.php 第 22 行.
SQL: SHOW COLUMNS FROM `app_music` [ RunTime:0.0046s ]
SQL: SELECT music.music_id,music.name FROM `app_music` `music`,`app_musicrclass` `mrc`,`app_class` `class` WHERE ( music.music_id=mrc.music_id and mrc.class_id=class.class_id and class.class_id=1 ) ORDER BY listeners LIMIT 10   [ RunTime:0.0044s ]

[ 2017-03-15T18:56:20+08:00 ] ::1 /NewWorld/sql-CloudMusic/FEBE-musql-old/BackEnd/index.php/Home/Music/getList?data=0
INFO: [ app_init ] --START--
INFO: Run Behavior\BuildLiteBehavior [ RunTime:0.000018s ]
INFO: [ app_init ] --END-- [ RunTime:0.000557s ]
INFO: [ app_begin ] --START--
INFO: Run Behavior\ReadHtmlCacheBehavior [ RunTime:0.000977s ]
INFO: [ app_begin ] --END-- [ RunTime:0.001055s ]
NOTIC: [8] Undefined variable: GET F:\xamp\htdocs\NewWorld\sql-CloudMusic\FEBE-musql-old\BackEnd\Application\Home\Controller\MusicController.class.php 第 22 行.
SQL: SHOW COLUMNS FROM `app_music` [ RunTime:0.0059s ]
SQL: SELECT music.music_id,music.name FROM `app_music` `music`,`app_musicrclass` `mrc`,`app_class` `class` WHERE ( music.music_id=mrc.music_id and mrc.class_id=class.class_id and class.class_id=1 ) ORDER BY listeners LIMIT 10   [ RunTime:0.0047s ]

[ 2017-03-15T18:56:45+08:00 ] ::1 /NewWorld/sql-CloudMusic/FEBE-musql-old/BackEnd/index.php/Home/Music/getList?data=0
INFO: [ app_init ] --START--
INFO: Run Behavior\BuildLiteBehavior [ RunTime:0.000025s ]
INFO: [ app_init ] --END-- [ RunTime:0.000784s ]
INFO: [ app_begin ] --START--
INFO: Run Behavior\ReadHtmlCacheBehavior [ RunTime:0.001161s ]
INFO: [ app_begin ] --END-- [ RunTime:0.001250s ]
NOTIC: [8] Undefined variable: GET F:\xamp\htdocs\NewWorld\sql-CloudMusic\FEBE-musql-old\BackEnd\Application\Home\Controller\MusicController.class.php 第 22 行.
SQL: SHOW COLUMNS FROM `app_music` [ RunTime:0.0067s ]
SQL: SELECT music.music_id,music.name FROM `app_music` `music`,`app_musicrclass` `mrc`,`app_class` `class` WHERE ( music.music_id=mrc.music_id and mrc.class_id=class.class_id and class.class_id=1 ) ORDER BY listeners LIMIT 10   [ RunTime:0.0068s ]

[ 2017-03-15T18:56:50+08:00 ] ::1 /NewWorld/sql-CloudMusic/FEBE-musql-old/BackEnd/index.php/Home/Music/getList?data=0
INFO: [ app_init ] --START--
INFO: Run Behavior\BuildLiteBehavior [ RunTime:0.000021s ]
INFO: [ app_init ] --END-- [ RunTime:0.000670s ]
INFO: [ app_begin ] --START--
INFO: Run Behavior\ReadHtmlCacheBehavior [ RunTime:0.001070s ]
INFO: [ app_begin ] --END-- [ RunTime:0.001176s ]
NOTIC: [8] Undefined variable: GET F:\xamp\htdocs\NewWorld\sql-CloudMusic\FEBE-musql-old\BackEnd\Application\Home\Controller\MusicController.class.php 第 22 行.
SQL: SHOW COLUMNS FROM `app_music` [ RunTime:0.0058s ]
SQL: SELECT music.music_id,music.name FROM `app_music` `music`,`app_musicrclass` `mrc`,`app_class` `class` WHERE ( music.music_id=mrc.music_id and mrc.class_id=class.class_id and class.class_id=1 ) ORDER BY listeners LIMIT 10   [ RunTime:0.0048s ]

[ 2017-03-15T18:56:57+08:00 ] ::1 /NewWorld/sql-CloudMusic/FEBE-musql-old/BackEnd/index.php/Home/Music/getList?data=0
INFO: [ app_init ] --START--
INFO: Run Behavior\BuildLiteBehavior [ RunTime:0.000014s ]
INFO: [ app_init ] --END-- [ RunTime:0.000493s ]
INFO: [ app_begin ] --START--
INFO: Run Behavior\ReadHtmlCacheBehavior [ RunTime:0.000614s ]
INFO: [ app_begin ] --END-- [ RunTime:0.000660s ]
NOTIC: [8] Undefined variable: GET F:\xamp\htdocs\NewWorld\sql-CloudMusic\FEBE-musql-old\BackEnd\Application\Home\Controller\MusicController.class.php 第 22 行.
SQL: SHOW COLUMNS FROM `app_music` [ RunTime:0.0300s ]
SQL: SELECT music.music_id,music.name FROM `app_music` `music`,`app_musicrclass` `mrc`,`app_class` `class` WHERE ( music.music_id=mrc.music_id and mrc.class_id=class.class_id and class.class_id=1 ) ORDER BY listeners LIMIT 10   [ RunTime:0.0055s ]

[ 2017-03-15T18:57:37+08:00 ] ::1 /NewWorld/sql-CloudMusic/FEBE-musql-old/BackEnd/index.php/Home/Music/getList?data=0
INFO: [ app_init ] --START--
INFO: Run Behavior\BuildLiteBehavior [ RunTime:0.000014s ]
INFO: [ app_init ] --END-- [ RunTime:0.000513s ]
INFO: [ app_begin ] --START--
INFO: Run Behavior\ReadHtmlCacheBehavior [ RunTime:0.000796s ]
INFO: [ app_begin ] --END-- [ RunTime:0.000855s ]
NOTIC: [8] Undefined variable: GET F:\xamp\htdocs\NewWorld\sql-CloudMusic\FEBE-musql-old\BackEnd\Application\Home\Controller\MusicController.class.php 第 22 行.
SQL: SHOW COLUMNS FROM `app_music` [ RunTime:0.0048s ]
SQL: SELECT music.music_id,music.name FROM `app_music` `music`,`app_musicrclass` `mrc`,`app_class` `class` WHERE ( music.music_id=mrc.music_id and mrc.class_id=class.class_id and class.class_id=1 ) ORDER BY listeners LIMIT 10   [ RunTime:0.0057s ]

[ 2017-03-15T18:57:49+08:00 ] ::1 /NewWorld/sql-CloudMusic/FEBE-musql-old/BackEnd/index.php/Home/Music/getList?data=0
INFO: [ app_init ] --START--
INFO: Run Behavior\BuildLiteBehavior [ RunTime:0.000019s ]
INFO: [ app_init ] --END-- [ RunTime:0.000664s ]
INFO: [ app_begin ] --START--
INFO: Run Behavior\ReadHtmlCacheBehavior [ RunTime:0.000797s ]
INFO: [ app_begin ] --END-- [ RunTime:0.000875s ]
NOTIC: [8] Undefined variable: GET F:\xamp\htdocs\NewWorld\sql-CloudMusic\FEBE-musql-old\BackEnd\Application\Home\Controller\MusicController.class.php 第 22 行.
SQL: SHOW COLUMNS FROM `app_music` [ RunTime:0.0045s ]
SQL: SELECT music.music_id,music.name FROM `app_music` `music`,`app_musicrclass` `mrc`,`app_class` `class` WHERE ( music.music_id=mrc.music_id and mrc.class_id=class.class_id and class.class_id=1 ) ORDER BY listeners LIMIT 10   [ RunTime:0.0057s ]

[ 2017-03-15T18:57:59+08:00 ] ::1 /NewWorld/sql-CloudMusic/FEBE-musql-old/BackEnd/index.php/Home/Music/getList?data=0
INFO: [ app_init ] --START--
INFO: Run Behavior\BuildLiteBehavior [ RunTime:0.000016s ]
INFO: [ app_init ] --END-- [ RunTime:0.000675s ]
INFO: [ app_begin ] --START--
INFO: Run Behavior\ReadHtmlCacheBehavior [ RunTime:0.000896s ]
INFO: [ app_begin ] --END-- [ RunTime:0.000967s ]
NOTIC: [8] Undefined variable: GET F:\xamp\htdocs\NewWorld\sql-CloudMusic\FEBE-musql-old\BackEnd\Application\Home\Controller\MusicController.class.php 第 22 行.
SQL: SHOW COLUMNS FROM `app_music` [ RunTime:0.0064s ]
SQL: SELECT music.music_id,music.name FROM `app_music` `music`,`app_musicrclass` `mrc`,`app_class` `class` WHERE ( music.music_id=mrc.music_id and mrc.class_id=class.class_id and class.class_id=1 ) ORDER BY listeners LIMIT 10   [ RunTime:0.0055s ]

[ 2017-03-15T19:40:10+08:00 ] ::1 /NewWorld/sql-CloudMusic/FEBE-musql-old/BackEnd/index.php/Home/Music/getList?data=0
INFO: [ app_init ] --START--
INFO: Run Behavior\BuildLiteBehavior [ RunTime:0.000019s ]
INFO: [ app_init ] --END-- [ RunTime:0.000926s ]
INFO: [ app_begin ] --START--
INFO: Run Behavior\ReadHtmlCacheBehavior [ RunTime:0.000913s ]
INFO: [ app_begin ] --END-- [ RunTime:0.000964s ]
NOTIC: [8] Undefined variable: GET F:\xamp\htdocs\NewWorld\sql-CloudMusic\FEBE-musql-old\BackEnd\Application\Home\Controller\MusicController.class.php 第 22 行.
SQL: SHOW COLUMNS FROM `app_music` [ RunTime:0.0055s ]
SQL: SELECT music.music_id,music.name FROM `app_music` `music`,`app_musicrclass` `mrc`,`app_class` `class` WHERE ( music.music_id=mrc.music_id and mrc.class_id=class.class_id and class.class_id=1 ) ORDER BY listeners LIMIT 10   [ RunTime:0.0060s ]

[ 2017-03-15T20:16:51+08:00 ] ::1 /NewWorld/sql-CloudMusic/FEBE-musql-old/BackEnd/index.php/Home/Music/getList?data=0
INFO: [ app_init ] --START--
INFO: Run Behavior\BuildLiteBehavior [ RunTime:0.000025s ]
INFO: [ app_init ] --END-- [ RunTime:0.001092s ]
INFO: [ app_begin ] --START--
INFO: Run Behavior\ReadHtmlCacheBehavior [ RunTime:0.001233s ]
INFO: [ app_begin ] --END-- [ RunTime:0.001326s ]
NOTIC: [8] Undefined variable: GET F:\xamp\htdocs\NewWorld\sql-CloudMusic\FEBE-musql-old\BackEnd\Application\Home\Controller\MusicController.class.php 第 22 行.
SQL: SHOW COLUMNS FROM `app_music` [ RunTime:0.0058s ]
SQL: SELECT music.music_id,music.name FROM `app_music` `music`,`app_musicrclass` `mrc`,`app_class` `class` WHERE ( music.music_id=mrc.music_id and mrc.class_id=class.class_id and class.class_id=1 ) ORDER BY listeners LIMIT 10   [ RunTime:0.0577s ]

[ 2017-03-15T20:17:42+08:00 ] ::1 /NewWorld/sql-CloudMusic/FEBE-musql-old/BackEnd/index.php/Home/Music/getList?data=0
INFO: [ app_init ] --START--
INFO: Run Behavior\BuildLiteBehavior [ RunTime:0.000020s ]
INFO: [ app_init ] --END-- [ RunTime:0.000817s ]
INFO: [ app_begin ] --START--
INFO: Run Behavior\ReadHtmlCacheBehavior [ RunTime:0.001368s ]
INFO: [ app_begin ] --END-- [ RunTime:0.001461s ]
NOTIC: [8] Undefined variable: GET F:\xamp\htdocs\NewWorld\sql-CloudMusic\FEBE-musql-old\BackEnd\Application\Home\Controller\MusicController.class.php 第 22 行.
SQL: SHOW COLUMNS FROM `app_music` [ RunTime:0.0047s ]
SQL: SELECT music.music_id,music.name FROM `app_music` `music`,`app_musicrclass` `mrc`,`app_class` `class` WHERE ( music.music_id=mrc.music_id and mrc.class_id=class.class_id and class.class_id=1 ) ORDER BY listeners LIMIT 10   [ RunTime:0.0042s ]

[ 2017-03-15T20:18:41+08:00 ] ::1 /NewWorld/sql-CloudMusic/FEBE-musql-old/BackEnd/index.php/Home/Music/getList?data=0
INFO: [ app_init ] --START--
INFO: Run Behavior\BuildLiteBehavior [ RunTime:0.000019s ]
INFO: [ app_init ] --END-- [ RunTime:0.000740s ]
INFO: [ app_begin ] --START--
INFO: Run Behavior\ReadHtmlCacheBehavior [ RunTime:0.000908s ]
INFO: [ app_begin ] --END-- [ RunTime:0.000985s ]
NOTIC: [8] Undefined variable: GET F:\xamp\htdocs\NewWorld\sql-CloudMusic\FEBE-musql-old\BackEnd\Application\Home\Controller\MusicController.class.php 第 22 行.
SQL: SHOW COLUMNS FROM `app_music` [ RunTime:0.0050s ]
SQL: SELECT music.music_id,music.name FROM `app_music` `music`,`app_musicrclass` `mrc`,`app_class` `class` WHERE ( music.music_id=mrc.music_id and mrc.class_id=class.class_id and class.class_id=1 ) ORDER BY listeners LIMIT 10   [ RunTime:0.0049s ]

[ 2017-03-15T20:19:25+08:00 ] ::1 /NewWorld/sql-CloudMusic/FEBE-musql-old/BackEnd/index.php/Home/Music/getList?data=0
INFO: [ app_init ] --START--
INFO: Run Behavior\BuildLiteBehavior [ RunTime:0.000020s ]
INFO: [ app_init ] --END-- [ RunTime:0.000785s ]
INFO: [ app_begin ] --START--
INFO: Run Behavior\ReadHtmlCacheBehavior [ RunTime:0.001039s ]
INFO: [ app_begin ] --END-- [ RunTime:0.001110s ]
NOTIC: [8] Undefined variable: GET F:\xamp\htdocs\NewWorld\sql-CloudMusic\FEBE-musql-old\BackEnd\Application\Home\Controller\MusicController.class.php 第 22 行.
SQL: SHOW COLUMNS FROM `app_music` [ RunTime:0.0070s ]
SQL: SELECT music.music_id,music.name FROM `app_music` `music`,`app_musicrclass` `mrc`,`app_class` `class` WHERE ( music.music_id=mrc.music_id and mrc.class_id=class.class_id and class.class_id=1 ) ORDER BY listeners LIMIT 10   [ RunTime:0.0084s ]

[ 2017-03-15T20:20:01+08:00 ] ::1 /NewWorld/sql-CloudMusic/FEBE-musql-old/BackEnd/index.php/Home/Music/getList?data=0
INFO: [ app_init ] --START--
INFO: Run Behavior\BuildLiteBehavior [ RunTime:0.000028s ]
INFO: [ app_init ] --END-- [ RunTime:0.001150s ]
INFO: [ app_begin ] --START--
INFO: Run Behavior\ReadHtmlCacheBehavior [ RunTime:0.001244s ]
INFO: [ app_begin ] --END-- [ RunTime:0.001330s ]
NOTIC: [8] Undefined variable: GET F:\xamp\htdocs\NewWorld\sql-CloudMusic\FEBE-musql-old\BackEnd\Application\Home\Controller\MusicController.class.php 第 22 行.
SQL: SHOW COLUMNS FROM `app_music` [ RunTime:0.0064s ]
SQL: SELECT music.music_id,music.name FROM `app_music` `music`,`app_musicrclass` `mrc`,`app_class` `class` WHERE ( music.music_id=mrc.music_id and mrc.class_id=class.class_id and class.class_id=1 ) ORDER BY listeners LIMIT 10   [ RunTime:0.0065s ]

[ 2017-03-15T20:20:04+08:00 ] ::1 /NewWorld/sql-CloudMusic/FEBE-musql-old/BackEnd/index.php/Home/Music/getList?data=0
INFO: [ app_init ] --START--
INFO: Run Behavior\BuildLiteBehavior [ RunTime:0.000019s ]
INFO: [ app_init ] --END-- [ RunTime:0.000771s ]
INFO: [ app_begin ] --START--
INFO: Run Behavior\ReadHtmlCacheBehavior [ RunTime:0.000894s ]
INFO: [ app_begin ] --END-- [ RunTime:0.000969s ]
NOTIC: [8] Undefined variable: GET F:\xamp\htdocs\NewWorld\sql-CloudMusic\FEBE-musql-old\BackEnd\Application\Home\Controller\MusicController.class.php 第 22 行.
SQL: SHOW COLUMNS FROM `app_music` [ RunTime:0.0040s ]
SQL: SELECT music.music_id,music.name FROM `app_music` `music`,`app_musicrclass` `mrc`,`app_class` `class` WHERE ( music.music_id=mrc.music_id and mrc.class_id=class.class_id and class.class_id=1 ) ORDER BY listeners LIMIT 10   [ RunTime:0.0046s ]

[ 2017-03-15T20:20:13+08:00 ] ::1 /NewWorld/sql-CloudMusic/FEBE-musql-old/BackEnd/index.php/Home/Music/getList?data=0
INFO: [ app_init ] --START--
INFO: Run Behavior\BuildLiteBehavior [ RunTime:0.000028s ]
INFO: [ app_init ] --END-- [ RunTime:0.000978s ]
INFO: [ app_begin ] --START--
INFO: Run Behavior\ReadHtmlCacheBehavior [ RunTime:0.000948s ]
INFO: [ app_begin ] --END-- [ RunTime:0.001031s ]
NOTIC: [8] Undefined variable: GET F:\xamp\htdocs\NewWorld\sql-CloudMusic\FEBE-musql-old\BackEnd\Application\Home\Controller\MusicController.class.php 第 22 行.
SQL: SHOW COLUMNS FROM `app_music` [ RunTime:0.0058s ]
SQL: SELECT music.music_id,music.name FROM `app_music` `music`,`app_musicrclass` `mrc`,`app_class` `class` WHERE ( music.music_id=mrc.music_id and mrc.class_id=class.class_id and class.class_id=1 ) ORDER BY listeners LIMIT 10   [ RunTime:0.0065s ]

[ 2017-03-15T20:21:40+08:00 ] ::1 /NewWorld/sql-CloudMusic/FEBE-musql-old/BackEnd/index.php/Home/Music/getList?data=0
INFO: [ app_init ] --START--
INFO: Run Behavior\BuildLiteBehavior [ RunTime:0.000016s ]
INFO: [ app_init ] --END-- [ RunTime:0.000564s ]
INFO: [ app_begin ] --START--
INFO: Run Behavior\ReadHtmlCacheBehavior [ RunTime:0.000853s ]
INFO: [ app_begin ] --END-- [ RunTime:0.000904s ]
NOTIC: [8] Undefined variable: GET F:\xamp\htdocs\NewWorld\sql-CloudMusic\FEBE-musql-old\BackEnd\Application\Home\Controller\MusicController.class.php 第 22 行.
SQL: SHOW COLUMNS FROM `app_music` [ RunTime:0.0078s ]
SQL: SELECT music.music_id,music.name FROM `app_music` `music`,`app_musicrclass` `mrc`,`app_class` `class` WHERE ( music.music_id=mrc.music_id and mrc.class_id=class.class_id and class.class_id=1 ) ORDER BY listeners LIMIT 10   [ RunTime:0.0072s ]

[ 2017-03-15T20:22:38+08:00 ] ::1 /NewWorld/sql-CloudMusic/FEBE-musql-old/BackEnd/index.php/Home/Music/getMusic
INFO: [ app_init ] --START--
INFO: Run Behavior\BuildLiteBehavior [ RunTime:0.000014s ]
INFO: [ app_init ] --END-- [ RunTime:0.000530s ]
INFO: [ app_begin ] --START--
INFO: Run Behavior\ReadHtmlCacheBehavior [ RunTime:0.000652s ]
INFO: [ app_begin ] --END-- [ RunTime:0.000705s ]
ERR: 非法操作:getMusic

[ 2017-03-15T20:24:24+08:00 ] ::1 /NewWorld/sql-CloudMusic/FEBE-musql-old/BackEnd/index.php/Home/Music/getMusic
INFO: [ app_init ] --START--
INFO: Run Behavior\BuildLiteBehavior [ RunTime:0.000014s ]
INFO: [ app_init ] --END-- [ RunTime:0.000585s ]
INFO: [ app_begin ] --START--
INFO: Run Behavior\ReadHtmlCacheBehavior [ RunTime:0.000771s ]
INFO: [ app_begin ] --END-- [ RunTime:0.000821s ]
ERR: 非法操作:getMusic

[ 2017-03-15T20:24:27+08:00 ] ::1 /NewWorld/sql-CloudMusic/FEBE-musql-old/BackEnd/index.php/Home/Music/getList?data=0
INFO: [ app_init ] --START--
INFO: Run Behavior\BuildLiteBehavior [ RunTime:0.000020s ]
INFO: [ app_init ] --END-- [ RunTime:0.000809s ]
INFO: [ app_begin ] --START--
INFO: Run Behavior\ReadHtmlCacheBehavior [ RunTime:0.001591s ]
INFO: [ app_begin ] --END-- [ RunTime:0.001772s ]
NOTIC: [8] Undefined variable: GET F:\xamp\htdocs\NewWorld\sql-CloudMusic\FEBE-musql-old\BackEnd\Application\Home\Controller\MusicController.class.php 第 22 行.
SQL: SHOW COLUMNS FROM `app_music` [ RunTime:0.0070s ]
SQL: SELECT music.music_id,music.name FROM `app_music` `music`,`app_musicrclass` `mrc`,`app_class` `class` WHERE ( music.music_id=mrc.music_id and mrc.class_id=class.class_id and class.class_id=1 ) ORDER BY listeners LIMIT 10   [ RunTime:0.0051s ]

[ 2017-03-15T20:24:28+08:00 ] ::1 /NewWorld/sql-CloudMusic/FEBE-musql-old/BackEnd/index.php/Home/Music/getList?data=0
INFO: [ app_init ] --START--
INFO: Run Behavior\BuildLiteBehavior [ RunTime:0.000013s ]
INFO: [ app_init ] --END-- [ RunTime:0.000496s ]
INFO: [ app_begin ] --START--
INFO: Run Behavior\ReadHtmlCacheBehavior [ RunTime:0.000754s ]
INFO: [ app_begin ] --END-- [ RunTime:0.000798s ]
NOTIC: [8] Undefined variable: GET F:\xamp\htdocs\NewWorld\sql-CloudMusic\FEBE-musql-old\BackEnd\Application\Home\Controller\MusicController.class.php 第 22 行.
SQL: SHOW COLUMNS FROM `app_music` [ RunTime:0.0751s ]
SQL: SELECT music.music_id,music.name FROM `app_music` `music`,`app_musicrclass` `mrc`,`app_class` `class` WHERE ( music.music_id=mrc.music_id and mrc.class_id=class.class_id and class.class_id=1 ) ORDER BY listeners LIMIT 10   [ RunTime:0.0042s ]

[ 2017-03-15T20:24:44+08:00 ] ::1 /NewWorld/sql-CloudMusic/FEBE-musql-old/BackEnd/index.php/Home/Music/getList?data=0
INFO: [ app_init ] --START--
INFO: Run Behavior\BuildLiteBehavior [ RunTime:0.000027s ]
INFO: [ app_init ] --END-- [ RunTime:0.000915s ]
INFO: [ app_begin ] --START--
INFO: Run Behavior\ReadHtmlCacheBehavior [ RunTime:0.001091s ]
INFO: [ app_begin ] --END-- [ RunTime:0.001171s ]
NOTIC: [8] Undefined variable: GET F:\xamp\htdocs\NewWorld\sql-CloudMusic\FEBE-musql-old\BackEnd\Application\Home\Controller\MusicController.class.php 第 22 行.
SQL: SHOW COLUMNS FROM `app_music` [ RunTime:0.0064s ]
SQL: SELECT music.music_id,music.name FROM `app_music` `music`,`app_musicrclass` `mrc`,`app_class` `class` WHERE ( music.music_id=mrc.music_id and mrc.class_id=class.class_id and class.class_id=1 ) ORDER BY listeners LIMIT 10   [ RunTime:0.0072s ]

[ 2017-03-15T20:24:46+08:00 ] ::1 /NewWorld/sql-CloudMusic/FEBE-musql-old/BackEnd/index.php/Home/Music/getList?data=0
INFO: [ app_init ] --START--
INFO: Run Behavior\BuildLiteBehavior [ RunTime:0.000014s ]
INFO: [ app_init ] --END-- [ RunTime:0.000500s ]
INFO: [ app_begin ] --START--
INFO: Run Behavior\ReadHtmlCacheBehavior [ RunTime:0.000759s ]
INFO: [ app_begin ] --END-- [ RunTime:0.000805s ]
NOTIC: [8] Undefined variable: GET F:\xamp\htdocs\NewWorld\sql-CloudMusic\FEBE-musql-old\BackEnd\Application\Home\Controller\MusicController.class.php 第 22 行.
SQL: SHOW COLUMNS FROM `app_music` [ RunTime:0.0039s ]
SQL: SELECT music.music_id,music.name FROM `app_music` `music`,`app_musicrclass` `mrc`,`app_class` `class` WHERE ( music.music_id=mrc.music_id and mrc.class_id=class.class_id and class.class_id=1 ) ORDER BY listeners LIMIT 10   [ RunTime:0.0049s ]

[ 2017-03-15T20:25:19+08:00 ] ::1 /NewWorld/sql-CloudMusic/FEBE-musql-old/BackEnd/index.php/Home/Music/getList?data=0
INFO: [ app_init ] --START--
INFO: Run Behavior\BuildLiteBehavior [ RunTime:0.000019s ]
INFO: [ app_init ] --END-- [ RunTime:0.000735s ]
INFO: [ app_begin ] --START--
INFO: Run Behavior\ReadHtmlCacheBehavior [ RunTime:0.000875s ]
INFO: [ app_begin ] --END-- [ RunTime:0.000954s ]
NOTIC: [8] Undefined variable: GET F:\xamp\htdocs\NewWorld\sql-CloudMusic\FEBE-musql-old\BackEnd\Application\Home\Controller\MusicController.class.php 第 22 行.
SQL: SHOW COLUMNS FROM `app_music` [ RunTime:0.0061s ]
SQL: SELECT music.music_id,music.name FROM `app_music` `music`,`app_musicrclass` `mrc`,`app_class` `class` WHERE ( music.music_id=mrc.music_id and mrc.class_id=class.class_id and class.class_id=1 ) ORDER BY listeners LIMIT 10   [ RunTime:0.0067s ]

[ 2017-03-15T20:25:20+08:00 ] ::1 /NewWorld/sql-CloudMusic/FEBE-musql-old/BackEnd/index.php/Home/Music/getList?data=0
INFO: [ app_init ] --START--
INFO: Run Behavior\BuildLiteBehavior [ RunTime:0.000019s ]
INFO: [ app_init ] --END-- [ RunTime:0.000661s ]
INFO: [ app_begin ] --START--
INFO: Run Behavior\ReadHtmlCacheBehavior [ RunTime:0.001077s ]
INFO: [ app_begin ] --END-- [ RunTime:0.001193s ]
NOTIC: [8] Undefined variable: GET F:\xamp\htdocs\NewWorld\sql-CloudMusic\FEBE-musql-old\BackEnd\Application\Home\Controller\MusicController.class.php 第 22 行.
SQL: SHOW COLUMNS FROM `app_music` [ RunTime:0.0038s ]
SQL: SELECT music.music_id,music.name FROM `app_music` `music`,`app_musicrclass` `mrc`,`app_class` `class` WHERE ( music.music_id=mrc.music_id and mrc.class_id=class.class_id and class.class_id=1 ) ORDER BY listeners LIMIT 10   [ RunTime:0.0045s ]

[ 2017-03-15T20:25:40+08:00 ] ::1 /NewWorld/sql-CloudMusic/FEBE-musql-old/BackEnd/index.php/Home/Music/getList?data=0
INFO: [ app_init ] --START--
INFO: Run Behavior\BuildLiteBehavior [ RunTime:0.000020s ]
INFO: [ app_init ] --END-- [ RunTime:0.000774s ]
INFO: [ app_begin ] --START--
INFO: Run Behavior\ReadHtmlCacheBehavior [ RunTime:0.001125s ]
INFO: [ app_begin ] --END-- [ RunTime:0.001216s ]
NOTIC: [8] Undefined variable: GET F:\xamp\htdocs\NewWorld\sql-CloudMusic\FEBE-musql-old\BackEnd\Application\Home\Controller\MusicController.class.php 第 22 行.
SQL: SHOW COLUMNS FROM `app_music` [ RunTime:0.0050s ]
SQL: SELECT music.music_id,music.name FROM `app_music` `music`,`app_musicrclass` `mrc`,`app_class` `class` WHERE ( music.music_id=mrc.music_id and mrc.class_id=class.class_id and class.class_id=1 ) ORDER BY listeners LIMIT 10   [ RunTime:0.0060s ]

[ 2017-03-15T20:25:42+08:00 ] ::1 /NewWorld/sql-CloudMusic/FEBE-musql-old/BackEnd/index.php/Home/Music/getList?data=0
INFO: [ app_init ] --START--
INFO: Run Behavior\BuildLiteBehavior [ RunTime:0.000020s ]
INFO: [ app_init ] --END-- [ RunTime:0.000601s ]
INFO: [ app_begin ] --START--
INFO: Run Behavior\ReadHtmlCacheBehavior [ RunTime:0.000777s ]
INFO: [ app_begin ] --END-- [ RunTime:0.000846s ]
NOTIC: [8] Undefined variable: GET F:\xamp\htdocs\NewWorld\sql-CloudMusic\FEBE-musql-old\BackEnd\Application\Home\Controller\MusicController.class.php 第 22 行.
SQL: SHOW COLUMNS FROM `app_music` [ RunTime:0.0041s ]
SQL: SELECT music.music_id,music.name FROM `app_music` `music`,`app_musicrclass` `mrc`,`app_class` `class` WHERE ( music.music_id=mrc.music_id and mrc.class_id=class.class_id and class.class_id=1 ) ORDER BY listeners LIMIT 10   [ RunTime:0.0046s ]

[ 2017-03-15T20:25:43+08:00 ] ::1 /NewWorld/sql-CloudMusic/FEBE-musql-old/BackEnd/index.php/Home/Music/getList?data=0
INFO: [ app_init ] --START--
INFO: Run Behavior\BuildLiteBehavior [ RunTime:0.000022s ]
INFO: [ app_init ] --END-- [ RunTime:0.000525s ]
INFO: [ app_begin ] --START--
INFO: Run Behavior\ReadHtmlCacheBehavior [ RunTime:0.000992s ]
INFO: [ app_begin ] --END-- [ RunTime:0.001088s ]
NOTIC: [8] Undefined variable: GET F:\xamp\htdocs\NewWorld\sql-CloudMusic\FEBE-musql-old\BackEnd\Application\Home\Controller\MusicController.class.php 第 22 行.
SQL: SHOW COLUMNS FROM `app_music` [ RunTime:0.0145s ]
SQL: SELECT music.music_id,music.name FROM `app_music` `music`,`app_musicrclass` `mrc`,`app_class` `class` WHERE ( music.music_id=mrc.music_id and mrc.class_id=class.class_id and class.class_id=1 ) ORDER BY listeners LIMIT 10   [ RunTime:0.0062s ]

[ 2017-03-15T20:25:54+08:00 ] ::1 /NewWorld/sql-CloudMusic/FEBE-musql-old/BackEnd/index.php/Home/Music/getList?data=0
INFO: [ app_init ] --START--
INFO: Run Behavior\BuildLiteBehavior [ RunTime:0.000059s ]
INFO: [ app_init ] --END-- [ RunTime:0.000728s ]
INFO: [ app_begin ] --START--
INFO: Run Behavior\ReadHtmlCacheBehavior [ RunTime:0.001679s ]
INFO: [ app_begin ] --END-- [ RunTime:0.001839s ]
NOTIC: [8] Undefined variable: GET F:\xamp\htdocs\NewWorld\sql-CloudMusic\FEBE-musql-old\BackEnd\Application\Home\Controller\MusicController.class.php 第 22 行.
SQL: SHOW COLUMNS FROM `app_music` [ RunTime:0.0068s ]
SQL: SELECT music.music_id,music.name FROM `app_music` `music`,`app_musicrclass` `mrc`,`app_class` `class` WHERE ( music.music_id=mrc.music_id and mrc.class_id=class.class_id and class.class_id=1 ) ORDER BY listeners LIMIT 10   [ RunTime:0.0056s ]

[ 2017-03-15T20:26:03+08:00 ] ::1 /NewWorld/sql-CloudMusic/FEBE-musql-old/BackEnd/index.php/Home/Music/getList?data=0
INFO: [ app_init ] --START--
INFO: Run Behavior\BuildLiteBehavior [ RunTime:0.000024s ]
INFO: [ app_init ] --END-- [ RunTime:0.000737s ]
INFO: [ app_begin ] --START--
INFO: Run Behavior\ReadHtmlCacheBehavior [ RunTime:0.001020s ]
INFO: [ app_begin ] --END-- [ RunTime:0.001115s ]
NOTIC: [8] Undefined variable: GET F:\xamp\htdocs\NewWorld\sql-CloudMusic\FEBE-musql-old\BackEnd\Application\Home\Controller\MusicController.class.php 第 22 行.
SQL: SHOW COLUMNS FROM `app_music` [ RunTime:0.0055s ]
SQL: SELECT music.music_id,music.name FROM `app_music` `music`,`app_musicrclass` `mrc`,`app_class` `class` WHERE ( music.music_id=mrc.music_id and mrc.class_id=class.class_id and class.class_id=1 ) ORDER BY listeners LIMIT 10   [ RunTime:0.0099s ]

[ 2017-03-15T20:26:25+08:00 ] ::1 /NewWorld/sql-CloudMusic/FEBE-musql-old/BackEnd/index.php/Home/Music/getList?data=0
INFO: [ app_init ] --START--
INFO: Run Behavior\BuildLiteBehavior [ RunTime:0.000025s ]
INFO: [ app_init ] --END-- [ RunTime:0.001071s ]
INFO: [ app_begin ] --START--
INFO: Run Behavior\ReadHtmlCacheBehavior [ RunTime:0.001135s ]
INFO: [ app_begin ] --END-- [ RunTime:0.001219s ]
NOTIC: [8] Undefined variable: GET F:\xamp\htdocs\NewWorld\sql-CloudMusic\FEBE-musql-old\BackEnd\Application\Home\Controller\MusicController.class.php 第 22 行.
SQL: SHOW COLUMNS FROM `app_music` [ RunTime:0.0103s ]
SQL: SELECT music.music_id,music.name FROM `app_music` `music`,`app_musicrclass` `mrc`,`app_class` `class` WHERE ( music.music_id=mrc.music_id and mrc.class_id=class.class_id and class.class_id=1 ) ORDER BY listeners LIMIT 10   [ RunTime:0.0070s ]

[ 2017-03-15T20:26:25+08:00 ] ::1 /NewWorld/sql-CloudMusic/FEBE-musql-old/BackEnd/index.php/Home/Music/getList?data=0
INFO: [ app_init ] --START--
INFO: Run Behavior\BuildLiteBehavior [ RunTime:0.000014s ]
INFO: [ app_init ] --END-- [ RunTime:0.000497s ]
INFO: [ app_begin ] --START--
INFO: Run Behavior\ReadHtmlCacheBehavior [ RunTime:0.000631s ]
INFO: [ app_begin ] --END-- [ RunTime:0.000676s ]
NOTIC: [8] Undefined variable: GET F:\xamp\htdocs\NewWorld\sql-CloudMusic\FEBE-musql-old\BackEnd\Application\Home\Controller\MusicController.class.php 第 22 行.
SQL: SHOW COLUMNS FROM `app_music` [ RunTime:0.0058s ]
SQL: SELECT music.music_id,music.name FROM `app_music` `music`,`app_musicrclass` `mrc`,`app_class` `class` WHERE ( music.music_id=mrc.music_id and mrc.class_id=class.class_id and class.class_id=1 ) ORDER BY listeners LIMIT 10   [ RunTime:0.0061s ]

[ 2017-03-15T20:27:44+08:00 ] ::1 /NewWorld/sql-CloudMusic/FEBE-musql-old/BackEnd/index.php/Home/Music/getList?data=0
INFO: [ app_init ] --START--
INFO: Run Behavior\BuildLiteBehavior [ RunTime:0.000023s ]
INFO: [ app_init ] --END-- [ RunTime:0.001058s ]
INFO: [ app_begin ] --START--
INFO: Run Behavior\ReadHtmlCacheBehavior [ RunTime:0.001544s ]
INFO: [ app_begin ] --END-- [ RunTime:0.001652s ]
NOTIC: [8] Undefined variable: GET F:\xamp\htdocs\NewWorld\sql-CloudMusic\FEBE-musql-old\BackEnd\Application\Home\Controller\MusicController.class.php 第 22 行.
SQL: SHOW COLUMNS FROM `app_music` [ RunTime:0.0056s ]
SQL: SELECT music.music_id,music.name FROM `app_music` `music`,`app_musicrclass` `mrc`,`app_class` `class` WHERE ( music.music_id=mrc.music_id and mrc.class_id=class.class_id and class.class_id=1 ) ORDER BY listeners LIMIT 10   [ RunTime:0.0048s ]

[ 2017-03-15T20:27:55+08:00 ] ::1 /NewWorld/sql-CloudMusic/FEBE-musql-old/BackEnd/index.php/Home/Music/getList?data=0
INFO: [ app_init ] --START--
INFO: Run Behavior\BuildLiteBehavior [ RunTime:0.000014s ]
INFO: [ app_init ] --END-- [ RunTime:0.000480s ]
INFO: [ app_begin ] --START--
INFO: Run Behavior\ReadHtmlCacheBehavior [ RunTime:0.000908s ]
INFO: [ app_begin ] --END-- [ RunTime:0.000971s ]
NOTIC: [8] Undefined variable: GET F:\xamp\htdocs\NewWorld\sql-CloudMusic\FEBE-musql-old\BackEnd\Application\Home\Controller\MusicController.class.php 第 22 行.
SQL: SHOW COLUMNS FROM `app_music` [ RunTime:0.0059s ]
SQL: SELECT music.music_id,music.name FROM `app_music` `music`,`app_musicrclass` `mrc`,`app_class` `class` WHERE ( music.music_id=mrc.music_id and mrc.class_id=class.class_id and class.class_id=1 ) ORDER BY listeners LIMIT 10   [ RunTime:0.0062s ]

[ 2017-03-15T20:27:56+08:00 ] ::1 /NewWorld/sql-CloudMusic/FEBE-musql-old/BackEnd/index.php/Home/Music/getItem?id=11
INFO: [ app_init ] --START--
INFO: Run Behavior\BuildLiteBehavior [ RunTime:0.000013s ]
INFO: [ app_init ] --END-- [ RunTime:0.000506s ]
INFO: [ app_begin ] --START--
INFO: Run Behavior\ReadHtmlCacheBehavior [ RunTime:0.000766s ]
INFO: [ app_begin ] --END-- [ RunTime:0.000810s ]
SQL: SHOW COLUMNS FROM `app_music` [ RunTime:0.0045s ]
SQL: SELECT music.music_id,music.name,`singer_name`,music.src FROM `app_music` `music`,`app_singerrmusic` `mrs`,`app_singer` `singer` WHERE ( music.music_id=mrs.music_id and mrs.singer_id=singer.singer_id and music.music_id=11 )  [ RunTime:0.0555s ]

[ 2017-03-15T20:28:12+08:00 ] ::1 /NewWorld/sql-CloudMusic/FEBE-musql-old/BackEnd/index.php/Home/Music/getList?data=0
INFO: [ app_init ] --START--
INFO: Run Behavior\BuildLiteBehavior [ RunTime:0.000027s ]
INFO: [ app_init ] --END-- [ RunTime:0.000903s ]
INFO: [ app_begin ] --START--
INFO: Run Behavior\ReadHtmlCacheBehavior [ RunTime:0.001296s ]
INFO: [ app_begin ] --END-- [ RunTime:0.001385s ]
NOTIC: [8] Undefined variable: GET F:\xamp\htdocs\NewWorld\sql-CloudMusic\FEBE-musql-old\BackEnd\Application\Home\Controller\MusicController.class.php 第 22 行.
SQL: SHOW COLUMNS FROM `app_music` [ RunTime:0.0063s ]
SQL: SELECT music.music_id,music.name FROM `app_music` `music`,`app_musicrclass` `mrc`,`app_class` `class` WHERE ( music.music_id=mrc.music_id and mrc.class_id=class.class_id and class.class_id=1 ) ORDER BY listeners LIMIT 10   [ RunTime:0.0085s ]

[ 2017-03-15T20:28:14+08:00 ] ::1 /NewWorld/sql-CloudMusic/FEBE-musql-old/BackEnd/index.php/Home/Music/getItem?id=29
INFO: [ app_init ] --START--
INFO: Run Behavior\BuildLiteBehavior [ RunTime:0.000013s ]
INFO: [ app_init ] --END-- [ RunTime:0.000500s ]
INFO: [ app_begin ] --START--
INFO: Run Behavior\ReadHtmlCacheBehavior [ RunTime:0.000745s ]
INFO: [ app_begin ] --END-- [ RunTime:0.000789s ]
SQL: SHOW COLUMNS FROM `app_music` [ RunTime:0.0041s ]
SQL: SELECT music.music_id,music.name,`singer_name`,music.src FROM `app_music` `music`,`app_singerrmusic` `mrs`,`app_singer` `singer` WHERE ( music.music_id=mrs.music_id and mrs.singer_id=singer.singer_id and music.music_id=29 )  [ RunTime:0.0007s ]

[ 2017-03-15T20:28:22+08:00 ] ::1 /NewWorld/sql-CloudMusic/FEBE-musql-old/BackEnd/index.php/Home/Music/getList?data=0
INFO: [ app_init ] --START--
INFO: Run Behavior\BuildLiteBehavior [ RunTime:0.000017s ]
INFO: [ app_init ] --END-- [ RunTime:0.000567s ]
INFO: [ app_begin ] --START--
INFO: Run Behavior\ReadHtmlCacheBehavior [ RunTime:0.001080s ]
INFO: [ app_begin ] --END-- [ RunTime:0.001160s ]
NOTIC: [8] Undefined variable: GET F:\xamp\htdocs\NewWorld\sql-CloudMusic\FEBE-musql-old\BackEnd\Application\Home\Controller\MusicController.class.php 第 22 行.
SQL: SHOW COLUMNS FROM `app_music` [ RunTime:0.0082s ]
SQL: SELECT music.music_id,music.name FROM `app_music` `music`,`app_musicrclass` `mrc`,`app_class` `class` WHERE ( music.music_id=mrc.music_id and mrc.class_id=class.class_id and class.class_id=1 ) ORDER BY listeners LIMIT 10   [ RunTime:0.0074s ]

[ 2017-03-15T20:28:23+08:00 ] ::1 /NewWorld/sql-CloudMusic/FEBE-musql-old/BackEnd/index.php/Home/Music/getItem?id=29
INFO: [ app_init ] --START--
INFO: Run Behavior\BuildLiteBehavior [ RunTime:0.000014s ]
INFO: [ app_init ] --END-- [ RunTime:0.000497s ]
INFO: [ app_begin ] --START--
INFO: Run Behavior\ReadHtmlCacheBehavior [ RunTime:0.000762s ]
INFO: [ app_begin ] --END-- [ RunTime:0.000805s ]
SQL: SHOW COLUMNS FROM `app_music` [ RunTime:0.0041s ]
SQL: SELECT music.music_id,music.name,`singer_name`,music.src FROM `app_music` `music`,`app_singerrmusic` `mrs`,`app_singer` `singer` WHERE ( music.music_id=mrs.music_id and mrs.singer_id=singer.singer_id and music.music_id=29 )  [ RunTime:0.0006s ]

[ 2017-03-15T20:28:39+08:00 ] ::1 /NewWorld/sql-CloudMusic/FEBE-musql-old/BackEnd/index.php/Home/Music/getList?data=0
INFO: [ app_init ] --START--
INFO: Run Behavior\BuildLiteBehavior [ RunTime:0.000018s ]
INFO: [ app_init ] --END-- [ RunTime:0.000729s ]
INFO: [ app_begin ] --START--
INFO: Run Behavior\ReadHtmlCacheBehavior [ RunTime:0.001101s ]
INFO: [ app_begin ] --END-- [ RunTime:0.001181s ]
NOTIC: [8] Undefined variable: GET F:\xamp\htdocs\NewWorld\sql-CloudMusic\FEBE-musql-old\BackEnd\Application\Home\Controller\MusicController.class.php 第 22 行.
SQL: SHOW COLUMNS FROM `app_music` [ RunTime:0.0061s ]
SQL: SELECT music.music_id,music.name FROM `app_music` `music`,`app_musicrclass` `mrc`,`app_class` `class` WHERE ( music.music_id=mrc.music_id and mrc.class_id=class.class_id and class.class_id=1 ) ORDER BY listeners LIMIT 10   [ RunTime:0.0065s ]

[ 2017-03-15T20:28:40+08:00 ] ::1 /NewWorld/sql-CloudMusic/FEBE-musql-old/BackEnd/index.php/Home/Music/getItem?id=24
INFO: [ app_init ] --START--
INFO: Run Behavior\BuildLiteBehavior [ RunTime:0.000013s ]
INFO: [ app_init ] --END-- [ RunTime:0.000497s ]
INFO: [ app_begin ] --START--
INFO: Run Behavior\ReadHtmlCacheBehavior [ RunTime:0.000624s ]
INFO: [ app_begin ] --END-- [ RunTime:0.000668s ]
SQL: SHOW COLUMNS FROM `app_music` [ RunTime:0.0040s ]
SQL: SELECT music.music_id,music.name,`singer_name`,music.src FROM `app_music` `music`,`app_singerrmusic` `mrs`,`app_singer` `singer` WHERE ( music.music_id=mrs.music_id and mrs.singer_id=singer.singer_id and music.music_id=24 )  [ RunTime:0.0006s ]

[ 2017-03-15T20:29:11+08:00 ] ::1 /NewWorld/sql-CloudMusic/FEBE-musql-old/BackEnd/index.php/Home/Music/getList?data=0
INFO: [ app_init ] --START--
INFO: Run Behavior\BuildLiteBehavior [ RunTime:0.000017s ]
INFO: [ app_init ] --END-- [ RunTime:0.000682s ]
INFO: [ app_begin ] --START--
INFO: Run Behavior\ReadHtmlCacheBehavior [ RunTime:0.000986s ]
INFO: [ app_begin ] --END-- [ RunTime:0.001072s ]
NOTIC: [8] Undefined variable: GET F:\xamp\htdocs\NewWorld\sql-CloudMusic\FEBE-musql-old\BackEnd\Application\Home\Controller\MusicController.class.php 第 22 行.
SQL: SHOW COLUMNS FROM `app_music` [ RunTime:0.0058s ]
SQL: SELECT music.music_id,music.name FROM `app_music` `music`,`app_musicrclass` `mrc`,`app_class` `class` WHERE ( music.music_id=mrc.music_id and mrc.class_id=class.class_id and class.class_id=1 ) ORDER BY listeners LIMIT 10   [ RunTime:0.0053s ]

[ 2017-03-15T20:29:16+08:00 ] ::1 /NewWorld/sql-CloudMusic/FEBE-musql-old/BackEnd/index.php/Home/Music/getItem?id=24
INFO: [ app_init ] --START--
INFO: Run Behavior\BuildLiteBehavior [ RunTime:0.000013s ]
INFO: [ app_init ] --END-- [ RunTime:0.000498s ]
INFO: [ app_begin ] --START--
INFO: Run Behavior\ReadHtmlCacheBehavior [ RunTime:0.000613s ]
INFO: [ app_begin ] --END-- [ RunTime:0.000656s ]
SQL: SHOW COLUMNS FROM `app_music` [ RunTime:0.0530s ]
SQL: SELECT music.music_id,music.name,`singer_name`,music.src FROM `app_music` `music`,`app_singerrmusic` `mrs`,`app_singer` `singer` WHERE ( music.music_id=mrs.music_id and mrs.singer_id=singer.singer_id and music.music_id=24 )  [ RunTime:0.0006s ]

[ 2017-03-15T20:29:22+08:00 ] ::1 /NewWorld/sql-CloudMusic/FEBE-musql-old/BackEnd/index.php/Home/Music/getList?data=0
INFO: [ app_init ] --START--
INFO: Run Behavior\BuildLiteBehavior [ RunTime:0.000014s ]
INFO: [ app_init ] --END-- [ RunTime:0.000534s ]
INFO: [ app_begin ] --START--
INFO: Run Behavior\ReadHtmlCacheBehavior [ RunTime:0.000982s ]
INFO: [ app_begin ] --END-- [ RunTime:0.001066s ]
NOTIC: [8] Undefined variable: GET F:\xamp\htdocs\NewWorld\sql-CloudMusic\FEBE-musql-old\BackEnd\Application\Home\Controller\MusicController.class.php 第 22 行.
SQL: SHOW COLUMNS FROM `app_music` [ RunTime:0.0080s ]
SQL: SELECT music.music_id,music.name FROM `app_music` `music`,`app_musicrclass` `mrc`,`app_class` `class` WHERE ( music.music_id=mrc.music_id and mrc.class_id=class.class_id and class.class_id=1 ) ORDER BY listeners LIMIT 10   [ RunTime:0.0057s ]

