[ 2016-12-22T17:01:08+08:00 ] ::1 /NewWorld/FEBE-mysql/BackEnd/index.php/Home/Index/getNews
INFO: [ app_init ] --START--
INFO: Run Behavior\BuildLiteBehavior [ RunTime:0.000020s ]
INFO: [ app_init ] --END-- [ RunTime:0.004658s ]
INFO: [ app_begin ] --START--
INFO: Run Behavior\ReadHtmlCacheBehavior [ RunTime:0.002325s ]
INFO: [ app_begin ] --END-- [ RunTime:0.002402s ]
ERR: SQLSTATE[HY000] [2002] ÓÉÓÚÄ¿±ê¼ÆËã»ú»ý¼«¾Ü¾ø£¬ÎÞ·¨Á¬½Ó¡£


[ 2016-12-22T17:01:10+08:00 ] ::1 /NewWorld/FEBE-mysql/BackEnd/index.php/Home/Music/getList?data=1
INFO: [ app_init ] --START--
INFO: Run Behavior\BuildLiteBehavior [ RunTime:0.000022s ]
INFO: [ app_init ] --END-- [ RunTime:0.004675s ]
INFO: [ app_begin ] --START--
INFO: Run Behavior\ReadHtmlCacheBehavior [ RunTime:0.002343s ]
INFO: [ app_begin ] --END-- [ RunTime:0.002414s ]
NOTIC: [8] Undefined variable: GET F:\xampp\htdocs\NewWorld\FEBE-mysql\BackEnd\Application\Home\Controller\MusicController.class.php ç¬¬ 22 è¡Œ.
ERR: SQLSTATE[HY000] [2002] ÓÉÓÚÄ¿±ê¼ÆËã»ú»ý¼«¾Ü¾ø£¬ÎÞ·¨Á¬½Ó¡£


[ 2016-12-22T17:01:12+08:00 ] ::1 /NewWorld/FEBE-mysql/BackEnd/index.php/Home/Music/getList?data=0
INFO: [ app_init ] --START--
INFO: Run Behavior\BuildLiteBehavior [ RunTime:0.000020s ]
INFO: [ app_init ] --END-- [ RunTime:0.004676s ]
INFO: [ app_begin ] --START--
INFO: Run Behavior\ReadHtmlCacheBehavior [ RunTime:0.002359s ]
INFO: [ app_begin ] --END-- [ RunTime:0.002440s ]
NOTIC: [8] Undefined variable: GET F:\xampp\htdocs\NewWorld\FEBE-mysql\BackEnd\Application\Home\Controller\MusicController.class.php ç¬¬ 22 è¡Œ.
ERR: SQLSTATE[HY000] [2002] ÓÉÓÚÄ¿±ê¼ÆËã»ú»ý¼«¾Ü¾ø£¬ÎÞ·¨Á¬½Ó¡£


[ 2016-12-22T17:01:14+08:00 ] ::1 /NewWorld/FEBE-mysql/BackEnd/index.php/Home/Music/getList?data=2
INFO: [ app_init ] --START--
INFO: Run Behavior\BuildLiteBehavior [ RunTime:0.000021s ]
INFO: [ app_init ] --END-- [ RunTime:0.004492s ]
INFO: [ app_begin ] --START--
INFO: Run Behavior\ReadHtmlCacheBehavior [ RunTime:0.002320s ]
INFO: [ app_begin ] --END-- [ RunTime:0.002403s ]
NOTIC: [8] Undefined variable: GET F:\xampp\htdocs\NewWorld\FEBE-mysql\BackEnd\Application\Home\Controller\MusicController.class.php ç¬¬ 22 è¡Œ.
ERR: SQLSTATE[HY000] [2002] ÓÉÓÚÄ¿±ê¼ÆËã»ú»ý¼«¾Ü¾ø£¬ÎÞ·¨Á¬½Ó¡£


[ 2016-12-22T17:01:20+08:00 ] ::1 /NewWorld/FEBE-mysql/BackEnd/index.php/Home/Index/getNews
INFO: [ app_init ] --START--
INFO: Run Behavior\BuildLiteBehavior [ RunTime:0.000021s ]
INFO: [ app_init ] --END-- [ RunTime:0.000709s ]
INFO: [ app_begin ] --START--
INFO: Run Behavior\ReadHtmlCacheBehavior [ RunTime:0.001633s ]
INFO: [ app_begin ] --END-- [ RunTime:0.001745s ]
ERR: SQLSTATE[HY000] [2002] ÓÉÓÚÄ¿±ê¼ÆËã»ú»ý¼«¾Ü¾ø£¬ÎÞ·¨Á¬½Ó¡£


[ 2016-12-22T17:01:23+08:00 ] ::1 /NewWorld/FEBE-mysql/BackEnd/index.php/Home/Music/getList?data=0
INFO: [ app_init ] --START--
INFO: Run Behavior\BuildLiteBehavior [ RunTime:0.000021s ]
INFO: [ app_init ] --END-- [ RunTime:0.001260s ]
INFO: [ app_begin ] --START--
INFO: Run Behavior\ReadHtmlCacheBehavior [ RunTime:0.001234s ]
INFO: [ app_begin ] --END-- [ RunTime:0.001292s ]
NOTIC: [8] Undefined variable: GET F:\xampp\htdocs\NewWorld\FEBE-mysql\BackEnd\Application\Home\Controller\MusicController.class.php ç¬¬ 22 è¡Œ.
ERR: SQLSTATE[HY000] [2002] ÓÉÓÚÄ¿±ê¼ÆËã»ú»ý¼«¾Ü¾ø£¬ÎÞ·¨Á¬½Ó¡£


[ 2016-12-22T17:01:25+08:00 ] ::1 /NewWorld/FEBE-mysql/BackEnd/index.php/Home/Music/getList?data=2
INFO: [ app_init ] --START--
INFO: Run Behavior\BuildLiteBehavior [ RunTime:0.000016s ]
INFO: [ app_init ] --END-- [ RunTime:0.000721s ]
INFO: [ app_begin ] --START--
INFO: Run Behavior\ReadHtmlCacheBehavior [ RunTime:0.001503s ]
INFO: [ app_begin ] --END-- [ RunTime:0.001579s ]
NOTIC: [8] Undefined variable: GET F:\xampp\htdocs\NewWorld\FEBE-mysql\BackEnd\Application\Home\Controller\MusicController.class.php ç¬¬ 22 è¡Œ.
ERR: SQLSTATE[HY000] [2002] ÓÉÓÚÄ¿±ê¼ÆËã»ú»ý¼«¾Ü¾ø£¬ÎÞ·¨Á¬½Ó¡£


[ 2016-12-22T17:01:27+08:00 ] ::1 /NewWorld/FEBE-mysql/BackEnd/index.php/Home/Music/getList?data=1
INFO: [ app_init ] --START--
INFO: Run Behavior\BuildLiteBehavior [ RunTime:0.000015s ]
INFO: [ app_init ] --END-- [ RunTime:0.000642s ]
INFO: [ app_begin ] --START--
INFO: Run Behavior\ReadHtmlCacheBehavior [ RunTime:0.002752s ]
INFO: [ app_begin ] --END-- [ RunTime:0.002845s ]
NOTIC: [8] Undefined variable: GET F:\xampp\htdocs\NewWorld\FEBE-mysql\BackEnd\Application\Home\Controller\MusicController.class.php ç¬¬ 22 è¡Œ.
ERR: SQLSTATE[HY000] [2002] ÓÉÓÚÄ¿±ê¼ÆËã»ú»ý¼«¾Ü¾ø£¬ÎÞ·¨Á¬½Ó¡£


[ 2016-12-22T17:01:58+08:00 ] ::1 /NewWorld/FEBE-mysql/BackEnd/index.php/Home/Music/getList?data=0
INFO: [ app_init ] --START--
INFO: Run Behavior\BuildLiteBehavior [ RunTime:0.000020s ]
INFO: [ app_init ] --END-- [ RunTime:0.000709s ]
INFO: [ app_begin ] --START--
INFO: Run Behavior\ReadHtmlCacheBehavior [ RunTime:0.001289s ]
INFO: [ app_begin ] --END-- [ RunTime:0.001373s ]
NOTIC: [8] Undefined variable: GET F:\xampp\htdocs\NewWorld\FEBE-mysql\BackEnd\Application\Home\Controller\MusicController.class.php ç¬¬ 22 è¡Œ.
ERR: SQLSTATE[HY000] [2002] ÓÉÓÚÄ¿±ê¼ÆËã»ú»ý¼«¾Ü¾ø£¬ÎÞ·¨Á¬½Ó¡£


[ 2016-12-22T17:02:00+08:00 ] ::1 /NewWorld/FEBE-mysql/BackEnd/index.php/Home/Index/getNews
INFO: [ app_init ] --START--
INFO: Run Behavior\BuildLiteBehavior [ RunTime:0.000021s ]
INFO: [ app_init ] --END-- [ RunTime:0.001038s ]
INFO: [ app_begin ] --START--
INFO: Run Behavior\ReadHtmlCacheBehavior [ RunTime:0.001200s ]
INFO: [ app_begin ] --END-- [ RunTime:0.001268s ]
ERR: SQLSTATE[HY000] [2002] ÓÉÓÚÄ¿±ê¼ÆËã»ú»ý¼«¾Ü¾ø£¬ÎÞ·¨Á¬½Ó¡£


[ 2016-12-22T17:02:02+08:00 ] ::1 /NewWorld/FEBE-mysql/BackEnd/index.php/Home/Music/getList?data=1
INFO: [ app_init ] --START--
INFO: Run Behavior\BuildLiteBehavior [ RunTime:0.000018s ]
INFO: [ app_init ] --END-- [ RunTime:0.000689s ]
INFO: [ app_begin ] --START--
INFO: Run Behavior\ReadHtmlCacheBehavior [ RunTime:0.001423s ]
INFO: [ app_begin ] --END-- [ RunTime:0.001522s ]
NOTIC: [8] Undefined variable: GET F:\xampp\htdocs\NewWorld\FEBE-mysql\BackEnd\Application\Home\Controller\MusicController.class.php ç¬¬ 22 è¡Œ.
ERR: SQLSTATE[HY000] [2002] ÓÉÓÚÄ¿±ê¼ÆËã»ú»ý¼«¾Ü¾ø£¬ÎÞ·¨Á¬½Ó¡£


[ 2016-12-22T17:02:04+08:00 ] ::1 /NewWorld/FEBE-mysql/BackEnd/index.php/Home/Music/getList?data=2
INFO: [ app_init ] --START--
INFO: Run Behavior\BuildLiteBehavior [ RunTime:0.000022s ]
INFO: [ app_init ] --END-- [ RunTime:0.001144s ]
INFO: [ app_begin ] --START--
INFO: Run Behavior\ReadHtmlCacheBehavior [ RunTime:0.001049s ]
INFO: [ app_begin ] --END-- [ RunTime:0.001112s ]
NOTIC: [8] Undefined variable: GET F:\xampp\htdocs\NewWorld\FEBE-mysql\BackEnd\Application\Home\Controller\MusicController.class.php ç¬¬ 22 è¡Œ.
ERR: SQLSTATE[HY000] [2002] ÓÉÓÚÄ¿±ê¼ÆËã»ú»ý¼«¾Ü¾ø£¬ÎÞ·¨Á¬½Ó¡£


[ 2016-12-22T17:02:28+08:00 ] ::1 /NewWorld/FEBE-mysql/BackEnd/index.php/Home/Index/getNews
INFO: [ app_init ] --START--
INFO: Run Behavior\BuildLiteBehavior [ RunTime:0.000018s ]
INFO: [ app_init ] --END-- [ RunTime:0.000699s ]
INFO: [ app_begin ] --START--
INFO: Run Behavior\ReadHtmlCacheBehavior [ RunTime:0.001167s ]
INFO: [ app_begin ] --END-- [ RunTime:0.001228s ]
SQL: SHOW COLUMNS FROM `app_news` [ RunTime:0.0425s ]
SQL: SELECT * FROM `app_news` LIMIT 7   [ RunTime:0.0094s ]

[ 2016-12-22T17:02:28+08:00 ] ::1 /NewWorld/FEBE-mysql/BackEnd/index.php/Home/Music/getList?data=0
INFO: [ app_init ] --START--
INFO: Run Behavior\BuildLiteBehavior [ RunTime:0.000018s ]
INFO: [ app_init ] --END-- [ RunTime:0.000830s ]
INFO: [ app_begin ] --START--
INFO: Run Behavior\ReadHtmlCacheBehavior [ RunTime:0.001195s ]
INFO: [ app_begin ] --END-- [ RunTime:0.001259s ]
NOTIC: [8] Undefined variable: GET F:\xampp\htdocs\NewWorld\FEBE-mysql\BackEnd\Application\Home\Controller\MusicController.class.php ç¬¬ 22 è¡Œ.
SQL: SHOW COLUMNS FROM `app_music` [ RunTime:0.0211s ]
SQL: SELECT music.music_id,music.name FROM `app_music` `music`,`app_musicrclass` `mrc`,`app_class` `class` WHERE ( music.music_id=mrc.music_id and mrc.class_id=class.class_id and class.class_id=1 ) ORDER BY listeners LIMIT 10   [ RunTime:0.0670s ]

[ 2016-12-22T17:02:28+08:00 ] ::1 /NewWorld/FEBE-mysql/BackEnd/index.php/Home/Music/getList?data=2
INFO: [ app_init ] --START--
INFO: Run Behavior\BuildLiteBehavior [ RunTime:0.000027s ]
INFO: [ app_init ] --END-- [ RunTime:0.000901s ]
INFO: [ app_begin ] --START--
INFO: Run Behavior\ReadHtmlCacheBehavior [ RunTime:0.001518s ]
INFO: [ app_begin ] --END-- [ RunTime:0.001603s ]
NOTIC: [8] Undefined variable: GET F:\xampp\htdocs\NewWorld\FEBE-mysql\BackEnd\Application\Home\Controller\MusicController.class.php ç¬¬ 22 è¡Œ.
SQL: SHOW COLUMNS FROM `app_music` [ RunTime:0.0205s ]
SQL: SELECT music.music_id,music.name FROM `app_music` `music`,`app_musicrclass` `mrc`,`app_class` `class` WHERE ( music.music_id=mrc.music_id and mrc.class_id=class.class_id and class.class_id=1 ) ORDER BY listeners LIMIT 10   [ RunTime:0.0032s ]

[ 2016-12-22T17:02:28+08:00 ] ::1 /NewWorld/FEBE-mysql/BackEnd/index.php/Home/Music/getList?data=1
INFO: [ app_init ] --START--
INFO: Run Behavior\BuildLiteBehavior [ RunTime:0.000022s ]
INFO: [ app_init ] --END-- [ RunTime:0.000915s ]
INFO: [ app_begin ] --START--
INFO: Run Behavior\ReadHtmlCacheBehavior [ RunTime:0.001423s ]
INFO: [ app_begin ] --END-- [ RunTime:0.001512s ]
NOTIC: [8] Undefined variable: GET F:\xampp\htdocs\NewWorld\FEBE-mysql\BackEnd\Application\Home\Controller\MusicController.class.php ç¬¬ 22 è¡Œ.
SQL: SHOW COLUMNS FROM `app_music` [ RunTime:0.0035s ]
SQL: SELECT music.music_id,music.name FROM `app_music` `music`,`app_musicrclass` `mrc`,`app_class` `class` WHERE ( music.music_id=mrc.music_id and mrc.class_id=class.class_id and class.class_id=1 ) ORDER BY listeners LIMIT 10   [ RunTime:0.0036s ]

[ 2016-12-22T17:02:32+08:00 ] ::1 /NewWorld/FEBE-mysql/BackEnd/index.php/Home/Music/getItem?id=24
INFO: [ app_init ] --START--
INFO: Run Behavior\BuildLiteBehavior [ RunTime:0.000013s ]
INFO: [ app_init ] --END-- [ RunTime:0.000533s ]
INFO: [ app_begin ] --START--
INFO: Run Behavior\ReadHtmlCacheBehavior [ RunTime:0.001021s ]
INFO: [ app_begin ] --END-- [ RunTime:0.001071s ]
SQL: SHOW COLUMNS FROM `app_music` [ RunTime:0.0033s ]
SQL: SELECT music.music_id,music.name,`singer_name`,music.src FROM `app_music` `music`,`app_singerrmusic` `mrs`,`app_singer` `singer` WHERE ( music.music_id=mrs.music_id and mrs.singer_id=singer.singer_id and music.music_id=24 )  [ RunTime:0.0623s ]

[ 2016-12-22T17:02:32+08:00 ] ::1 /NewWorld/FEBE-mysql/BackEnd/index.php/Home/Music/getItem?id=24
INFO: [ app_init ] --START--
INFO: Run Behavior\BuildLiteBehavior [ RunTime:0.000013s ]
INFO: [ app_init ] --END-- [ RunTime:0.000534s ]
INFO: [ app_begin ] --START--
INFO: Run Behavior\ReadHtmlCacheBehavior [ RunTime:0.001039s ]
INFO: [ app_begin ] --END-- [ RunTime:0.001101s ]
SQL: SHOW COLUMNS FROM `app_music` [ RunTime:0.0035s ]
SQL: SELECT music.music_id,music.name,`singer_name`,music.src FROM `app_music` `music`,`app_singerrmusic` `mrs`,`app_singer` `singer` WHERE ( music.music_id=mrs.music_id and mrs.singer_id=singer.singer_id and music.music_id=24 )  [ RunTime:0.0007s ]

[ 2016-12-22T17:03:32+08:00 ] ::1 /NewWorld/FEBE-mysql/BackEnd/index.php/Home/Index/getNews
INFO: [ app_init ] --START--
INFO: Run Behavior\BuildLiteBehavior [ RunTime:0.000020s ]
INFO: [ app_init ] --END-- [ RunTime:0.001388s ]
INFO: [ app_begin ] --START--
INFO: Run Behavior\ReadHtmlCacheBehavior [ RunTime:0.001255s ]
INFO: [ app_begin ] --END-- [ RunTime:0.001324s ]
SQL: SHOW COLUMNS FROM `app_news` [ RunTime:0.0039s ]
SQL: SELECT * FROM `app_news` LIMIT 7   [ RunTime:0.0005s ]

[ 2016-12-22T17:03:32+08:00 ] ::1 /NewWorld/FEBE-mysql/BackEnd/index.php/Home/Music/getList?data=0
INFO: [ app_init ] --START--
INFO: Run Behavior\BuildLiteBehavior [ RunTime:0.000018s ]
INFO: [ app_init ] --END-- [ RunTime:0.000823s ]
INFO: [ app_begin ] --START--
INFO: Run Behavior\ReadHtmlCacheBehavior [ RunTime:0.001271s ]
INFO: [ app_begin ] --END-- [ RunTime:0.001331s ]
NOTIC: [8] Undefined variable: GET F:\xampp\htdocs\NewWorld\FEBE-mysql\BackEnd\Application\Home\Controller\MusicController.class.php ç¬¬ 22 è¡Œ.
SQL: SHOW COLUMNS FROM `app_music` [ RunTime:0.0041s ]
SQL: SELECT music.music_id,music.name FROM `app_music` `music`,`app_musicrclass` `mrc`,`app_class` `class` WHERE ( music.music_id=mrc.music_id and mrc.class_id=class.class_id and class.class_id=1 ) ORDER BY listeners LIMIT 10   [ RunTime:0.0047s ]

[ 2016-12-22T17:03:32+08:00 ] ::1 /NewWorld/FEBE-mysql/BackEnd/index.php/Home/Music/getList?data=2
INFO: [ app_init ] --START--
INFO: Run Behavior\BuildLiteBehavior [ RunTime:0.000016s ]
INFO: [ app_init ] --END-- [ RunTime:0.000636s ]
INFO: [ app_begin ] --START--
INFO: Run Behavior\ReadHtmlCacheBehavior [ RunTime:0.001462s ]
INFO: [ app_begin ] --END-- [ RunTime:0.001546s ]
NOTIC: [8] Undefined variable: GET F:\xampp\htdocs\NewWorld\FEBE-mysql\BackEnd\Application\Home\Controller\MusicController.class.php ç¬¬ 22 è¡Œ.
SQL: SHOW COLUMNS FROM `app_music` [ RunTime:0.0035s ]
SQL: SELECT music.music_id,music.name FROM `app_music` `music`,`app_musicrclass` `mrc`,`app_class` `class` WHERE ( music.music_id=mrc.music_id and mrc.class_id=class.class_id and class.class_id=1 ) ORDER BY listeners LIMIT 10   [ RunTime:0.0031s ]

[ 2016-12-22T17:03:32+08:00 ] ::1 /NewWorld/FEBE-mysql/BackEnd/index.php/Home/Music/getList?data=1
INFO: [ app_init ] --START--
INFO: Run Behavior\BuildLiteBehavior [ RunTime:0.000019s ]
INFO: [ app_init ] --END-- [ RunTime:0.001185s ]
INFO: [ app_begin ] --START--
INFO: Run Behavior\ReadHtmlCacheBehavior [ RunTime:0.001449s ]
INFO: [ app_begin ] --END-- [ RunTime:0.001509s ]
NOTIC: [8] Undefined variable: GET F:\xampp\htdocs\NewWorld\FEBE-mysql\BackEnd\Application\Home\Controller\MusicController.class.php ç¬¬ 22 è¡Œ.
SQL: SHOW COLUMNS FROM `app_music` [ RunTime:0.0034s ]
SQL: SELECT music.music_id,music.name FROM `app_music` `music`,`app_musicrclass` `mrc`,`app_class` `class` WHERE ( music.music_id=mrc.music_id and mrc.class_id=class.class_id and class.class_id=1 ) ORDER BY listeners LIMIT 10   [ RunTime:0.0032s ]

[ 2016-12-22T17:03:48+08:00 ] ::1 /NewWorld/FEBE-mysql/BackEnd/index.php/Home/Index/getNews
INFO: [ app_init ] --START--
INFO: Run Behavior\BuildLiteBehavior [ RunTime:0.000022s ]
INFO: [ app_init ] --END-- [ RunTime:0.000758s ]
INFO: [ app_begin ] --START--
INFO: Run Behavior\ReadHtmlCacheBehavior [ RunTime:0.001268s ]
INFO: [ app_begin ] --END-- [ RunTime:0.001338s ]
SQL: SHOW COLUMNS FROM `app_news` [ RunTime:0.0038s ]
SQL: SELECT * FROM `app_news` LIMIT 7   [ RunTime:0.0004s ]

[ 2016-12-22T17:03:48+08:00 ] ::1 /NewWorld/FEBE-mysql/BackEnd/index.php/Home/Music/getList?data=0
INFO: [ app_init ] --START--
INFO: Run Behavior\BuildLiteBehavior [ RunTime:0.000019s ]
INFO: [ app_init ] --END-- [ RunTime:0.000702s ]
INFO: [ app_begin ] --START--
INFO: Run Behavior\ReadHtmlCacheBehavior [ RunTime:0.001302s ]
INFO: [ app_begin ] --END-- [ RunTime:0.001367s ]
NOTIC: [8] Undefined variable: GET F:\xampp\htdocs\NewWorld\FEBE-mysql\BackEnd\Application\Home\Controller\MusicController.class.php ç¬¬ 22 è¡Œ.
SQL: SHOW COLUMNS FROM `app_music` [ RunTime:0.0054s ]
SQL: SELECT music.music_id,music.name FROM `app_music` `music`,`app_musicrclass` `mrc`,`app_class` `class` WHERE ( music.music_id=mrc.music_id and mrc.class_id=class.class_id and class.class_id=1 ) ORDER BY listeners LIMIT 10   [ RunTime:0.0038s ]

[ 2016-12-22T17:03:48+08:00 ] ::1 /NewWorld/FEBE-mysql/BackEnd/index.php/Home/Music/getList?data=1
INFO: [ app_init ] --START--
INFO: Run Behavior\BuildLiteBehavior [ RunTime:0.000017s ]
INFO: [ app_init ] --END-- [ RunTime:0.000669s ]
INFO: [ app_begin ] --START--
INFO: Run Behavior\ReadHtmlCacheBehavior [ RunTime:0.001240s ]
INFO: [ app_begin ] --END-- [ RunTime:0.001305s ]
NOTIC: [8] Undefined variable: GET F:\xampp\htdocs\NewWorld\FEBE-mysql\BackEnd\Application\Home\Controller\MusicController.class.php ç¬¬ 22 è¡Œ.
SQL: SHOW COLUMNS FROM `app_music` [ RunTime:0.0154s ]
SQL: SELECT music.music_id,music.name FROM `app_music` `music`,`app_musicrclass` `mrc`,`app_class` `class` WHERE ( music.music_id=mrc.music_id and mrc.class_id=class.class_id and class.class_id=1 ) ORDER BY listeners LIMIT 10   [ RunTime:0.0035s ]

[ 2016-12-22T17:03:48+08:00 ] ::1 /NewWorld/FEBE-mysql/BackEnd/index.php/Home/Music/getList?data=2
INFO: [ app_init ] --START--
INFO: Run Behavior\BuildLiteBehavior [ RunTime:0.000016s ]
INFO: [ app_init ] --END-- [ RunTime:0.000647s ]
INFO: [ app_begin ] --START--
INFO: Run Behavior\ReadHtmlCacheBehavior [ RunTime:0.001259s ]
INFO: [ app_begin ] --END-- [ RunTime:0.001330s ]
NOTIC: [8] Undefined variable: GET F:\xampp\htdocs\NewWorld\FEBE-mysql\BackEnd\Application\Home\Controller\MusicController.class.php ç¬¬ 22 è¡Œ.
SQL: SHOW COLUMNS FROM `app_music` [ RunTime:0.0032s ]
SQL: SELECT music.music_id,music.name FROM `app_music` `music`,`app_musicrclass` `mrc`,`app_class` `class` WHERE ( music.music_id=mrc.music_id and mrc.class_id=class.class_id and class.class_id=1 ) ORDER BY listeners LIMIT 10   [ RunTime:0.0033s ]

[ 2016-12-22T17:04:25+08:00 ] ::1 /NewWorld/FEBE-mysql/BackEnd/index.php/Home/Music/getList?data=0
INFO: [ app_init ] --START--
INFO: Run Behavior\BuildLiteBehavior [ RunTime:0.000017s ]
INFO: [ app_init ] --END-- [ RunTime:0.000682s ]
INFO: [ app_begin ] --START--
INFO: Run Behavior\ReadHtmlCacheBehavior [ RunTime:0.001484s ]
INFO: [ app_begin ] --END-- [ RunTime:0.001565s ]
NOTIC: [8] Undefined variable: GET F:\xampp\htdocs\NewWorld\FEBE-mysql\BackEnd\Application\Home\Controller\MusicController.class.php ç¬¬ 22 è¡Œ.
SQL: SHOW COLUMNS FROM `app_music` [ RunTime:0.0045s ]
SQL: SELECT music.music_id,music.name FROM `app_music` `music`,`app_musicrclass` `mrc`,`app_class` `class` WHERE ( music.music_id=mrc.music_id and mrc.class_id=class.class_id and class.class_id=1 ) ORDER BY listeners LIMIT 10   [ RunTime:0.0047s ]

[ 2016-12-22T17:04:26+08:00 ] ::1 /NewWorld/FEBE-mysql/BackEnd/index.php/Home/Index/getNews
INFO: [ app_init ] --START--
INFO: Run Behavior\BuildLiteBehavior [ RunTime:0.000021s ]
INFO: [ app_init ] --END-- [ RunTime:0.004179s ]
INFO: [ app_begin ] --START--
INFO: Run Behavior\ReadHtmlCacheBehavior [ RunTime:0.002496s ]
INFO: [ app_begin ] --END-- [ RunTime:0.002616s ]
SQL: SHOW COLUMNS FROM `app_news` [ RunTime:0.0051s ]
SQL: SELECT * FROM `app_news` LIMIT 7   [ RunTime:0.0005s ]

[ 2016-12-22T17:04:26+08:00 ] ::1 /NewWorld/FEBE-mysql/BackEnd/index.php/Home/Music/getList?data=1
INFO: [ app_init ] --START--
INFO: Run Behavior\BuildLiteBehavior [ RunTime:0.000025s ]
INFO: [ app_init ] --END-- [ RunTime:0.001005s ]
INFO: [ app_begin ] --START--
INFO: Run Behavior\ReadHtmlCacheBehavior [ RunTime:0.001678s ]
INFO: [ app_begin ] --END-- [ RunTime:0.001791s ]
NOTIC: [8] Undefined variable: GET F:\xampp\htdocs\NewWorld\FEBE-mysql\BackEnd\Application\Home\Controller\MusicController.class.php ç¬¬ 22 è¡Œ.
SQL: SHOW COLUMNS FROM `app_music` [ RunTime:0.0035s ]
SQL: SELECT music.music_id,music.name FROM `app_music` `music`,`app_musicrclass` `mrc`,`app_class` `class` WHERE ( music.music_id=mrc.music_id and mrc.class_id=class.class_id and class.class_id=1 ) ORDER BY listeners LIMIT 10   [ RunTime:0.0034s ]

[ 2016-12-22T17:04:26+08:00 ] ::1 /NewWorld/FEBE-mysql/BackEnd/index.php/Home/Music/getList?data=2
INFO: [ app_init ] --START--
INFO: Run Behavior\BuildLiteBehavior [ RunTime:0.000021s ]
INFO: [ app_init ] --END-- [ RunTime:0.001941s ]
INFO: [ app_begin ] --START--
INFO: Run Behavior\ReadHtmlCacheBehavior [ RunTime:0.001456s ]
INFO: [ app_begin ] --END-- [ RunTime:0.001545s ]
NOTIC: [8] Undefined variable: GET F:\xampp\htdocs\NewWorld\FEBE-mysql\BackEnd\Application\Home\Controller\MusicController.class.php ç¬¬ 22 è¡Œ.
SQL: SHOW COLUMNS FROM `app_music` [ RunTime:0.0033s ]
SQL: SELECT music.music_id,music.name FROM `app_music` `music`,`app_musicrclass` `mrc`,`app_class` `class` WHERE ( music.music_id=mrc.music_id and mrc.class_id=class.class_id and class.class_id=1 ) ORDER BY listeners LIMIT 10   [ RunTime:0.0037s ]

[ 2016-12-22T17:04:52+08:00 ] ::1 /NewWorld/FEBE-mysql/BackEnd/index.php/Home/Index/getNews
INFO: [ app_init ] --START--
INFO: Run Behavior\BuildLiteBehavior [ RunTime:0.000017s ]
INFO: [ app_init ] --END-- [ RunTime:0.000851s ]
INFO: [ app_begin ] --START--
INFO: Run Behavior\ReadHtmlCacheBehavior [ RunTime:0.001305s ]
INFO: [ app_begin ] --END-- [ RunTime:0.001384s ]
SQL: SHOW COLUMNS FROM `app_news` [ RunTime:0.0222s ]
SQL: SELECT * FROM `app_news` LIMIT 7   [ RunTime:0.0005s ]

[ 2016-12-22T17:04:52+08:00 ] ::1 /NewWorld/FEBE-mysql/BackEnd/index.php/Home/Music/getList?data=0
INFO: [ app_init ] --START--
INFO: Run Behavior\BuildLiteBehavior [ RunTime:0.000015s ]
INFO: [ app_init ] --END-- [ RunTime:0.000677s ]
INFO: [ app_begin ] --START--
INFO: Run Behavior\ReadHtmlCacheBehavior [ RunTime:0.001283s ]
INFO: [ app_begin ] --END-- [ RunTime:0.001354s ]
NOTIC: [8] Undefined variable: GET F:\xampp\htdocs\NewWorld\FEBE-mysql\BackEnd\Application\Home\Controller\MusicController.class.php ç¬¬ 22 è¡Œ.
SQL: SHOW COLUMNS FROM `app_music` [ RunTime:0.0034s ]
SQL: SELECT music.music_id,music.name FROM `app_music` `music`,`app_musicrclass` `mrc`,`app_class` `class` WHERE ( music.music_id=mrc.music_id and mrc.class_id=class.class_id and class.class_id=1 ) ORDER BY listeners LIMIT 10   [ RunTime:0.0032s ]

[ 2016-12-22T17:04:52+08:00 ] ::1 /NewWorld/FEBE-mysql/BackEnd/index.php/Home/Music/getList?data=1
INFO: [ app_init ] --START--
INFO: Run Behavior\BuildLiteBehavior [ RunTime:0.000017s ]
INFO: [ app_init ] --END-- [ RunTime:0.000694s ]
INFO: [ app_begin ] --START--
INFO: Run Behavior\ReadHtmlCacheBehavior [ RunTime:0.001391s ]
INFO: [ app_begin ] --END-- [ RunTime:0.001462s ]
NOTIC: [8] Undefined variable: GET F:\xampp\htdocs\NewWorld\FEBE-mysql\BackEnd\Application\Home\Controller\MusicController.class.php ç¬¬ 22 è¡Œ.
SQL: SHOW COLUMNS FROM `app_music` [ RunTime:0.0034s ]
SQL: SELECT music.music_id,music.name FROM `app_music` `music`,`app_musicrclass` `mrc`,`app_class` `class` WHERE ( music.music_id=mrc.music_id and mrc.class_id=class.class_id and class.class_id=1 ) ORDER BY listeners LIMIT 10   [ RunTime:0.0032s ]

[ 2016-12-22T17:04:52+08:00 ] ::1 /NewWorld/FEBE-mysql/BackEnd/index.php/Home/Music/getList?data=2
INFO: [ app_init ] --START--
INFO: Run Behavior\BuildLiteBehavior [ RunTime:0.000022s ]
INFO: [ app_init ] --END-- [ RunTime:0.000878s ]
INFO: [ app_begin ] --START--
INFO: Run Behavior\ReadHtmlCacheBehavior [ RunTime:0.001386s ]
INFO: [ app_begin ] --END-- [ RunTime:0.001474s ]
NOTIC: [8] Undefined variable: GET F:\xampp\htdocs\NewWorld\FEBE-mysql\BackEnd\Application\Home\Controller\MusicController.class.php ç¬¬ 22 è¡Œ.
SQL: SHOW COLUMNS FROM `app_music` [ RunTime:0.0035s ]
SQL: SELECT music.music_id,music.name FROM `app_music` `music`,`app_musicrclass` `mrc`,`app_class` `class` WHERE ( music.music_id=mrc.music_id and mrc.class_id=class.class_id and class.class_id=1 ) ORDER BY listeners LIMIT 10   [ RunTime:0.0036s ]

[ 2016-12-22T17:04:52+08:00 ] ::1 /NewWorld/FEBE-mysql/BackEnd/index.php/Home/Index/getNews
INFO: [ app_init ] --START--
INFO: Run Behavior\BuildLiteBehavior [ RunTime:0.000017s ]
INFO: [ app_init ] --END-- [ RunTime:0.000756s ]
INFO: [ app_begin ] --START--
INFO: Run Behavior\ReadHtmlCacheBehavior [ RunTime:0.001711s ]
INFO: [ app_begin ] --END-- [ RunTime:0.001799s ]
SQL: SHOW COLUMNS FROM `app_news` [ RunTime:0.0041s ]
SQL: SELECT * FROM `app_news` LIMIT 7   [ RunTime:0.0005s ]

[ 2016-12-22T17:04:52+08:00 ] ::1 /NewWorld/FEBE-mysql/BackEnd/index.php/Home/Music/getList?data=2
INFO: [ app_init ] --START--
INFO: Run Behavior\BuildLiteBehavior [ RunTime:0.000018s ]
INFO: [ app_init ] --END-- [ RunTime:0.000729s ]
INFO: [ app_begin ] --START--
INFO: Run Behavior\ReadHtmlCacheBehavior [ RunTime:0.001157s ]
INFO: [ app_begin ] --END-- [ RunTime:0.001216s ]
NOTIC: [8] Undefined variable: GET F:\xampp\htdocs\NewWorld\FEBE-mysql\BackEnd\Application\Home\Controller\MusicController.class.php ç¬¬ 22 è¡Œ.
SQL: SHOW COLUMNS FROM `app_music` [ RunTime:0.0043s ]
SQL: SELECT music.music_id,music.name FROM `app_music` `music`,`app_musicrclass` `mrc`,`app_class` `class` WHERE ( music.music_id=mrc.music_id and mrc.class_id=class.class_id and class.class_id=1 ) ORDER BY listeners LIMIT 10   [ RunTime:0.0043s ]

[ 2016-12-22T17:04:52+08:00 ] ::1 /NewWorld/FEBE-mysql/BackEnd/index.php/Home/Music/getList?data=0
INFO: [ app_init ] --START--
INFO: Run Behavior\BuildLiteBehavior [ RunTime:0.000020s ]
INFO: [ app_init ] --END-- [ RunTime:0.000996s ]
INFO: [ app_begin ] --START--
INFO: Run Behavior\ReadHtmlCacheBehavior [ RunTime:0.004220s ]
INFO: [ app_begin ] --END-- [ RunTime:0.004294s ]
NOTIC: [8] Undefined variable: GET F:\xampp\htdocs\NewWorld\FEBE-mysql\BackEnd\Application\Home\Controller\MusicController.class.php ç¬¬ 22 è¡Œ.
SQL: SHOW COLUMNS FROM `app_music` [ RunTime:0.0047s ]
SQL: SELECT music.music_id,music.name FROM `app_music` `music`,`app_musicrclass` `mrc`,`app_class` `class` WHERE ( music.music_id=mrc.music_id and mrc.class_id=class.class_id and class.class_id=1 ) ORDER BY listeners LIMIT 10   [ RunTime:0.0047s ]

[ 2016-12-22T17:04:52+08:00 ] ::1 /NewWorld/FEBE-mysql/BackEnd/index.php/Home/Music/getList?data=1
INFO: [ app_init ] --START--
INFO: Run Behavior\BuildLiteBehavior [ RunTime:0.000021s ]
INFO: [ app_init ] --END-- [ RunTime:0.000702s ]
INFO: [ app_begin ] --START--
INFO: Run Behavior\ReadHtmlCacheBehavior [ RunTime:0.001264s ]
INFO: [ app_begin ] --END-- [ RunTime:0.001344s ]
NOTIC: [8] Undefined variable: GET F:\xampp\htdocs\NewWorld\FEBE-mysql\BackEnd\Application\Home\Controller\MusicController.class.php ç¬¬ 22 è¡Œ.
SQL: SHOW COLUMNS FROM `app_music` [ RunTime:0.0042s ]
SQL: SELECT music.music_id,music.name FROM `app_music` `music`,`app_musicrclass` `mrc`,`app_class` `class` WHERE ( music.music_id=mrc.music_id and mrc.class_id=class.class_id and class.class_id=1 ) ORDER BY listeners LIMIT 10   [ RunTime:0.0048s ]

[ 2016-12-22T17:04:55+08:00 ] ::1 /NewWorld/FEBE-mysql/BackEnd/index.php/Home/Index/getNews
INFO: [ app_init ] --START--
INFO: Run Behavior\BuildLiteBehavior [ RunTime:0.000018s ]
INFO: [ app_init ] --END-- [ RunTime:0.000792s ]
INFO: [ app_begin ] --START--
INFO: Run Behavior\ReadHtmlCacheBehavior [ RunTime:0.001474s ]
INFO: [ app_begin ] --END-- [ RunTime:0.001546s ]
SQL: SHOW COLUMNS FROM `app_news` [ RunTime:0.0115s ]
SQL: SELECT * FROM `app_news` LIMIT 7   [ RunTime:0.0007s ]

[ 2016-12-22T17:04:55+08:00 ] ::1 /NewWorld/FEBE-mysql/BackEnd/index.php/Home/Music/getList?data=1
INFO: [ app_init ] --START--
INFO: Run Behavior\BuildLiteBehavior [ RunTime:0.000018s ]
INFO: [ app_init ] --END-- [ RunTime:0.000716s ]
INFO: [ app_begin ] --START--
INFO: Run Behavior\ReadHtmlCacheBehavior [ RunTime:0.001264s ]
INFO: [ app_begin ] --END-- [ RunTime:0.001327s ]
NOTIC: [8] Undefined variable: GET F:\xampp\htdocs\NewWorld\FEBE-mysql\BackEnd\Application\Home\Controller\MusicController.class.php ç¬¬ 22 è¡Œ.
SQL: SHOW COLUMNS FROM `app_music` [ RunTime:0.0506s ]
SQL: SELECT music.music_id,music.name FROM `app_music` `music`,`app_musicrclass` `mrc`,`app_class` `class` WHERE ( music.music_id=mrc.music_id and mrc.class_id=class.class_id and class.class_id=1 ) ORDER BY listeners LIMIT 10   [ RunTime:0.0474s ]

[ 2016-12-22T17:04:55+08:00 ] ::1 /NewWorld/FEBE-mysql/BackEnd/index.php/Home/Music/getList?data=0
INFO: [ app_init ] --START--
INFO: Run Behavior\BuildLiteBehavior [ RunTime:0.000018s ]
INFO: [ app_init ] --END-- [ RunTime:0.000766s ]
INFO: [ app_begin ] --START--
INFO: Run Behavior\ReadHtmlCacheBehavior [ RunTime:0.003525s ]
INFO: [ app_begin ] --END-- [ RunTime:0.003622s ]
NOTIC: [8] Undefined variable: GET F:\xampp\htdocs\NewWorld\FEBE-mysql\BackEnd\Application\Home\Controller\MusicController.class.php ç¬¬ 22 è¡Œ.
SQL: SHOW COLUMNS FROM `app_music` [ RunTime:0.0037s ]
SQL: SELECT music.music_id,music.name FROM `app_music` `music`,`app_musicrclass` `mrc`,`app_class` `class` WHERE ( music.music_id=mrc.music_id and mrc.class_id=class.class_id and class.class_id=1 ) ORDER BY listeners LIMIT 10   [ RunTime:0.0045s ]

[ 2016-12-22T17:04:55+08:00 ] ::1 /NewWorld/FEBE-mysql/BackEnd/index.php/Home/Music/getList?data=2
INFO: [ app_init ] --START--
INFO: Run Behavior\BuildLiteBehavior [ RunTime:0.000021s ]
INFO: [ app_init ] --END-- [ RunTime:0.000803s ]
INFO: [ app_begin ] --START--
INFO: Run Behavior\ReadHtmlCacheBehavior [ RunTime:0.002002s ]
INFO: [ app_begin ] --END-- [ RunTime:0.002094s ]
NOTIC: [8] Undefined variable: GET F:\xampp\htdocs\NewWorld\FEBE-mysql\BackEnd\Application\Home\Controller\MusicController.class.php ç¬¬ 22 è¡Œ.
SQL: SHOW COLUMNS FROM `app_music` [ RunTime:0.0051s ]
SQL: SELECT music.music_id,music.name FROM `app_music` `music`,`app_musicrclass` `mrc`,`app_class` `class` WHERE ( music.music_id=mrc.music_id and mrc.class_id=class.class_id and class.class_id=1 ) ORDER BY listeners LIMIT 10   [ RunTime:0.0043s ]

[ 2016-12-22T17:04:55+08:00 ] ::1 /NewWorld/FEBE-mysql/BackEnd/index.php/Home/Index/getNews
INFO: [ app_init ] --START--
INFO: Run Behavior\BuildLiteBehavior [ RunTime:0.000016s ]
INFO: [ app_init ] --END-- [ RunTime:0.000654s ]
INFO: [ app_begin ] --START--
INFO: Run Behavior\ReadHtmlCacheBehavior [ RunTime:0.001460s ]
INFO: [ app_begin ] --END-- [ RunTime:0.001550s ]
SQL: SHOW COLUMNS FROM `app_news` [ RunTime:0.0042s ]
SQL: SELECT * FROM `app_news` LIMIT 7   [ RunTime:0.0004s ]

[ 2016-12-22T17:04:55+08:00 ] ::1 /NewWorld/FEBE-mysql/BackEnd/index.php/Home/Music/getList?data=1
INFO: [ app_init ] --START--
INFO: Run Behavior\BuildLiteBehavior [ RunTime:0.000016s ]
INFO: [ app_init ] --END-- [ RunTime:0.000640s ]
INFO: [ app_begin ] --START--
INFO: Run Behavior\ReadHtmlCacheBehavior [ RunTime:0.001311s ]
INFO: [ app_begin ] --END-- [ RunTime:0.001381s ]
NOTIC: [8] Undefined variable: GET F:\xampp\htdocs\NewWorld\FEBE-mysql\BackEnd\Application\Home\Controller\MusicController.class.php ç¬¬ 22 è¡Œ.
SQL: SHOW COLUMNS FROM `app_music` [ RunTime:0.0051s ]
SQL: SELECT music.music_id,music.name FROM `app_music` `music`,`app_musicrclass` `mrc`,`app_class` `class` WHERE ( music.music_id=mrc.music_id and mrc.class_id=class.class_id and class.class_id=1 ) ORDER BY listeners LIMIT 10   [ RunTime:0.0063s ]

[ 2016-12-22T17:04:55+08:00 ] ::1 /NewWorld/FEBE-mysql/BackEnd/index.php/Home/Music/getList?data=2
INFO: [ app_init ] --START--
INFO: Run Behavior\BuildLiteBehavior [ RunTime:0.000020s ]
INFO: [ app_init ] --END-- [ RunTime:0.000772s ]
INFO: [ app_begin ] --START--
INFO: Run Behavior\ReadHtmlCacheBehavior [ RunTime:0.001425s ]
INFO: [ app_begin ] --END-- [ RunTime:0.001515s ]
NOTIC: [8] Undefined variable: GET F:\xampp\htdocs\NewWorld\FEBE-mysql\BackEnd\Application\Home\Controller\MusicController.class.php ç¬¬ 22 è¡Œ.
SQL: SHOW COLUMNS FROM `app_music` [ RunTime:0.0052s ]
SQL: SELECT music.music_id,music.name FROM `app_music` `music`,`app_musicrclass` `mrc`,`app_class` `class` WHERE ( music.music_id=mrc.music_id and mrc.class_id=class.class_id and class.class_id=1 ) ORDER BY listeners LIMIT 10   [ RunTime:0.0057s ]

[ 2016-12-22T17:04:55+08:00 ] ::1 /NewWorld/FEBE-mysql/BackEnd/index.php/Home/Music/getList?data=0
INFO: [ app_init ] --START--
INFO: Run Behavior\BuildLiteBehavior [ RunTime:0.000016s ]
INFO: [ app_init ] --END-- [ RunTime:0.000642s ]
INFO: [ app_begin ] --START--
INFO: Run Behavior\ReadHtmlCacheBehavior [ RunTime:0.001375s ]
INFO: [ app_begin ] --END-- [ RunTime:0.001462s ]
NOTIC: [8] Undefined variable: GET F:\xampp\htdocs\NewWorld\FEBE-mysql\BackEnd\Application\Home\Controller\MusicController.class.php ç¬¬ 22 è¡Œ.
SQL: SHOW COLUMNS FROM `app_music` [ RunTime:0.0040s ]
SQL: SELECT music.music_id,music.name FROM `app_music` `music`,`app_musicrclass` `mrc`,`app_class` `class` WHERE ( music.music_id=mrc.music_id and mrc.class_id=class.class_id and class.class_id=1 ) ORDER BY listeners LIMIT 10   [ RunTime:0.0041s ]

[ 2016-12-22T17:04:56+08:00 ] ::1 /NewWorld/FEBE-mysql/BackEnd/index.php/Home/Index/getNews
INFO: [ app_init ] --START--
INFO: Run Behavior\BuildLiteBehavior [ RunTime:0.000017s ]
INFO: [ app_init ] --END-- [ RunTime:0.000685s ]
INFO: [ app_begin ] --START--
INFO: Run Behavior\ReadHtmlCacheBehavior [ RunTime:0.001326s ]
INFO: [ app_begin ] --END-- [ RunTime:0.001404s ]
SQL: SHOW COLUMNS FROM `app_news` [ RunTime:0.0043s ]
SQL: SELECT * FROM `app_news` LIMIT 7   [ RunTime:0.0005s ]

[ 2016-12-22T17:04:56+08:00 ] ::1 /NewWorld/FEBE-mysql/BackEnd/index.php/Home/Music/getList?data=1
INFO: [ app_init ] --START--
INFO: Run Behavior\BuildLiteBehavior [ RunTime:0.000014s ]
INFO: [ app_init ] --END-- [ RunTime:0.000769s ]
INFO: [ app_begin ] --START--
INFO: Run Behavior\ReadHtmlCacheBehavior [ RunTime:0.001242s ]
INFO: [ app_begin ] --END-- [ RunTime:0.001305s ]
NOTIC: [8] Undefined variable: GET F:\xampp\htdocs\NewWorld\FEBE-mysql\BackEnd\Application\Home\Controller\MusicController.class.php ç¬¬ 22 è¡Œ.
SQL: SHOW COLUMNS FROM `app_music` [ RunTime:0.0048s ]
SQL: SELECT music.music_id,music.name FROM `app_music` `music`,`app_musicrclass` `mrc`,`app_class` `class` WHERE ( music.music_id=mrc.music_id and mrc.class_id=class.class_id and class.class_id=1 ) ORDER BY listeners LIMIT 10   [ RunTime:0.0048s ]

[ 2016-12-22T17:04:56+08:00 ] ::1 /NewWorld/FEBE-mysql/BackEnd/index.php/Home/Music/getList?data=0
INFO: [ app_init ] --START--
INFO: Run Behavior\BuildLiteBehavior [ RunTime:0.000021s ]
INFO: [ app_init ] --END-- [ RunTime:0.000751s ]
INFO: [ app_begin ] --START--
INFO: Run Behavior\ReadHtmlCacheBehavior [ RunTime:0.001499s ]
INFO: [ app_begin ] --END-- [ RunTime:0.001589s ]
NOTIC: [8] Undefined variable: GET F:\xampp\htdocs\NewWorld\FEBE-mysql\BackEnd\Application\Home\Controller\MusicController.class.php ç¬¬ 22 è¡Œ.
SQL: SHOW COLUMNS FROM `app_music` [ RunTime:0.0034s ]
SQL: SELECT music.music_id,music.name FROM `app_music` `music`,`app_musicrclass` `mrc`,`app_class` `class` WHERE ( music.music_id=mrc.music_id and mrc.class_id=class.class_id and class.class_id=1 ) ORDER BY listeners LIMIT 10   [ RunTime:0.0043s ]

[ 2016-12-22T17:04:56+08:00 ] ::1 /NewWorld/FEBE-mysql/BackEnd/index.php/Home/Music/getList?data=2
INFO: [ app_init ] --START--
INFO: Run Behavior\BuildLiteBehavior [ RunTime:0.000019s ]
INFO: [ app_init ] --END-- [ RunTime:0.001122s ]
INFO: [ app_begin ] --START--
INFO: Run Behavior\ReadHtmlCacheBehavior [ RunTime:0.008843s ]
INFO: [ app_begin ] --END-- [ RunTime:0.008951s ]
NOTIC: [8] Undefined variable: GET F:\xampp\htdocs\NewWorld\FEBE-mysql\BackEnd\Application\Home\Controller\MusicController.class.php ç¬¬ 22 è¡Œ.
SQL: SHOW COLUMNS FROM `app_music` [ RunTime:0.0049s ]
SQL: SELECT music.music_id,music.name FROM `app_music` `music`,`app_musicrclass` `mrc`,`app_class` `class` WHERE ( music.music_id=mrc.music_id and mrc.class_id=class.class_id and class.class_id=1 ) ORDER BY listeners LIMIT 10   [ RunTime:0.0053s ]

[ 2016-12-22T17:04:57+08:00 ] ::1 /NewWorld/FEBE-mysql/BackEnd/index.php/Home/Index/getNews
INFO: [ app_init ] --START--
INFO: Run Behavior\BuildLiteBehavior [ RunTime:0.000020s ]
INFO: [ app_init ] --END-- [ RunTime:0.000816s ]
INFO: [ app_begin ] --START--
INFO: Run Behavior\ReadHtmlCacheBehavior [ RunTime:0.001468s ]
INFO: [ app_begin ] --END-- [ RunTime:0.001544s ]
SQL: SHOW COLUMNS FROM `app_news` [ RunTime:0.0050s ]
SQL: SELECT * FROM `app_news` LIMIT 7   [ RunTime:0.0008s ]

[ 2016-12-22T17:04:57+08:00 ] ::1 /NewWorld/FEBE-mysql/BackEnd/index.php/Home/Music/getList?data=0
INFO: [ app_init ] --START--
INFO: Run Behavior\BuildLiteBehavior [ RunTime:0.000016s ]
INFO: [ app_init ] --END-- [ RunTime:0.000695s ]
INFO: [ app_begin ] --START--
INFO: Run Behavior\ReadHtmlCacheBehavior [ RunTime:0.001471s ]
INFO: [ app_begin ] --END-- [ RunTime:0.001554s ]
NOTIC: [8] Undefined variable: GET F:\xampp\htdocs\NewWorld\FEBE-mysql\BackEnd\Application\Home\Controller\MusicController.class.php ç¬¬ 22 è¡Œ.
SQL: SHOW COLUMNS FROM `app_music` [ RunTime:0.0045s ]
SQL: SELECT music.music_id,music.name FROM `app_music` `music`,`app_musicrclass` `mrc`,`app_class` `class` WHERE ( music.music_id=mrc.music_id and mrc.class_id=class.class_id and class.class_id=1 ) ORDER BY listeners LIMIT 10   [ RunTime:0.0049s ]

[ 2016-12-22T17:04:57+08:00 ] ::1 /NewWorld/FEBE-mysql/BackEnd/index.php/Home/Music/getList?data=1
INFO: [ app_init ] --START--
INFO: Run Behavior\BuildLiteBehavior [ RunTime:0.000021s ]
INFO: [ app_init ] --END-- [ RunTime:0.000853s ]
INFO: [ app_begin ] --START--
INFO: Run Behavior\ReadHtmlCacheBehavior [ RunTime:0.001152s ]
INFO: [ app_begin ] --END-- [ RunTime:0.001220s ]
NOTIC: [8] Undefined variable: GET F:\xampp\htdocs\NewWorld\FEBE-mysql\BackEnd\Application\Home\Controller\MusicController.class.php ç¬¬ 22 è¡Œ.
SQL: SHOW COLUMNS FROM `app_music` [ RunTime:0.0052s ]
SQL: SELECT music.music_id,music.name FROM `app_music` `music`,`app_musicrclass` `mrc`,`app_class` `class` WHERE ( music.music_id=mrc.music_id and mrc.class_id=class.class_id and class.class_id=1 ) ORDER BY listeners LIMIT 10   [ RunTime:0.0056s ]

[ 2016-12-22T17:04:57+08:00 ] ::1 /NewWorld/FEBE-mysql/BackEnd/index.php/Home/Music/getList?data=2
INFO: [ app_init ] --START--
INFO: Run Behavior\BuildLiteBehavior [ RunTime:0.000022s ]
INFO: [ app_init ] --END-- [ RunTime:0.001093s ]
INFO: [ app_begin ] --START--
INFO: Run Behavior\ReadHtmlCacheBehavior [ RunTime:0.002238s ]
INFO: [ app_begin ] --END-- [ RunTime:0.002334s ]
NOTIC: [8] Undefined variable: GET F:\xampp\htdocs\NewWorld\FEBE-mysql\BackEnd\Application\Home\Controller\MusicController.class.php ç¬¬ 22 è¡Œ.
SQL: SHOW COLUMNS FROM `app_music` [ RunTime:0.0040s ]
SQL: SELECT music.music_id,music.name FROM `app_music` `music`,`app_musicrclass` `mrc`,`app_class` `class` WHERE ( music.music_id=mrc.music_id and mrc.class_id=class.class_id and class.class_id=1 ) ORDER BY listeners LIMIT 10   [ RunTime:0.0055s ]

[ 2016-12-22T17:04:57+08:00 ] ::1 /NewWorld/FEBE-mysql/BackEnd/index.php/Home/Music/getList?data=0
INFO: [ app_init ] --START--
INFO: Run Behavior\BuildLiteBehavior [ RunTime:0.000021s ]
INFO: [ app_init ] --END-- [ RunTime:0.000795s ]
INFO: [ app_begin ] --START--
INFO: Run Behavior\ReadHtmlCacheBehavior [ RunTime:0.001237s ]
INFO: [ app_begin ] --END-- [ RunTime:0.001296s ]
NOTIC: [8] Undefined variable: GET F:\xampp\htdocs\NewWorld\FEBE-mysql\BackEnd\Application\Home\Controller\MusicController.class.php ç¬¬ 22 è¡Œ.
SQL: SHOW COLUMNS FROM `app_music` [ RunTime:0.0072s ]
SQL: SELECT music.music_id,music.name FROM `app_music` `music`,`app_musicrclass` `mrc`,`app_class` `class` WHERE ( music.music_id=mrc.music_id and mrc.class_id=class.class_id and class.class_id=1 ) ORDER BY listeners LIMIT 10   [ RunTime:0.0046s ]

[ 2016-12-22T17:04:57+08:00 ] ::1 /NewWorld/FEBE-mysql/BackEnd/index.php/Home/Music/getList?data=1
INFO: [ app_init ] --START--
INFO: Run Behavior\BuildLiteBehavior [ RunTime:0.000017s ]
INFO: [ app_init ] --END-- [ RunTime:0.000724s ]
INFO: [ app_begin ] --START--
INFO: Run Behavior\ReadHtmlCacheBehavior [ RunTime:0.001413s ]
INFO: [ app_begin ] --END-- [ RunTime:0.001631s ]
NOTIC: [8] Undefined variable: GET F:\xampp\htdocs\NewWorld\FEBE-mysql\BackEnd\Application\Home\Controller\MusicController.class.php ç¬¬ 22 è¡Œ.
SQL: SHOW COLUMNS FROM `app_music` [ RunTime:0.0046s ]
SQL: SELECT music.music_id,music.name FROM `app_music` `music`,`app_musicrclass` `mrc`,`app_class` `class` WHERE ( music.music_id=mrc.music_id and mrc.class_id=class.class_id and class.class_id=1 ) ORDER BY listeners LIMIT 10   [ RunTime:0.0048s ]

[ 2016-12-22T17:04:57+08:00 ] ::1 /NewWorld/FEBE-mysql/BackEnd/index.php/Home/Music/getList?data=2
INFO: [ app_init ] --START--
INFO: Run Behavior\BuildLiteBehavior [ RunTime:0.000018s ]
INFO: [ app_init ] --END-- [ RunTime:0.000765s ]
INFO: [ app_begin ] --START--
INFO: Run Behavior\ReadHtmlCacheBehavior [ RunTime:0.001371s ]
INFO: [ app_begin ] --END-- [ RunTime:0.001459s ]
NOTIC: [8] Undefined variable: GET F:\xampp\htdocs\NewWorld\FEBE-mysql\BackEnd\Application\Home\Controller\MusicController.class.php ç¬¬ 22 è¡Œ.
SQL: SHOW COLUMNS FROM `app_music` [ RunTime:0.0040s ]
SQL: SELECT music.music_id,music.name FROM `app_music` `music`,`app_musicrclass` `mrc`,`app_class` `class` WHERE ( music.music_id=mrc.music_id and mrc.class_id=class.class_id and class.class_id=1 ) ORDER BY listeners LIMIT 10   [ RunTime:0.0045s ]

[ 2016-12-22T17:04:57+08:00 ] ::1 /NewWorld/FEBE-mysql/BackEnd/index.php/Home/Index/getNews
INFO: [ app_init ] --START--
INFO: Run Behavior\BuildLiteBehavior [ RunTime:0.000115s ]
INFO: [ app_init ] --END-- [ RunTime:0.001078s ]
INFO: [ app_begin ] --START--
INFO: Run Behavior\ReadHtmlCacheBehavior [ RunTime:0.003081s ]
INFO: [ app_begin ] --END-- [ RunTime:0.003186s ]
SQL: SHOW COLUMNS FROM `app_news` [ RunTime:0.0047s ]
SQL: SELECT * FROM `app_news` LIMIT 7   [ RunTime:0.0005s ]

[ 2016-12-22T17:04:58+08:00 ] ::1 /NewWorld/FEBE-mysql/BackEnd/index.php/Home/Music/getList?data=0
INFO: [ app_init ] --START--
INFO: Run Behavior\BuildLiteBehavior [ RunTime:0.000018s ]
INFO: [ app_init ] --END-- [ RunTime:0.000704s ]
INFO: [ app_begin ] --START--
INFO: Run Behavior\ReadHtmlCacheBehavior [ RunTime:0.001426s ]
INFO: [ app_begin ] --END-- [ RunTime:0.001510s ]
NOTIC: [8] Undefined variable: GET F:\xampp\htdocs\NewWorld\FEBE-mysql\BackEnd\Application\Home\Controller\MusicController.class.php ç¬¬ 22 è¡Œ.
SQL: SHOW COLUMNS FROM `app_music` [ RunTime:0.0050s ]
SQL: SELECT music.music_id,music.name FROM `app_music` `music`,`app_musicrclass` `mrc`,`app_class` `class` WHERE ( music.music_id=mrc.music_id and mrc.class_id=class.class_id and class.class_id=1 ) ORDER BY listeners LIMIT 10   [ RunTime:0.0054s ]

[ 2016-12-22T17:04:58+08:00 ] ::1 /NewWorld/FEBE-mysql/BackEnd/index.php/Home/Music/getList?data=1
INFO: [ app_init ] --START--
INFO: Run Behavior\BuildLiteBehavior [ RunTime:0.000021s ]
INFO: [ app_init ] --END-- [ RunTime:0.000840s ]
INFO: [ app_begin ] --START--
INFO: Run Behavior\ReadHtmlCacheBehavior [ RunTime:0.001240s ]
INFO: [ app_begin ] --END-- [ RunTime:0.001310s ]
NOTIC: [8] Undefined variable: GET F:\xampp\htdocs\NewWorld\FEBE-mysql\BackEnd\Application\Home\Controller\MusicController.class.php ç¬¬ 22 è¡Œ.
SQL: SHOW COLUMNS FROM `app_music` [ RunTime:0.0043s ]
SQL: SELECT music.music_id,music.name FROM `app_music` `music`,`app_musicrclass` `mrc`,`app_class` `class` WHERE ( music.music_id=mrc.music_id and mrc.class_id=class.class_id and class.class_id=1 ) ORDER BY listeners LIMIT 10   [ RunTime:0.0053s ]

[ 2016-12-22T17:04:58+08:00 ] ::1 /NewWorld/FEBE-mysql/BackEnd/index.php/Home/Index/getNews
INFO: [ app_init ] --START--
INFO: Run Behavior\BuildLiteBehavior [ RunTime:0.000016s ]
INFO: [ app_init ] --END-- [ RunTime:0.000709s ]
INFO: [ app_begin ] --START--
INFO: Run Behavior\ReadHtmlCacheBehavior [ RunTime:0.001288s ]
INFO: [ app_begin ] --END-- [ RunTime:0.001357s ]
SQL: SHOW COLUMNS FROM `app_news` [ RunTime:0.0045s ]
SQL: SELECT * FROM `app_news` LIMIT 7   [ RunTime:0.0007s ]

[ 2016-12-22T17:04:58+08:00 ] ::1 /NewWorld/FEBE-mysql/BackEnd/index.php/Home/Music/getList?data=2
INFO: [ app_init ] --START--
INFO: Run Behavior\BuildLiteBehavior [ RunTime:0.000017s ]
INFO: [ app_init ] --END-- [ RunTime:0.000754s ]
INFO: [ app_begin ] --START--
INFO: Run Behavior\ReadHtmlCacheBehavior [ RunTime:0.001480s ]
INFO: [ app_begin ] --END-- [ RunTime:0.001590s ]
NOTIC: [8] Undefined variable: GET F:\xampp\htdocs\NewWorld\FEBE-mysql\BackEnd\Application\Home\Controller\MusicController.class.php ç¬¬ 22 è¡Œ.
SQL: SHOW COLUMNS FROM `app_music` [ RunTime:0.0046s ]
SQL: SELECT music.music_id,music.name FROM `app_music` `music`,`app_musicrclass` `mrc`,`app_class` `class` WHERE ( music.music_id=mrc.music_id and mrc.class_id=class.class_id and class.class_id=1 ) ORDER BY listeners LIMIT 10   [ RunTime:0.0259s ]

[ 2016-12-22T17:04:58+08:00 ] ::1 /NewWorld/FEBE-mysql/BackEnd/index.php/Home/Index/getNews
INFO: [ app_init ] --START--
INFO: Run Behavior\BuildLiteBehavior [ RunTime:0.000070s ]
INFO: [ app_init ] --END-- [ RunTime:0.000801s ]
INFO: [ app_begin ] --START--
INFO: Run Behavior\ReadHtmlCacheBehavior [ RunTime:0.001262s ]
INFO: [ app_begin ] --END-- [ RunTime:0.001332s ]
SQL: SHOW COLUMNS FROM `app_news` [ RunTime:0.0042s ]
SQL: SELECT * FROM `app_news` LIMIT 7   [ RunTime:0.0007s ]

[ 2016-12-22T17:04:59+08:00 ] ::1 /NewWorld/FEBE-mysql/BackEnd/index.php/Home/Music/getList?data=0
INFO: [ app_init ] --START--
INFO: Run Behavior\BuildLiteBehavior [ RunTime:0.000019s ]
INFO: [ app_init ] --END-- [ RunTime:0.000895s ]
INFO: [ app_begin ] --START--
INFO: Run Behavior\ReadHtmlCacheBehavior [ RunTime:0.001391s ]
INFO: [ app_begin ] --END-- [ RunTime:0.001456s ]
NOTIC: [8] Undefined variable: GET F:\xampp\htdocs\NewWorld\FEBE-mysql\BackEnd\Application\Home\Controller\MusicController.class.php ç¬¬ 22 è¡Œ.
SQL: SHOW COLUMNS FROM `app_music` [ RunTime:0.0042s ]
SQL: SELECT music.music_id,music.name FROM `app_music` `music`,`app_musicrclass` `mrc`,`app_class` `class` WHERE ( music.music_id=mrc.music_id and mrc.class_id=class.class_id and class.class_id=1 ) ORDER BY listeners LIMIT 10   [ RunTime:0.0046s ]

[ 2016-12-22T17:04:59+08:00 ] ::1 /NewWorld/FEBE-mysql/BackEnd/index.php/Home/Music/getList?data=1
INFO: [ app_init ] --START--
INFO: Run Behavior\BuildLiteBehavior [ RunTime:0.000016s ]
INFO: [ app_init ] --END-- [ RunTime:0.000690s ]
INFO: [ app_begin ] --START--
INFO: Run Behavior\ReadHtmlCacheBehavior [ RunTime:0.001596s ]
INFO: [ app_begin ] --END-- [ RunTime:0.001685s ]
NOTIC: [8] Undefined variable: GET F:\xampp\htdocs\NewWorld\FEBE-mysql\BackEnd\Application\Home\Controller\MusicController.class.php ç¬¬ 22 è¡Œ.
SQL: SHOW COLUMNS FROM `app_music` [ RunTime:0.0043s ]
SQL: SELECT music.music_id,music.name FROM `app_music` `music`,`app_musicrclass` `mrc`,`app_class` `class` WHERE ( music.music_id=mrc.music_id and mrc.class_id=class.class_id and class.class_id=1 ) ORDER BY listeners LIMIT 10   [ RunTime:0.0045s ]

[ 2016-12-22T17:04:59+08:00 ] ::1 /NewWorld/FEBE-mysql/BackEnd/index.php/Home/Music/getList?data=2
INFO: [ app_init ] --START--
INFO: Run Behavior\BuildLiteBehavior [ RunTime:0.000019s ]
INFO: [ app_init ] --END-- [ RunTime:0.000890s ]
INFO: [ app_begin ] --START--
INFO: Run Behavior\ReadHtmlCacheBehavior [ RunTime:0.001311s ]
INFO: [ app_begin ] --END-- [ RunTime:0.001388s ]
NOTIC: [8] Undefined variable: GET F:\xampp\htdocs\NewWorld\FEBE-mysql\BackEnd\Application\Home\Controller\MusicController.class.php ç¬¬ 22 è¡Œ.
SQL: SHOW COLUMNS FROM `app_music` [ RunTime:0.0045s ]
SQL: SELECT music.music_id,music.name FROM `app_music` `music`,`app_musicrclass` `mrc`,`app_class` `class` WHERE ( music.music_id=mrc.music_id and mrc.class_id=class.class_id and class.class_id=1 ) ORDER BY listeners LIMIT 10   [ RunTime:0.0059s ]

[ 2016-12-22T17:04:59+08:00 ] ::1 /NewWorld/FEBE-mysql/BackEnd/index.php/Home/Music/getList?data=0
INFO: [ app_init ] --START--
INFO: Run Behavior\BuildLiteBehavior [ RunTime:0.000036s ]
INFO: [ app_init ] --END-- [ RunTime:0.000843s ]
INFO: [ app_begin ] --START--
INFO: Run Behavior\ReadHtmlCacheBehavior [ RunTime:0.001351s ]
INFO: [ app_begin ] --END-- [ RunTime:0.001437s ]
NOTIC: [8] Undefined variable: GET F:\xampp\htdocs\NewWorld\FEBE-mysql\BackEnd\Application\Home\Controller\MusicController.class.php ç¬¬ 22 è¡Œ.
SQL: SHOW COLUMNS FROM `app_music` [ RunTime:0.0052s ]
SQL: SELECT music.music_id,music.name FROM `app_music` `music`,`app_musicrclass` `mrc`,`app_class` `class` WHERE ( music.music_id=mrc.music_id and mrc.class_id=class.class_id and class.class_id=1 ) ORDER BY listeners LIMIT 10   [ RunTime:0.0051s ]

[ 2016-12-22T17:04:59+08:00 ] ::1 /NewWorld/FEBE-mysql/BackEnd/index.php/Home/Music/getList?data=1
INFO: [ app_init ] --START--
INFO: Run Behavior\BuildLiteBehavior [ RunTime:0.000022s ]
INFO: [ app_init ] --END-- [ RunTime:0.000839s ]
INFO: [ app_begin ] --START--
INFO: Run Behavior\ReadHtmlCacheBehavior [ RunTime:0.001388s ]
INFO: [ app_begin ] --END-- [ RunTime:0.001472s ]
NOTIC: [8] Undefined variable: GET F:\xampp\htdocs\NewWorld\FEBE-mysql\BackEnd\Application\Home\Controller\MusicController.class.php ç¬¬ 22 è¡Œ.
SQL: SHOW COLUMNS FROM `app_music` [ RunTime:0.0042s ]
SQL: SELECT music.music_id,music.name FROM `app_music` `music`,`app_musicrclass` `mrc`,`app_class` `class` WHERE ( music.music_id=mrc.music_id and mrc.class_id=class.class_id and class.class_id=1 ) ORDER BY listeners LIMIT 10   [ RunTime:0.0038s ]

[ 2016-12-22T17:04:59+08:00 ] ::1 /NewWorld/FEBE-mysql/BackEnd/index.php/Home/Index/getNews
INFO: [ app_init ] --START--
INFO: Run Behavior\BuildLiteBehavior [ RunTime:0.000018s ]
INFO: [ app_init ] --END-- [ RunTime:0.000798s ]
INFO: [ app_begin ] --START--
INFO: Run Behavior\ReadHtmlCacheBehavior [ RunTime:0.001411s ]
INFO: [ app_begin ] --END-- [ RunTime:0.001506s ]
SQL: SHOW COLUMNS FROM `app_news` [ RunTime:0.0042s ]
SQL: SELECT * FROM `app_news` LIMIT 7   [ RunTime:0.0006s ]

[ 2016-12-22T17:04:59+08:00 ] ::1 /NewWorld/FEBE-mysql/BackEnd/index.php/Home/Music/getList?data=2
INFO: [ app_init ] --START--
INFO: Run Behavior\BuildLiteBehavior [ RunTime:0.000016s ]
INFO: [ app_init ] --END-- [ RunTime:0.000627s ]
INFO: [ app_begin ] --START--
INFO: Run Behavior\ReadHtmlCacheBehavior [ RunTime:0.001576s ]
INFO: [ app_begin ] --END-- [ RunTime:0.001661s ]
NOTIC: [8] Undefined variable: GET F:\xampp\htdocs\NewWorld\FEBE-mysql\BackEnd\Application\Home\Controller\MusicController.class.php ç¬¬ 22 è¡Œ.
SQL: SHOW COLUMNS FROM `app_music` [ RunTime:0.0040s ]
SQL: SELECT music.music_id,music.name FROM `app_music` `music`,`app_musicrclass` `mrc`,`app_class` `class` WHERE ( music.music_id=mrc.music_id and mrc.class_id=class.class_id and class.class_id=1 ) ORDER BY listeners LIMIT 10   [ RunTime:0.0038s ]

[ 2016-12-22T17:05:00+08:00 ] ::1 /NewWorld/FEBE-mysql/BackEnd/index.php/Home/Index/getNews
INFO: [ app_init ] --START--
INFO: Run Behavior\BuildLiteBehavior [ RunTime:0.000016s ]
INFO: [ app_init ] --END-- [ RunTime:0.000698s ]
INFO: [ app_begin ] --START--
INFO: Run Behavior\ReadHtmlCacheBehavior [ RunTime:0.001386s ]
INFO: [ app_begin ] --END-- [ RunTime:0.001473s ]
SQL: SHOW COLUMNS FROM `app_news` [ RunTime:0.0044s ]
SQL: SELECT * FROM `app_news` LIMIT 7   [ RunTime:0.0007s ]

[ 2016-12-22T17:05:00+08:00 ] ::1 /NewWorld/FEBE-mysql/BackEnd/index.php/Home/Music/getList?data=1
INFO: [ app_init ] --START--
INFO: Run Behavior\BuildLiteBehavior [ RunTime:0.000016s ]
INFO: [ app_init ] --END-- [ RunTime:0.000668s ]
INFO: [ app_begin ] --START--
INFO: Run Behavior\ReadHtmlCacheBehavior [ RunTime:0.001214s ]
INFO: [ app_begin ] --END-- [ RunTime:0.001272s ]
NOTIC: [8] Undefined variable: GET F:\xampp\htdocs\NewWorld\FEBE-mysql\BackEnd\Application\Home\Controller\MusicController.class.php ç¬¬ 22 è¡Œ.
SQL: SHOW COLUMNS FROM `app_music` [ RunTime:0.0958s ]
SQL: SELECT music.music_id,music.name FROM `app_music` `music`,`app_musicrclass` `mrc`,`app_class` `class` WHERE ( music.music_id=mrc.music_id and mrc.class_id=class.class_id and class.class_id=1 ) ORDER BY listeners LIMIT 10   [ RunTime:0.0056s ]

[ 2016-12-22T17:05:00+08:00 ] ::1 /NewWorld/FEBE-mysql/BackEnd/index.php/Home/Music/getList?data=2
INFO: [ app_init ] --START--
INFO: Run Behavior\BuildLiteBehavior [ RunTime:0.000016s ]
INFO: [ app_init ] --END-- [ RunTime:0.000630s ]
INFO: [ app_begin ] --START--
INFO: Run Behavior\ReadHtmlCacheBehavior [ RunTime:0.001357s ]
INFO: [ app_begin ] --END-- [ RunTime:0.001434s ]
NOTIC: [8] Undefined variable: GET F:\xampp\htdocs\NewWorld\FEBE-mysql\BackEnd\Application\Home\Controller\MusicController.class.php ç¬¬ 22 è¡Œ.
SQL: SHOW COLUMNS FROM `app_music` [ RunTime:0.0041s ]
SQL: SELECT music.music_id,music.name FROM `app_music` `music`,`app_musicrclass` `mrc`,`app_class` `class` WHERE ( music.music_id=mrc.music_id and mrc.class_id=class.class_id and class.class_id=1 ) ORDER BY listeners LIMIT 10   [ RunTime:0.0032s ]

[ 2016-12-22T17:05:00+08:00 ] ::1 /NewWorld/FEBE-mysql/BackEnd/index.php/Home/Music/getList?data=0
INFO: [ app_init ] --START--
INFO: Run Behavior\BuildLiteBehavior [ RunTime:0.000018s ]
INFO: [ app_init ] --END-- [ RunTime:0.000798s ]
INFO: [ app_begin ] --START--
INFO: Run Behavior\ReadHtmlCacheBehavior [ RunTime:0.002697s ]
INFO: [ app_begin ] --END-- [ RunTime:0.002790s ]
NOTIC: [8] Undefined variable: GET F:\xampp\htdocs\NewWorld\FEBE-mysql\BackEnd\Application\Home\Controller\MusicController.class.php ç¬¬ 22 è¡Œ.
SQL: SHOW COLUMNS FROM `app_music` [ RunTime:0.0037s ]
SQL: SELECT music.music_id,music.name FROM `app_music` `music`,`app_musicrclass` `mrc`,`app_class` `class` WHERE ( music.music_id=mrc.music_id and mrc.class_id=class.class_id and class.class_id=1 ) ORDER BY listeners LIMIT 10   [ RunTime:0.0034s ]

