[ 2017-02-22T14:56:26+08:00 ] ::1 /NewWorld/sql-CloudMusic/FEBE-mysql/BackEnd/index.php/Home/Index/getNews
INFO: [ app_init ] --START--
INFO: Run Behavior\BuildLiteBehavior [ RunTime:0.000015s ]
INFO: [ app_init ] --END-- [ RunTime:0.156532s ]
INFO: [ app_begin ] --START--
INFO: Run Behavior\ReadHtmlCacheBehavior [ RunTime:0.074984s ]
INFO: [ app_begin ] --END-- [ RunTime:0.075074s ]
SQL: SHOW COLUMNS FROM `app_news` [ RunTime:0.5740s ]
SQL: SELECT * FROM `app_news` LIMIT 7   [ RunTime:0.0524s ]

[ 2017-02-22T14:56:26+08:00 ] ::1 /NewWorld/sql-CloudMusic/FEBE-mysql/BackEnd/index.php/Home/Music/getList?data=2
INFO: [ app_init ] --START--
INFO: Run Behavior\BuildLiteBehavior [ RunTime:0.000020s ]
INFO: [ app_init ] --END-- [ RunTime:0.156538s ]
INFO: [ app_begin ] --START--
INFO: Run Behavior\ReadHtmlCacheBehavior [ RunTime:0.074681s ]
INFO: [ app_begin ] --END-- [ RunTime:0.074769s ]
NOTIC: [8] Undefined variable: GET F:\xamp\htdocs\NewWorld\sql-CloudMusic\FEBE-mysql\BackEnd\Application\Home\Controller\MusicController.class.php 第 22 行.
SQL: SHOW COLUMNS FROM `app_music` [ RunTime:0.5745s ]
SQL: SELECT music.music_id,music.name FROM `app_music` `music`,`app_musicrclass` `mrc`,`app_class` `class` WHERE ( music.music_id=mrc.music_id and mrc.class_id=class.class_id and class.class_id=1 ) ORDER BY listeners LIMIT 10   [ RunTime:0.3991s ]

[ 2017-02-22T14:56:26+08:00 ] ::1 /NewWorld/sql-CloudMusic/FEBE-mysql/BackEnd/index.php/Home/Music/getList?data=0
INFO: [ app_init ] --START--
INFO: Run Behavior\BuildLiteBehavior [ RunTime:0.000021s ]
INFO: [ app_init ] --END-- [ RunTime:0.156505s ]
INFO: [ app_begin ] --START--
INFO: Run Behavior\ReadHtmlCacheBehavior [ RunTime:0.074679s ]
INFO: [ app_begin ] --END-- [ RunTime:0.074771s ]
NOTIC: [8] Undefined variable: GET F:\xamp\htdocs\NewWorld\sql-CloudMusic\FEBE-mysql\BackEnd\Application\Home\Controller\MusicController.class.php 第 22 行.
SQL: SHOW COLUMNS FROM `app_music` [ RunTime:0.5749s ]
SQL: SELECT music.music_id,music.name FROM `app_music` `music`,`app_musicrclass` `mrc`,`app_class` `class` WHERE ( music.music_id=mrc.music_id and mrc.class_id=class.class_id and class.class_id=1 ) ORDER BY listeners LIMIT 10   [ RunTime:0.3989s ]

[ 2017-02-22T14:59:02+08:00 ] ::1 /NewWorld/sql-CloudMusic/FEBE-mysql/BackEnd/index.php/Home/Music/getList?data=0
INFO: [ app_init ] --START--
INFO: Run Behavior\BuildLiteBehavior [ RunTime:0.000021s ]
INFO: [ app_init ] --END-- [ RunTime:0.000735s ]
INFO: [ app_begin ] --START--
INFO: Run Behavior\ReadHtmlCacheBehavior [ RunTime:0.000980s ]
INFO: [ app_begin ] --END-- [ RunTime:0.001070s ]
NOTIC: [8] Undefined variable: GET F:\xamp\htdocs\NewWorld\sql-CloudMusic\FEBE-mysql\BackEnd\Application\Home\Controller\MusicController.class.php 第 22 行.
SQL: SHOW COLUMNS FROM `app_music` [ RunTime:0.0047s ]
SQL: SELECT music.music_id,music.name FROM `app_music` `music`,`app_musicrclass` `mrc`,`app_class` `class` WHERE ( music.music_id=mrc.music_id and mrc.class_id=class.class_id and class.class_id=1 ) ORDER BY listeners LIMIT 10   [ RunTime:0.0049s ]

[ 2017-02-22T14:59:02+08:00 ] ::1 /NewWorld/sql-CloudMusic/FEBE-mysql/BackEnd/index.php/Home/Music/getList?data=1
INFO: [ app_init ] --START--
INFO: Run Behavior\BuildLiteBehavior [ RunTime:0.000020s ]
INFO: [ app_init ] --END-- [ RunTime:0.000800s ]
INFO: [ app_begin ] --START--
INFO: Run Behavior\ReadHtmlCacheBehavior [ RunTime:0.001177s ]
INFO: [ app_begin ] --END-- [ RunTime:0.001242s ]
NOTIC: [8] Undefined variable: GET F:\xamp\htdocs\NewWorld\sql-CloudMusic\FEBE-mysql\BackEnd\Application\Home\Controller\MusicController.class.php 第 22 行.
SQL: SHOW COLUMNS FROM `app_music` [ RunTime:0.0213s ]
SQL: SELECT music.music_id,music.name FROM `app_music` `music`,`app_musicrclass` `mrc`,`app_class` `class` WHERE ( music.music_id=mrc.music_id and mrc.class_id=class.class_id and class.class_id=1 ) ORDER BY listeners LIMIT 10   [ RunTime:0.0036s ]

[ 2017-02-22T14:59:02+08:00 ] ::1 /NewWorld/sql-CloudMusic/FEBE-mysql/BackEnd/index.php/Home/Music/getList?data=2
INFO: [ app_init ] --START--
INFO: Run Behavior\BuildLiteBehavior [ RunTime:0.000016s ]
INFO: [ app_init ] --END-- [ RunTime:0.000697s ]
INFO: [ app_begin ] --START--
INFO: Run Behavior\ReadHtmlCacheBehavior [ RunTime:0.001366s ]
INFO: [ app_begin ] --END-- [ RunTime:0.001451s ]
NOTIC: [8] Undefined variable: GET F:\xamp\htdocs\NewWorld\sql-CloudMusic\FEBE-mysql\BackEnd\Application\Home\Controller\MusicController.class.php 第 22 行.
SQL: SHOW COLUMNS FROM `app_music` [ RunTime:0.0064s ]
SQL: SELECT music.music_id,music.name FROM `app_music` `music`,`app_musicrclass` `mrc`,`app_class` `class` WHERE ( music.music_id=mrc.music_id and mrc.class_id=class.class_id and class.class_id=1 ) ORDER BY listeners LIMIT 10   [ RunTime:0.0040s ]

[ 2017-02-22T14:59:02+08:00 ] ::1 /NewWorld/sql-CloudMusic/FEBE-mysql/BackEnd/index.php/Home/Index/getNews
INFO: [ app_init ] --START--
INFO: Run Behavior\BuildLiteBehavior [ RunTime:0.000018s ]
INFO: [ app_init ] --END-- [ RunTime:0.000672s ]
INFO: [ app_begin ] --START--
INFO: Run Behavior\ReadHtmlCacheBehavior [ RunTime:0.001090s ]
INFO: [ app_begin ] --END-- [ RunTime:0.001164s ]
SQL: SHOW COLUMNS FROM `app_news` [ RunTime:0.0219s ]
SQL: SELECT * FROM `app_news` LIMIT 7   [ RunTime:0.0005s ]

[ 2017-02-22T15:16:58+08:00 ] ::1 /NewWorld/sql-CloudMusic/FEBE-mysql/BackEnd/index.php/Home/Index/getNews
INFO: [ app_init ] --START--
INFO: Run Behavior\BuildLiteBehavior [ RunTime:0.000018s ]
INFO: [ app_init ] --END-- [ RunTime:0.000703s ]
INFO: [ app_begin ] --START--
INFO: Run Behavior\ReadHtmlCacheBehavior [ RunTime:0.001685s ]
INFO: [ app_begin ] --END-- [ RunTime:0.001752s ]
SQL: SHOW COLUMNS FROM `app_news` [ RunTime:0.0055s ]
SQL: SELECT * FROM `app_news` LIMIT 7   [ RunTime:0.0006s ]

[ 2017-02-22T15:16:58+08:00 ] ::1 /NewWorld/sql-CloudMusic/FEBE-mysql/BackEnd/index.php/Home/Music/getList?data=0
INFO: [ app_init ] --START--
INFO: Run Behavior\BuildLiteBehavior [ RunTime:0.000019s ]
INFO: [ app_init ] --END-- [ RunTime:0.000840s ]
INFO: [ app_begin ] --START--
INFO: Run Behavior\ReadHtmlCacheBehavior [ RunTime:0.001906s ]
INFO: [ app_begin ] --END-- [ RunTime:0.001970s ]
NOTIC: [8] Undefined variable: GET F:\xamp\htdocs\NewWorld\sql-CloudMusic\FEBE-mysql\BackEnd\Application\Home\Controller\MusicController.class.php 第 22 行.
SQL: SHOW COLUMNS FROM `app_music` [ RunTime:0.0040s ]
SQL: SELECT music.music_id,music.name FROM `app_music` `music`,`app_musicrclass` `mrc`,`app_class` `class` WHERE ( music.music_id=mrc.music_id and mrc.class_id=class.class_id and class.class_id=1 ) ORDER BY listeners LIMIT 10   [ RunTime:0.0059s ]

[ 2017-02-22T15:16:58+08:00 ] ::1 /NewWorld/sql-CloudMusic/FEBE-mysql/BackEnd/index.php/Home/Music/getList?data=1
INFO: [ app_init ] --START--
INFO: Run Behavior\BuildLiteBehavior [ RunTime:0.000018s ]
INFO: [ app_init ] --END-- [ RunTime:0.000883s ]
INFO: [ app_begin ] --START--
INFO: Run Behavior\ReadHtmlCacheBehavior [ RunTime:0.001141s ]
INFO: [ app_begin ] --END-- [ RunTime:0.001247s ]
NOTIC: [8] Undefined variable: GET F:\xamp\htdocs\NewWorld\sql-CloudMusic\FEBE-mysql\BackEnd\Application\Home\Controller\MusicController.class.php 第 22 行.
SQL: SHOW COLUMNS FROM `app_music` [ RunTime:0.0050s ]
SQL: SELECT music.music_id,music.name FROM `app_music` `music`,`app_musicrclass` `mrc`,`app_class` `class` WHERE ( music.music_id=mrc.music_id and mrc.class_id=class.class_id and class.class_id=1 ) ORDER BY listeners LIMIT 10   [ RunTime:0.0045s ]

[ 2017-02-22T15:16:58+08:00 ] ::1 /NewWorld/sql-CloudMusic/FEBE-mysql/BackEnd/index.php/Home/Music/getList?data=2
INFO: [ app_init ] --START--
INFO: Run Behavior\BuildLiteBehavior [ RunTime:0.000017s ]
INFO: [ app_init ] --END-- [ RunTime:0.001235s ]
INFO: [ app_begin ] --START--
INFO: Run Behavior\ReadHtmlCacheBehavior [ RunTime:0.000907s ]
INFO: [ app_begin ] --END-- [ RunTime:0.000968s ]
NOTIC: [8] Undefined variable: GET F:\xamp\htdocs\NewWorld\sql-CloudMusic\FEBE-mysql\BackEnd\Application\Home\Controller\MusicController.class.php 第 22 行.
SQL: SHOW COLUMNS FROM `app_music` [ RunTime:0.0038s ]
SQL: SELECT music.music_id,music.name FROM `app_music` `music`,`app_musicrclass` `mrc`,`app_class` `class` WHERE ( music.music_id=mrc.music_id and mrc.class_id=class.class_id and class.class_id=1 ) ORDER BY listeners LIMIT 10   [ RunTime:0.0057s ]

