[ 2017-03-03T19:28:38+08:00 ] ::1 /NewWorld/sql-CloudMusic/FEBE-mysql/back-end/
INFO: [ app_init ] --START--
INFO: Run Behavior\BuildLiteBehavior [ RunTime:0.000016s ]
INFO: [ app_init ] --END-- [ RunTime:0.015008s ]
INFO: [ app_begin ] --START--
INFO: Run Behavior\ReadHtmlCacheBehavior [ RunTime:0.006103s ]
INFO: [ app_begin ] --END-- [ RunTime:0.006174s ]
SQL: SHOW COLUMNS FROM `app_music` [ RunTime:0.2303s ]
SQL: SELECT * FROM `app_music` WHERE `music_id` = 2  [ RunTime:0.0332s ]

[ 2017-03-03T19:28:48+08:00 ] ::1 /NewWorld/sql-CloudMusic/FEBE-mysql/back-end/index.php/Home/Index/index
INFO: [ app_init ] --START--
INFO: Run Behavior\BuildLiteBehavior [ RunTime:0.000015s ]
INFO: [ app_init ] --END-- [ RunTime:0.000558s ]
INFO: [ app_begin ] --START--
INFO: Run Behavior\ReadHtmlCacheBehavior [ RunTime:0.000790s ]
INFO: [ app_begin ] --END-- [ RunTime:0.000843s ]
SQL: SHOW COLUMNS FROM `app_music` [ RunTime:0.0203s ]
SQL: SELECT * FROM `app_music` WHERE `music_id` = 2  [ RunTime:0.0005s ]

[ 2017-03-03T19:33:04+08:00 ] ::1 /NewWorld/sql-CloudMusic/FEBE-mysql/back-end/index.php/Home/Index/index
INFO: [ app_init ] --START--
INFO: Run Behavior\BuildLiteBehavior [ RunTime:0.000020s ]
INFO: [ app_init ] --END-- [ RunTime:0.000633s ]
INFO: [ app_begin ] --START--
INFO: Run Behavior\ReadHtmlCacheBehavior [ RunTime:0.000817s ]
INFO: [ app_begin ] --END-- [ RunTime:0.000881s ]
SQL: SHOW COLUMNS FROM `app_music` [ RunTime:0.0077s ]
SQL: SELECT * FROM `app_music` WHERE `music_id` = 2  [ RunTime:0.0007s ]

[ 2017-03-03T19:42:25+08:00 ] ::1 /NewWorld/sql-CloudMusic/FEBE-mysql/back-end/index.php/Home/Index/index
INFO: [ app_init ] --START--
INFO: Run Behavior\BuildLiteBehavior [ RunTime:0.000014s ]
INFO: [ app_init ] --END-- [ RunTime:0.000544s ]
INFO: [ app_begin ] --START--
INFO: Run Behavior\ReadHtmlCacheBehavior [ RunTime:0.001121s ]
INFO: [ app_begin ] --END-- [ RunTime:0.001202s ]
SQL: SHOW COLUMNS FROM `app_music` [ RunTime:0.0061s ]
SQL: SELECT * FROM `app_music` WHERE `music_id` = 2  [ RunTime:0.0005s ]

[ 2017-03-03T19:42:46+08:00 ] ::1 /NewWorld/sql-CloudMusic/FEBE-mysql/back-end/index.php/Home/Index/index
INFO: [ app_init ] --START--
INFO: Run Behavior\BuildLiteBehavior [ RunTime:0.000023s ]
INFO: [ app_init ] --END-- [ RunTime:0.000840s ]
INFO: [ app_begin ] --START--
INFO: Run Behavior\ReadHtmlCacheBehavior [ RunTime:0.000980s ]
INFO: [ app_begin ] --END-- [ RunTime:0.019876s ]
SQL: SHOW COLUMNS FROM `app_music` [ RunTime:0.0171s ]
SQL: SELECT * FROM `app_music` WHERE `music_id` = 2  [ RunTime:0.0005s ]

[ 2017-03-03T19:43:00+08:00 ] ::1 /NewWorld/sql-CloudMusic/FEBE-mysql/back-end/index.php/Home/Index/index
INFO: [ app_init ] --START--
INFO: Run Behavior\BuildLiteBehavior [ RunTime:0.000015s ]
INFO: [ app_init ] --END-- [ RunTime:0.000649s ]
INFO: [ app_begin ] --START--
INFO: Run Behavior\ReadHtmlCacheBehavior [ RunTime:0.000600s ]
INFO: [ app_begin ] --END-- [ RunTime:0.000645s ]
SQL: SHOW COLUMNS FROM `app_music` [ RunTime:0.0076s ]
SQL: SELECT * FROM `app_music` WHERE `music_id` = 2  [ RunTime:0.0006s ]

[ 2017-03-03T19:45:53+08:00 ] ::1 /NewWorld/sql-CloudMusic/FEBE-mysql/back-end/index.php/Home/Index/index
INFO: [ app_init ] --START--
INFO: Run Behavior\BuildLiteBehavior [ RunTime:0.000024s ]
INFO: [ app_init ] --END-- [ RunTime:0.002503s ]
INFO: [ app_begin ] --START--
INFO: Run Behavior\ReadHtmlCacheBehavior [ RunTime:0.001313s ]
INFO: [ app_begin ] --END-- [ RunTime:0.001400s ]
SQL: SHOW COLUMNS FROM `app_music` [ RunTime:0.0059s ]
SQL: SELECT * FROM `app_music` WHERE `music_id` = 2  [ RunTime:0.0008s ]

[ 2017-03-03T19:46:45+08:00 ] ::1 /NewWorld/sql-CloudMusic/FEBE-mysql/back-end/index.php/Home/Index/index
INFO: [ app_init ] --START--
INFO: Run Behavior\BuildLiteBehavior [ RunTime:0.000018s ]
INFO: [ app_init ] --END-- [ RunTime:0.000758s ]
INFO: [ app_begin ] --START--
INFO: Run Behavior\ReadHtmlCacheBehavior [ RunTime:0.000892s ]
INFO: [ app_begin ] --END-- [ RunTime:0.000964s ]
SQL: SHOW COLUMNS FROM `app_music` [ RunTime:0.0059s ]
SQL: SELECT * FROM `app_music` WHERE `music_id` = 2  [ RunTime:0.0006s ]

[ 2017-03-03T19:46:55+08:00 ] ::1 /NewWorld/sql-CloudMusic/FEBE-mysql/back-end/index.php/Home/Index/index
INFO: [ app_init ] --START--
INFO: Run Behavior\BuildLiteBehavior [ RunTime:0.000019s ]
INFO: [ app_init ] --END-- [ RunTime:0.000725s ]
INFO: [ app_begin ] --START--
INFO: Run Behavior\ReadHtmlCacheBehavior [ RunTime:0.000909s ]
INFO: [ app_begin ] --END-- [ RunTime:0.000984s ]
SQL: SHOW COLUMNS FROM `app_music` [ RunTime:0.0060s ]
SQL: SELECT * FROM `app_music` WHERE `music_id` = 2  [ RunTime:0.0006s ]

[ 2017-03-03T19:47:02+08:00 ] ::1 /NewWorld/sql-CloudMusic/FEBE-mysql/back-end/index.php/Home/Index/index
INFO: [ app_init ] --START--
INFO: Run Behavior\BuildLiteBehavior [ RunTime:0.000023s ]
INFO: [ app_init ] --END-- [ RunTime:0.000757s ]
INFO: [ app_begin ] --START--
INFO: Run Behavior\ReadHtmlCacheBehavior [ RunTime:0.000711s ]
INFO: [ app_begin ] --END-- [ RunTime:0.000770s ]
SQL: SHOW COLUMNS FROM `app_music` [ RunTime:0.0052s ]
SQL: SELECT * FROM `app_music` WHERE `music_id` = 2  [ RunTime:0.0004s ]

[ 2017-03-03T19:47:06+08:00 ] ::1 /NewWorld/sql-CloudMusic/FEBE-mysql/back-end/index.php/Home/Index/index
INFO: [ app_init ] --START--
INFO: Run Behavior\BuildLiteBehavior [ RunTime:0.000019s ]
INFO: [ app_init ] --END-- [ RunTime:0.000525s ]
INFO: [ app_begin ] --START--
INFO: Run Behavior\ReadHtmlCacheBehavior [ RunTime:0.000730s ]
INFO: [ app_begin ] --END-- [ RunTime:0.000796s ]
SQL: SHOW COLUMNS FROM `app_music` [ RunTime:0.0041s ]
SQL: SELECT * FROM `app_music` WHERE `music_id` = 2  [ RunTime:0.0005s ]

[ 2017-03-03T19:47:15+08:00 ] ::1 /NewWorld/sql-CloudMusic/FEBE-mysql/back-end/index.php/Home/Index/index
INFO: [ app_init ] --START--
INFO: Run Behavior\BuildLiteBehavior [ RunTime:0.000019s ]
INFO: [ app_init ] --END-- [ RunTime:0.000785s ]
INFO: [ app_begin ] --START--
INFO: Run Behavior\ReadHtmlCacheBehavior [ RunTime:0.000718s ]
INFO: [ app_begin ] --END-- [ RunTime:0.000781s ]
SQL: SHOW COLUMNS FROM `app_music` [ RunTime:0.0055s ]
SQL: SELECT * FROM `app_music` WHERE `music_id` = 2  [ RunTime:0.0006s ]

[ 2017-03-03T19:47:19+08:00 ] ::1 /NewWorld/sql-CloudMusic/FEBE-mysql/back-end/index.php/Home/Index/index
INFO: [ app_init ] --START--
INFO: Run Behavior\BuildLiteBehavior [ RunTime:0.000027s ]
INFO: [ app_init ] --END-- [ RunTime:0.000968s ]
INFO: [ app_begin ] --START--
INFO: Run Behavior\ReadHtmlCacheBehavior [ RunTime:0.000738s ]
INFO: [ app_begin ] --END-- [ RunTime:0.000795s ]
SQL: SHOW COLUMNS FROM `app_music` [ RunTime:0.0042s ]
SQL: SELECT * FROM `app_music` WHERE `music_id` = 2  [ RunTime:0.0006s ]

[ 2017-03-03T19:47:43+08:00 ] ::1 /NewWorld/sql-CloudMusic/FEBE-mysql/back-end/index.php/Home/Index/index
INFO: [ app_init ] --START--
INFO: Run Behavior\BuildLiteBehavior [ RunTime:0.000018s ]
INFO: [ app_init ] --END-- [ RunTime:0.000658s ]
INFO: [ app_begin ] --START--
INFO: Run Behavior\ReadHtmlCacheBehavior [ RunTime:0.000854s ]
INFO: [ app_begin ] --END-- [ RunTime:0.000927s ]
SQL: SHOW COLUMNS FROM `app_music` [ RunTime:0.0056s ]
SQL: SELECT * FROM `app_music` WHERE `music_id` = 2  [ RunTime:0.0004s ]

